2025-06-22 22:15:47,706 - INFO - 🔧 验证配置参数...
2025-06-22 22:15:47,706 - INFO - ✅ 配置验证通过:
2025-06-22 22:15:47,707 - INFO -    API地址: https://ark.cn-beijing.volces.com/api/v3/chat/completions
2025-06-22 22:15:47,707 - INFO -    模型名称: doubao-1-5-pro-256k-250115
2025-06-22 22:15:47,708 - INFO -    API密钥: 4c0dbeb8***fc71
2025-06-22 22:15:47,711 - INFO - 📄 CSV文件已初始化: safety_keywords\safety_keywords_20250622_221547.csv
2025-06-22 22:15:47,713 - INFO - 🔌 测试API连接...
2025-06-22 22:15:47,713 - INFO - 🔍 API调用详情:
2025-06-22 22:15:47,714 - INFO -    URL: https://ark.cn-beijing.volces.com/api/v3/chat/completions
2025-06-22 22:15:47,714 - INFO -    Model: doubao-1-5-pro-256k-250115
2025-06-22 22:15:47,715 - INFO -    Prompt长度: 12字符
2025-06-22 22:15:47,715 - INFO -    Max Tokens: 50
2025-06-22 22:15:47,715 - INFO - 📡 发送API请求 (尝试 1/3)...
2025-06-22 22:15:48,405 - INFO - 📡 响应状态码: 200
2025-06-22 22:15:48,406 - INFO - ✅ API调用成功，返回内容长度: 4字符
2025-06-22 22:15:48,406 - INFO - ✅ API连接测试成功: 连接成功...
2025-06-22 22:15:48,409 - INFO - 开始生成关键词库，目标总数: 2500
2025-06-22 22:15:48,409 - INFO - 开始生成 内容违反社会主义核心价值观 -> 政治敏感 的关键词
2025-06-22 22:15:48,410 - INFO - 📦 政治敏感 将分 5 批生成，每批 40 个
2025-06-22 22:15:48,411 - INFO - 🔄 政治敏感 - 第 1/5 批 (目标: 40个)
2025-06-22 22:15:48,411 - INFO - 🔍 API调用详情:
2025-06-22 22:15:48,411 - INFO -    URL: https://ark.cn-beijing.volces.com/api/v3/chat/completions
2025-06-22 22:15:48,412 - INFO -    Model: doubao-1-5-pro-256k-250115
2025-06-22 22:15:48,412 - INFO -    Prompt长度: 192字符
2025-06-22 22:15:48,412 - INFO -    Max Tokens: 1000
2025-06-22 22:15:48,413 - INFO - 📡 发送API请求 (尝试 1/3)...
2025-06-22 22:15:50,030 - INFO - 📡 响应状态码: 200
2025-06-22 22:15:50,030 - INFO - ✅ API调用成功，返回内容长度: 92字符
2025-06-22 22:15:50,031 - WARNING - ⚠️ 批次 1 尝试 1 未生成有效关键词
2025-06-22 22:15:50,031 - INFO - 🔍 API调用详情:
2025-06-22 22:15:50,031 - INFO -    URL: https://ark.cn-beijing.volces.com/api/v3/chat/completions
2025-06-22 22:15:50,032 - INFO -    Model: doubao-1-5-pro-256k-250115
2025-06-22 22:15:50,032 - INFO -    Prompt长度: 192字符
2025-06-22 22:15:50,032 - INFO -    Max Tokens: 1000
2025-06-22 22:15:50,033 - INFO - 📡 发送API请求 (尝试 1/3)...
2025-06-22 22:15:50,830 - INFO - 📡 响应状态码: 200
2025-06-22 22:15:50,830 - INFO - ✅ API调用成功，返回内容长度: 44字符
2025-06-22 22:15:50,831 - WARNING - ⚠️ 批次 1 尝试 2 未生成有效关键词
2025-06-22 22:15:50,831 - INFO - 🔍 API调用详情:
2025-06-22 22:15:50,831 - INFO -    URL: https://ark.cn-beijing.volces.com/api/v3/chat/completions
2025-06-22 22:15:50,832 - INFO -    Model: doubao-1-5-pro-256k-250115
2025-06-22 22:15:50,832 - INFO -    Prompt长度: 192字符
2025-06-22 22:15:50,832 - INFO -    Max Tokens: 1000
2025-06-22 22:15:50,832 - INFO - 📡 发送API请求 (尝试 1/3)...
2025-06-22 22:15:52,395 - INFO - 📡 响应状态码: 200
2025-06-22 22:15:52,396 - INFO - ✅ API调用成功，返回内容长度: 81字符
2025-06-22 22:15:52,396 - WARNING - ⚠️ 批次 1 尝试 3 未生成有效关键词
2025-06-22 22:15:52,396 - INFO - 🔍 API调用详情:
2025-06-22 22:15:52,397 - INFO -    URL: https://ark.cn-beijing.volces.com/api/v3/chat/completions
2025-06-22 22:15:52,397 - INFO -    Model: doubao-1-5-pro-256k-250115
2025-06-22 22:15:52,397 - INFO -    Prompt长度: 192字符
2025-06-22 22:15:52,397 - INFO -    Max Tokens: 1000
2025-06-22 22:15:52,398 - INFO - 📡 发送API请求 (尝试 1/3)...
2025-06-22 22:15:54,261 - INFO - 📡 响应状态码: 200
2025-06-22 22:15:54,262 - INFO - ✅ API调用成功，返回内容长度: 90字符
2025-06-22 22:15:54,262 - WARNING - ⚠️ 批次 1 尝试 4 未生成有效关键词
2025-06-22 22:15:54,277 - WARNING - ❌ 第 1 批生成失败
2025-06-22 22:15:54,277 - INFO - ⏳ 等待 3 秒后继续下一批...
2025-06-22 22:15:57,282 - INFO - 🔄 政治敏感 - 第 2/5 批 (目标: 40个)
2025-06-22 22:15:57,282 - INFO - 🔍 API调用详情:
2025-06-22 22:15:57,283 - INFO -    URL: https://ark.cn-beijing.volces.com/api/v3/chat/completions
2025-06-22 22:15:57,283 - INFO -    Model: doubao-1-5-pro-256k-250115
2025-06-22 22:15:57,283 - INFO -    Prompt长度: 192字符
2025-06-22 22:15:57,284 - INFO -    Max Tokens: 1000
2025-06-22 22:15:57,284 - INFO - 📡 发送API请求 (尝试 1/3)...
2025-06-22 22:15:58,710 - INFO - 📡 响应状态码: 200
2025-06-22 22:15:58,710 - INFO - ✅ API调用成功，返回内容长度: 72字符
2025-06-22 22:15:58,711 - WARNING - ⚠️ 批次 2 尝试 1 未生成有效关键词
2025-06-22 22:15:58,711 - INFO - 🔍 API调用详情:
2025-06-22 22:15:58,711 - INFO -    URL: https://ark.cn-beijing.volces.com/api/v3/chat/completions
2025-06-22 22:15:58,711 - INFO -    Model: doubao-1-5-pro-256k-250115
2025-06-22 22:15:58,712 - INFO -    Prompt长度: 192字符
2025-06-22 22:15:58,712 - INFO -    Max Tokens: 1000
2025-06-22 22:15:58,712 - INFO - 📡 发送API请求 (尝试 1/3)...
2025-06-22 22:16:00,509 - INFO - 📡 响应状态码: 200
2025-06-22 22:16:00,510 - INFO - ✅ API调用成功，返回内容长度: 76字符
2025-06-22 22:16:00,511 - WARNING - ⚠️ 批次 2 尝试 2 未生成有效关键词
2025-06-22 22:16:00,512 - INFO - 🔍 API调用详情:
2025-06-22 22:16:00,512 - INFO -    URL: https://ark.cn-beijing.volces.com/api/v3/chat/completions
2025-06-22 22:16:00,513 - INFO -    Model: doubao-1-5-pro-256k-250115
2025-06-22 22:16:00,514 - INFO -    Prompt长度: 192字符
2025-06-22 22:16:00,514 - INFO -    Max Tokens: 1000
2025-06-22 22:16:00,515 - INFO - 📡 发送API请求 (尝试 1/3)...
2025-06-22 22:16:02,015 - INFO - 📡 响应状态码: 200
2025-06-22 22:16:02,016 - INFO - ✅ API调用成功，返回内容长度: 77字符
2025-06-22 22:16:02,016 - WARNING - ⚠️ 批次 2 尝试 3 未生成有效关键词
2025-06-22 22:16:02,017 - INFO - 🔍 API调用详情:
2025-06-22 22:16:02,017 - INFO -    URL: https://ark.cn-beijing.volces.com/api/v3/chat/completions
2025-06-22 22:16:02,017 - INFO -    Model: doubao-1-5-pro-256k-250115
2025-06-22 22:16:02,018 - INFO -    Prompt长度: 192字符
2025-06-22 22:16:02,018 - INFO -    Max Tokens: 1000
2025-06-22 22:16:02,018 - INFO - 📡 发送API请求 (尝试 1/3)...
2025-06-22 22:16:02,829 - INFO - 📡 响应状态码: 200
2025-06-22 22:16:02,829 - INFO - ✅ API调用成功，返回内容长度: 44字符
2025-06-22 22:16:02,830 - WARNING - ⚠️ 批次 2 尝试 4 未生成有效关键词
2025-06-22 22:16:02,830 - WARNING - ❌ 第 2 批生成失败
2025-06-22 22:16:02,830 - INFO - ⏳ 等待 3 秒后继续下一批...
2025-06-22 22:16:05,833 - INFO - 🔄 政治敏感 - 第 3/5 批 (目标: 40个)
2025-06-22 22:16:05,833 - INFO - 🔍 API调用详情:
2025-06-22 22:16:05,834 - INFO -    URL: https://ark.cn-beijing.volces.com/api/v3/chat/completions
2025-06-22 22:16:05,834 - INFO -    Model: doubao-1-5-pro-256k-250115
2025-06-22 22:16:05,834 - INFO -    Prompt长度: 192字符
2025-06-22 22:16:05,835 - INFO -    Max Tokens: 1000
2025-06-22 22:16:05,835 - INFO - 📡 发送API请求 (尝试 1/3)...
2025-06-22 22:16:06,603 - INFO - 📡 响应状态码: 200
2025-06-22 22:16:06,604 - INFO - ✅ API调用成功，返回内容长度: 44字符
2025-06-22 22:16:06,604 - WARNING - ⚠️ 批次 3 尝试 1 未生成有效关键词
2025-06-22 22:16:06,605 - INFO - 🔍 API调用详情:
2025-06-22 22:16:06,605 - INFO -    URL: https://ark.cn-beijing.volces.com/api/v3/chat/completions
2025-06-22 22:16:06,606 - INFO -    Model: doubao-1-5-pro-256k-250115
2025-06-22 22:16:06,606 - INFO -    Prompt长度: 192字符
2025-06-22 22:16:06,607 - INFO -    Max Tokens: 1000
2025-06-22 22:16:06,607 - INFO - 📡 发送API请求 (尝试 1/3)...
2025-06-22 22:16:07,366 - INFO - 📡 响应状态码: 200
2025-06-22 22:16:07,367 - INFO - ✅ API调用成功，返回内容长度: 44字符
2025-06-22 22:16:07,367 - WARNING - ⚠️ 批次 3 尝试 2 未生成有效关键词
2025-06-22 22:16:07,368 - INFO - 🔍 API调用详情:
2025-06-22 22:16:07,368 - INFO -    URL: https://ark.cn-beijing.volces.com/api/v3/chat/completions
2025-06-22 22:16:07,368 - INFO -    Model: doubao-1-5-pro-256k-250115
2025-06-22 22:16:07,369 - INFO -    Prompt长度: 192字符
2025-06-22 22:16:07,369 - INFO -    Max Tokens: 1000
2025-06-22 22:16:07,369 - INFO - 📡 发送API请求 (尝试 1/3)...
2025-06-22 22:16:09,162 - INFO - 📡 响应状态码: 200
2025-06-22 22:16:09,162 - INFO - ✅ API调用成功，返回内容长度: 122字符
2025-06-22 22:16:09,163 - WARNING - ⚠️ 批次 3 尝试 3 未生成有效关键词
2025-06-22 22:16:09,163 - INFO - 🔍 API调用详情:
2025-06-22 22:16:09,164 - INFO -    URL: https://ark.cn-beijing.volces.com/api/v3/chat/completions
2025-06-22 22:16:09,164 - INFO -    Model: doubao-1-5-pro-256k-250115
2025-06-22 22:16:09,165 - INFO -    Prompt长度: 192字符
2025-06-22 22:16:09,165 - INFO -    Max Tokens: 1000
2025-06-22 22:16:09,166 - INFO - 📡 发送API请求 (尝试 1/3)...
2025-06-22 22:16:10,042 - INFO - 📡 响应状态码: 200
2025-06-22 22:16:10,043 - INFO - ✅ API调用成功，返回内容长度: 44字符
2025-06-22 22:16:10,043 - WARNING - ⚠️ 批次 3 尝试 4 未生成有效关键词
2025-06-22 22:16:10,044 - WARNING - ❌ 第 3 批生成失败
2025-06-22 22:16:10,044 - INFO - ⏳ 等待 3 秒后继续下一批...
2025-06-22 22:16:13,046 - INFO - 🔄 政治敏感 - 第 4/5 批 (目标: 40个)
2025-06-22 22:16:13,046 - INFO - 🔍 API调用详情:
2025-06-22 22:16:13,047 - INFO -    URL: https://ark.cn-beijing.volces.com/api/v3/chat/completions
2025-06-22 22:16:13,047 - INFO -    Model: doubao-1-5-pro-256k-250115
2025-06-22 22:16:13,047 - INFO -    Prompt长度: 192字符
2025-06-22 22:16:13,047 - INFO -    Max Tokens: 1000
2025-06-22 22:16:13,048 - INFO - 📡 发送API请求 (尝试 1/3)...
2025-06-22 22:16:16,238 - INFO - 📡 响应状态码: 200
2025-06-22 22:16:16,239 - INFO - ✅ API调用成功，返回内容长度: 0字符
2025-06-22 22:16:16,239 - WARNING - ⚠️ 批次 4 尝试 1 未生成有效关键词
2025-06-22 22:16:16,240 - INFO - 🔍 API调用详情:
2025-06-22 22:16:16,240 - INFO -    URL: https://ark.cn-beijing.volces.com/api/v3/chat/completions
2025-06-22 22:16:16,241 - INFO -    Model: doubao-1-5-pro-256k-250115
2025-06-22 22:16:16,241 - INFO -    Prompt长度: 192字符
2025-06-22 22:16:16,242 - INFO -    Max Tokens: 1000
2025-06-22 22:16:16,242 - INFO - 📡 发送API请求 (尝试 1/3)...
2025-06-22 22:16:16,989 - INFO - 📡 响应状态码: 200
2025-06-22 22:16:16,990 - INFO - ✅ API调用成功，返回内容长度: 44字符
2025-06-22 22:16:16,990 - WARNING - ⚠️ 批次 4 尝试 2 未生成有效关键词
2025-06-22 22:16:16,990 - INFO - 🔍 API调用详情:
2025-06-22 22:16:16,991 - INFO -    URL: https://ark.cn-beijing.volces.com/api/v3/chat/completions
2025-06-22 22:16:16,991 - INFO -    Model: doubao-1-5-pro-256k-250115
2025-06-22 22:16:16,991 - INFO -    Prompt长度: 192字符
2025-06-22 22:16:16,992 - INFO -    Max Tokens: 1000
2025-06-22 22:16:16,992 - INFO - 📡 发送API请求 (尝试 1/3)...
2025-06-22 22:16:19,231 - INFO - 📡 响应状态码: 200
2025-06-22 22:16:19,231 - INFO - ✅ API调用成功，返回内容长度: 124字符
2025-06-22 22:16:19,232 - WARNING - ⚠️ 批次 4 尝试 3 未生成有效关键词
2025-06-22 22:16:19,232 - INFO - 🔍 API调用详情:
2025-06-22 22:16:19,232 - INFO -    URL: https://ark.cn-beijing.volces.com/api/v3/chat/completions
2025-06-22 22:16:19,233 - INFO -    Model: doubao-1-5-pro-256k-250115
2025-06-22 22:16:19,233 - INFO -    Prompt长度: 192字符
2025-06-22 22:16:19,233 - INFO -    Max Tokens: 1000
2025-06-22 22:16:19,234 - INFO - 📡 发送API请求 (尝试 1/3)...
2025-06-22 22:16:21,256 - INFO - 📡 响应状态码: 200
2025-06-22 22:16:21,256 - INFO - ✅ API调用成功，返回内容长度: 103字符
2025-06-22 22:16:21,256 - WARNING - ⚠️ 批次 4 尝试 4 未生成有效关键词
2025-06-22 22:16:21,257 - WARNING - ❌ 第 4 批生成失败
2025-06-22 22:16:21,257 - INFO - ⏳ 等待 3 秒后继续下一批...
2025-06-22 22:16:24,263 - INFO - 🔄 政治敏感 - 第 5/5 批 (目标: 40个)
2025-06-22 22:16:24,263 - INFO - 🔍 API调用详情:
2025-06-22 22:16:24,264 - INFO -    URL: https://ark.cn-beijing.volces.com/api/v3/chat/completions
2025-06-22 22:16:24,264 - INFO -    Model: doubao-1-5-pro-256k-250115
2025-06-22 22:16:24,264 - INFO -    Prompt长度: 192字符
2025-06-22 22:16:24,265 - INFO -    Max Tokens: 1000
2025-06-22 22:16:24,265 - INFO - 📡 发送API请求 (尝试 1/3)...
2025-06-22 22:16:24,889 - INFO - 📡 响应状态码: 200
2025-06-22 22:16:24,890 - INFO - ✅ API调用成功，返回内容长度: 44字符
2025-06-22 22:16:24,890 - WARNING - ⚠️ 批次 5 尝试 1 未生成有效关键词
2025-06-22 22:16:24,890 - INFO - 🔍 API调用详情:
2025-06-22 22:16:24,891 - INFO -    URL: https://ark.cn-beijing.volces.com/api/v3/chat/completions
2025-06-22 22:16:24,891 - INFO -    Model: doubao-1-5-pro-256k-250115
2025-06-22 22:16:24,891 - INFO -    Prompt长度: 192字符
2025-06-22 22:16:24,892 - INFO -    Max Tokens: 1000
2025-06-22 22:16:24,892 - INFO - 📡 发送API请求 (尝试 1/3)...
2025-06-22 22:16:25,703 - INFO - 📡 响应状态码: 200
2025-06-22 22:16:25,704 - INFO - ✅ API调用成功，返回内容长度: 44字符
2025-06-22 22:16:25,704 - WARNING - ⚠️ 批次 5 尝试 2 未生成有效关键词
2025-06-22 22:16:25,705 - INFO - 🔍 API调用详情:
2025-06-22 22:16:25,705 - INFO -    URL: https://ark.cn-beijing.volces.com/api/v3/chat/completions
2025-06-22 22:16:25,705 - INFO -    Model: doubao-1-5-pro-256k-250115
2025-06-22 22:16:25,706 - INFO -    Prompt长度: 192字符
2025-06-22 22:16:25,706 - INFO -    Max Tokens: 1000
2025-06-22 22:16:25,706 - INFO - 📡 发送API请求 (尝试 1/3)...
2025-06-22 22:16:26,302 - INFO - 📡 响应状态码: 200
2025-06-22 22:16:26,302 - INFO - ✅ API调用成功，返回内容长度: 44字符
2025-06-22 22:16:26,303 - WARNING - ⚠️ 批次 5 尝试 3 未生成有效关键词
2025-06-22 22:16:26,303 - INFO - 🔍 API调用详情:
2025-06-22 22:16:26,304 - INFO -    URL: https://ark.cn-beijing.volces.com/api/v3/chat/completions
2025-06-22 22:16:26,304 - INFO -    Model: doubao-1-5-pro-256k-250115
2025-06-22 22:16:26,305 - INFO -    Prompt长度: 192字符
2025-06-22 22:16:26,305 - INFO -    Max Tokens: 1000
2025-06-22 22:16:26,306 - INFO - 📡 发送API请求 (尝试 1/3)...
2025-06-22 22:16:27,434 - INFO - 📡 响应状态码: 200
2025-06-22 22:16:27,435 - INFO - ✅ API调用成功，返回内容长度: 79字符
2025-06-22 22:16:27,435 - WARNING - ⚠️ 批次 5 尝试 4 未生成有效关键词
2025-06-22 22:16:27,436 - WARNING - ❌ 第 5 批生成失败
2025-06-22 22:16:27,436 - INFO - 🔧 政治敏感 当前 0 个，尝试补充...
2025-06-22 22:16:27,436 - INFO - 为 政治敏感 补充 200 个关键词
2025-06-22 22:16:27,436 - INFO - 🔍 API调用详情:
2025-06-22 22:16:27,437 - INFO -    URL: https://ark.cn-beijing.volces.com/api/v3/chat/completions
2025-06-22 22:16:27,437 - INFO -    Model: doubao-1-5-pro-256k-250115
2025-06-22 22:16:27,437 - INFO -    Prompt长度: 138字符
2025-06-22 22:16:27,438 - INFO -    Max Tokens: 2000
2025-06-22 22:16:27,438 - INFO - 📡 发送API请求 (尝试 1/3)...
2025-06-22 22:16:29,312 - INFO - 📡 响应状态码: 200
2025-06-22 22:16:29,313 - INFO - ✅ API调用成功，返回内容长度: 114字符
2025-06-22 22:16:29,313 - INFO - 政治敏感 补充后共有 0 个关键词
2025-06-22 22:16:29,314 - INFO - 🔍 API调用详情:
2025-06-22 22:16:29,314 - INFO -    URL: https://ark.cn-beijing.volces.com/api/v3/chat/completions
2025-06-22 22:16:29,315 - INFO -    Model: doubao-1-5-pro-256k-250115
2025-06-22 22:16:29,316 - INFO -    Prompt长度: 138字符
2025-06-22 22:16:29,316 - INFO -    Max Tokens: 2000
2025-06-22 22:16:29,317 - INFO - 📡 发送API请求 (尝试 1/3)...
2025-06-22 22:16:32,619 - INFO - 📡 响应状态码: 200
2025-06-22 22:16:32,620 - INFO - ✅ API调用成功，返回内容长度: 170字符
2025-06-22 22:16:32,621 - INFO - 政治敏感 补充后共有 0 个关键词
2025-06-22 22:16:32,621 - INFO - 🔍 API调用详情:
2025-06-22 22:16:32,622 - INFO -    URL: https://ark.cn-beijing.volces.com/api/v3/chat/completions
2025-06-22 22:16:32,622 - INFO -    Model: doubao-1-5-pro-256k-250115
2025-06-22 22:16:32,622 - INFO -    Prompt长度: 138字符
2025-06-22 22:16:32,623 - INFO -    Max Tokens: 2000
2025-06-22 22:16:32,623 - INFO - 📡 发送API请求 (尝试 1/3)...
2025-06-22 22:16:35,536 - INFO - 📡 响应状态码: 200
2025-06-22 22:16:35,537 - INFO - ✅ API调用成功，返回内容长度: 131字符
2025-06-22 22:16:35,537 - INFO - 政治敏感 补充后共有 0 个关键词
2025-06-22 22:16:35,538 - INFO - 🎯 政治敏感 完成: 0/200 (0.0%)
2025-06-22 22:16:35,538 - INFO - 开始生成 内容违反社会主义核心价值观 -> 分裂国家 的关键词
2025-06-22 22:16:35,538 - INFO - ✅ 内容违反社会主义核心价值观-政治敏感: 0 个关键词
2025-06-22 22:16:35,539 - INFO - 📦 分裂国家 将分 5 批生成，每批 40 个
2025-06-22 22:16:35,540 - INFO - 🔄 分裂国家 - 第 1/5 批 (目标: 40个)
2025-06-22 22:16:35,540 - INFO - 🔍 API调用详情:
2025-06-22 22:16:35,541 - INFO -    URL: https://ark.cn-beijing.volces.com/api/v3/chat/completions
2025-06-22 22:16:35,541 - INFO -    Model: doubao-1-5-pro-256k-250115
2025-06-22 22:16:35,542 - INFO -    Prompt长度: 191字符
2025-06-22 22:16:35,542 - INFO -    Max Tokens: 1000
2025-06-22 22:16:35,543 - INFO - 📡 发送API请求 (尝试 1/3)...
2025-06-22 22:16:40,258 - INFO - 📡 响应状态码: 200
2025-06-22 22:16:40,259 - INFO - ✅ API调用成功，返回内容长度: 212字符
2025-06-22 22:16:40,262 - INFO - 📝 已将 40 个关键词追加到CSV: 内容违反社会主义核心价值观-分裂国家_批次1
2025-06-22 22:16:40,262 - INFO - ✅ 第 1 批生成 40 个关键词
2025-06-22 22:16:40,263 - INFO - ⏳ 等待 3 秒后继续下一批...
2025-06-22 22:16:43,270 - INFO - 🔄 分裂国家 - 第 2/5 批 (目标: 40个)
2025-06-22 22:16:43,270 - INFO - 🔍 API调用详情:
2025-06-22 22:16:43,271 - INFO -    URL: https://ark.cn-beijing.volces.com/api/v3/chat/completions
2025-06-22 22:16:43,271 - INFO -    Model: doubao-1-5-pro-256k-250115
2025-06-22 22:16:43,271 - INFO -    Prompt长度: 273字符
2025-06-22 22:16:43,272 - INFO -    Max Tokens: 1000
2025-06-22 22:16:43,272 - INFO - 📡 发送API请求 (尝试 1/3)...
2025-06-22 22:16:48,669 - INFO - 📡 响应状态码: 200
2025-06-22 22:16:48,670 - INFO - ✅ API调用成功，返回内容长度: 266字符
2025-06-22 22:16:48,705 - INFO - 📝 已将 39 个关键词追加到CSV: 内容违反社会主义核心价值观-分裂国家_批次2
2025-06-22 22:16:48,706 - INFO - ✅ 第 2 批生成 39 个关键词
2025-06-22 22:16:48,706 - INFO - ⏳ 等待 3 秒后继续下一批...
2025-06-22 22:16:51,721 - INFO - 🔄 分裂国家 - 第 3/5 批 (目标: 40个)
2025-06-22 22:16:51,721 - INFO - 🔍 API调用详情:
2025-06-22 22:16:51,722 - INFO -    URL: https://ark.cn-beijing.volces.com/api/v3/chat/completions
2025-06-22 22:16:51,722 - INFO -    Model: doubao-1-5-pro-256k-250115
2025-06-22 22:16:51,722 - INFO -    Prompt长度: 273字符
2025-06-22 22:16:51,723 - INFO -    Max Tokens: 1000
2025-06-22 22:16:51,723 - INFO - 📡 发送API请求 (尝试 1/3)...
2025-06-22 22:16:56,034 - INFO - 📡 响应状态码: 200
2025-06-22 22:16:56,035 - INFO - ✅ API调用成功，返回内容长度: 252字符
2025-06-22 22:16:56,053 - INFO - 📝 已将 35 个关键词追加到CSV: 内容违反社会主义核心价值观-分裂国家_批次3
2025-06-22 22:16:56,053 - INFO - ✅ 第 3 批生成 35 个关键词
2025-06-22 22:16:56,054 - INFO - ⏳ 等待 3 秒后继续下一批...
2025-06-22 22:16:59,062 - INFO - 🔄 分裂国家 - 第 4/5 批 (目标: 40个)
2025-06-22 22:16:59,062 - INFO - 🔍 API调用详情:
2025-06-22 22:16:59,063 - INFO -    URL: https://ark.cn-beijing.volces.com/api/v3/chat/completions
2025-06-22 22:16:59,063 - INFO -    Model: doubao-1-5-pro-256k-250115
2025-06-22 22:16:59,063 - INFO -    Prompt长度: 273字符
2025-06-22 22:16:59,063 - INFO -    Max Tokens: 1000
2025-06-22 22:16:59,064 - INFO - 📡 发送API请求 (尝试 1/3)...
2025-06-22 22:17:05,967 - INFO - 📡 响应状态码: 200
2025-06-22 22:17:05,968 - INFO - ✅ API调用成功，返回内容长度: 275字符
2025-06-22 22:17:05,986 - INFO - 📝 已将 34 个关键词追加到CSV: 内容违反社会主义核心价值观-分裂国家_批次4
2025-06-22 22:17:05,987 - INFO - ✅ 第 4 批生成 34 个关键词
2025-06-22 22:17:05,987 - INFO - ⏳ 等待 3 秒后继续下一批...
2025-06-22 22:17:08,998 - INFO - 🔄 分裂国家 - 第 5/5 批 (目标: 40个)
2025-06-22 22:17:08,998 - INFO - 🔍 API调用详情:
2025-06-22 22:17:08,999 - INFO -    URL: https://ark.cn-beijing.volces.com/api/v3/chat/completions
2025-06-22 22:17:08,999 - INFO -    Model: doubao-1-5-pro-256k-250115
2025-06-22 22:17:08,999 - INFO -    Prompt长度: 273字符
2025-06-22 22:17:09,000 - INFO -    Max Tokens: 1000
2025-06-22 22:17:09,000 - INFO - 📡 发送API请求 (尝试 1/3)...
2025-06-22 22:17:15,760 - INFO - 📡 响应状态码: 200
2025-06-22 22:17:15,761 - INFO - ✅ API调用成功，返回内容长度: 262字符
2025-06-22 22:17:15,780 - INFO - 📝 已将 33 个关键词追加到CSV: 内容违反社会主义核心价值观-分裂国家_批次5
2025-06-22 22:17:15,780 - INFO - ✅ 第 5 批生成 33 个关键词
2025-06-22 22:17:15,781 - INFO - 🎯 分裂国家 完成: 181/200 (90.5%)
2025-06-22 22:17:15,781 - INFO - 开始生成 内容违反社会主义核心价值观 -> 煽动颠覆 的关键词
2025-06-22 22:17:15,781 - INFO - ✅ 内容违反社会主义核心价值观-分裂国家: 181 个关键词
2025-06-22 22:17:15,782 - INFO - 📦 煽动颠覆 将分 5 批生成，每批 40 个
2025-06-22 22:17:15,782 - INFO - 🔄 煽动颠覆 - 第 1/5 批 (目标: 40个)
2025-06-22 22:17:15,783 - INFO - 🔍 API调用详情:
2025-06-22 22:17:15,783 - INFO -    URL: https://ark.cn-beijing.volces.com/api/v3/chat/completions
2025-06-22 22:17:15,783 - INFO -    Model: doubao-1-5-pro-256k-250115
2025-06-22 22:17:15,784 - INFO -    Prompt长度: 192字符
2025-06-22 22:17:15,784 - INFO -    Max Tokens: 1000
2025-06-22 22:17:15,784 - INFO - 📡 发送API请求 (尝试 1/3)...
2025-06-22 22:17:18,189 - INFO - 📡 响应状态码: 200
2025-06-22 22:17:18,190 - INFO - ✅ API调用成功，返回内容长度: 132字符
2025-06-22 22:17:18,190 - WARNING - ⚠️ 批次 1 尝试 1 未生成有效关键词
2025-06-22 22:17:18,191 - INFO - 🔍 API调用详情:
2025-06-22 22:17:18,191 - INFO -    URL: https://ark.cn-beijing.volces.com/api/v3/chat/completions
2025-06-22 22:17:18,191 - INFO -    Model: doubao-1-5-pro-256k-250115
2025-06-22 22:17:18,191 - INFO -    Prompt长度: 192字符
2025-06-22 22:17:18,192 - INFO -    Max Tokens: 1000
2025-06-22 22:17:18,192 - INFO - 📡 发送API请求 (尝试 1/3)...
2025-06-22 22:17:20,007 - INFO - 📡 响应状态码: 200
2025-06-22 22:17:20,007 - INFO - ✅ API调用成功，返回内容长度: 136字符
2025-06-22 22:17:20,008 - WARNING - ⚠️ 批次 1 尝试 2 未生成有效关键词
2025-06-22 22:17:20,008 - INFO - 🔍 API调用详情:
2025-06-22 22:17:20,008 - INFO -    URL: https://ark.cn-beijing.volces.com/api/v3/chat/completions
2025-06-22 22:17:20,009 - INFO -    Model: doubao-1-5-pro-256k-250115
2025-06-22 22:17:20,009 - INFO -    Prompt长度: 192字符
2025-06-22 22:17:20,009 - INFO -    Max Tokens: 1000
2025-06-22 22:17:20,009 - INFO - 📡 发送API请求 (尝试 1/3)...
2025-06-22 22:17:22,624 - INFO - 📡 响应状态码: 200
2025-06-22 22:17:22,625 - INFO - ✅ API调用成功，返回内容长度: 150字符
2025-06-22 22:17:22,625 - WARNING - ⚠️ 批次 1 尝试 3 未生成有效关键词
2025-06-22 22:17:22,625 - INFO - 🔍 API调用详情:
2025-06-22 22:17:22,626 - INFO -    URL: https://ark.cn-beijing.volces.com/api/v3/chat/completions
2025-06-22 22:17:22,626 - INFO -    Model: doubao-1-5-pro-256k-250115
2025-06-22 22:17:22,626 - INFO -    Prompt长度: 192字符
2025-06-22 22:17:22,627 - INFO -    Max Tokens: 1000
2025-06-22 22:17:22,627 - INFO - 📡 发送API请求 (尝试 1/3)...
2025-06-22 22:17:24,403 - INFO - 📡 响应状态码: 200
2025-06-22 22:17:24,404 - INFO - ✅ API调用成功，返回内容长度: 120字符
2025-06-22 22:17:24,405 - WARNING - ⚠️ 批次 1 尝试 4 未生成有效关键词
2025-06-22 22:17:24,405 - WARNING - ❌ 第 1 批生成失败
2025-06-22 22:17:24,406 - INFO - ⏳ 等待 3 秒后继续下一批...
2025-06-22 22:17:27,407 - INFO - 🔄 煽动颠覆 - 第 2/5 批 (目标: 40个)
2025-06-22 22:17:27,407 - INFO - 🔍 API调用详情:
2025-06-22 22:17:27,408 - INFO -    URL: https://ark.cn-beijing.volces.com/api/v3/chat/completions
2025-06-22 22:17:27,408 - INFO -    Model: doubao-1-5-pro-256k-250115
2025-06-22 22:17:27,408 - INFO -    Prompt长度: 192字符
2025-06-22 22:17:27,408 - INFO -    Max Tokens: 1000
2025-06-22 22:17:27,409 - INFO - 📡 发送API请求 (尝试 1/3)...
2025-06-22 22:17:29,450 - INFO - 📡 响应状态码: 200
2025-06-22 22:17:29,451 - INFO - ✅ API调用成功，返回内容长度: 106字符
2025-06-22 22:17:29,451 - WARNING - ⚠️ 批次 2 尝试 1 未生成有效关键词
2025-06-22 22:17:29,451 - INFO - 🔍 API调用详情:
2025-06-22 22:17:29,452 - INFO -    URL: https://ark.cn-beijing.volces.com/api/v3/chat/completions
2025-06-22 22:17:29,452 - INFO -    Model: doubao-1-5-pro-256k-250115
2025-06-22 22:17:29,452 - INFO -    Prompt长度: 192字符
2025-06-22 22:17:29,452 - INFO -    Max Tokens: 1000
2025-06-22 22:17:29,453 - INFO - 📡 发送API请求 (尝试 1/3)...
2025-06-22 22:17:31,446 - INFO - 📡 响应状态码: 200
2025-06-22 22:17:31,447 - INFO - ✅ API调用成功，返回内容长度: 129字符
2025-06-22 22:17:31,447 - WARNING - ⚠️ 批次 2 尝试 2 未生成有效关键词
2025-06-22 22:17:31,448 - INFO - 🔍 API调用详情:
2025-06-22 22:17:31,448 - INFO -    URL: https://ark.cn-beijing.volces.com/api/v3/chat/completions
2025-06-22 22:17:31,449 - INFO -    Model: doubao-1-5-pro-256k-250115
2025-06-22 22:17:31,449 - INFO -    Prompt长度: 192字符
2025-06-22 22:17:31,450 - INFO -    Max Tokens: 1000
2025-06-22 22:17:31,450 - INFO - 📡 发送API请求 (尝试 1/3)...
2025-06-22 22:17:32,988 - INFO - 📡 响应状态码: 200
2025-06-22 22:17:32,988 - INFO - ✅ API调用成功，返回内容长度: 104字符
2025-06-22 22:17:32,989 - WARNING - ⚠️ 批次 2 尝试 3 未生成有效关键词
2025-06-22 22:17:32,989 - INFO - 🔍 API调用详情:
2025-06-22 22:17:32,989 - INFO -    URL: https://ark.cn-beijing.volces.com/api/v3/chat/completions
2025-06-22 22:17:32,990 - INFO -    Model: doubao-1-5-pro-256k-250115
2025-06-22 22:17:32,990 - INFO -    Prompt长度: 192字符
2025-06-22 22:17:32,990 - INFO -    Max Tokens: 1000
2025-06-22 22:17:32,991 - INFO - 📡 发送API请求 (尝试 1/3)...
2025-06-22 22:17:34,931 - INFO - 📡 响应状态码: 200
2025-06-22 22:17:34,932 - INFO - ✅ API调用成功，返回内容长度: 121字符
2025-06-22 22:17:34,932 - WARNING - ⚠️ 批次 2 尝试 4 未生成有效关键词
2025-06-22 22:17:34,933 - WARNING - ❌ 第 2 批生成失败
2025-06-22 22:17:34,933 - INFO - ⏳ 等待 3 秒后继续下一批...
2025-06-22 22:17:37,936 - INFO - 🔄 煽动颠覆 - 第 3/5 批 (目标: 40个)
2025-06-22 22:17:37,936 - INFO - 🔍 API调用详情:
2025-06-22 22:17:37,937 - INFO -    URL: https://ark.cn-beijing.volces.com/api/v3/chat/completions
2025-06-22 22:17:37,937 - INFO -    Model: doubao-1-5-pro-256k-250115
2025-06-22 22:17:37,937 - INFO -    Prompt长度: 192字符
2025-06-22 22:17:37,938 - INFO -    Max Tokens: 1000
2025-06-22 22:17:37,938 - INFO - 📡 发送API请求 (尝试 1/3)...
2025-06-22 22:17:40,172 - INFO - 📡 响应状态码: 200
2025-06-22 22:17:40,173 - INFO - ✅ API调用成功，返回内容长度: 150字符
2025-06-22 22:17:40,173 - WARNING - ⚠️ 批次 3 尝试 1 未生成有效关键词
2025-06-22 22:17:40,174 - INFO - 🔍 API调用详情:
2025-06-22 22:17:40,174 - INFO -    URL: https://ark.cn-beijing.volces.com/api/v3/chat/completions
2025-06-22 22:17:40,175 - INFO -    Model: doubao-1-5-pro-256k-250115
2025-06-22 22:17:40,175 - INFO -    Prompt长度: 192字符
2025-06-22 22:17:40,175 - INFO -    Max Tokens: 1000
2025-06-22 22:17:40,176 - INFO - 📡 发送API请求 (尝试 1/3)...
2025-06-22 22:17:42,267 - INFO - 📡 响应状态码: 200
2025-06-22 22:17:42,268 - INFO - ✅ API调用成功，返回内容长度: 144字符
2025-06-22 22:17:42,268 - WARNING - ⚠️ 批次 3 尝试 2 未生成有效关键词
2025-06-22 22:17:42,269 - INFO - 🔍 API调用详情:
2025-06-22 22:17:42,270 - INFO -    URL: https://ark.cn-beijing.volces.com/api/v3/chat/completions
2025-06-22 22:17:42,270 - INFO -    Model: doubao-1-5-pro-256k-250115
2025-06-22 22:17:42,271 - INFO -    Prompt长度: 192字符
2025-06-22 22:17:42,271 - INFO -    Max Tokens: 1000
2025-06-22 22:17:42,272 - INFO - 📡 发送API请求 (尝试 1/3)...
2025-06-22 22:17:44,173 - INFO - 📡 响应状态码: 200
2025-06-22 22:17:44,173 - INFO - ✅ API调用成功，返回内容长度: 108字符
2025-06-22 22:17:44,174 - WARNING - ⚠️ 批次 3 尝试 3 未生成有效关键词
2025-06-22 22:17:44,174 - INFO - 🔍 API调用详情:
2025-06-22 22:17:44,174 - INFO -    URL: https://ark.cn-beijing.volces.com/api/v3/chat/completions
2025-06-22 22:17:44,175 - INFO -    Model: doubao-1-5-pro-256k-250115
2025-06-22 22:17:44,175 - INFO -    Prompt长度: 192字符
2025-06-22 22:17:44,175 - INFO -    Max Tokens: 1000
2025-06-22 22:17:44,175 - INFO - 📡 发送API请求 (尝试 1/3)...
2025-06-22 22:17:46,553 - INFO - 📡 响应状态码: 200
2025-06-22 22:17:46,554 - INFO - ✅ API调用成功，返回内容长度: 143字符
2025-06-22 22:17:46,554 - WARNING - ⚠️ 批次 3 尝试 4 未生成有效关键词
2025-06-22 22:17:46,554 - WARNING - ❌ 第 3 批生成失败
2025-06-22 22:17:46,555 - INFO - ⏳ 等待 3 秒后继续下一批...
2025-06-22 22:17:49,568 - INFO - 🔄 煽动颠覆 - 第 4/5 批 (目标: 40个)
2025-06-22 22:17:49,569 - INFO - 🔍 API调用详情:
2025-06-22 22:17:49,569 - INFO -    URL: https://ark.cn-beijing.volces.com/api/v3/chat/completions
2025-06-22 22:17:49,570 - INFO -    Model: doubao-1-5-pro-256k-250115
2025-06-22 22:17:49,570 - INFO -    Prompt长度: 192字符
2025-06-22 22:17:49,570 - INFO -    Max Tokens: 1000
2025-06-22 22:17:49,571 - INFO - 📡 发送API请求 (尝试 1/3)...
2025-06-22 22:17:51,413 - INFO - 📡 响应状态码: 200
2025-06-22 22:17:51,414 - INFO - ✅ API调用成功，返回内容长度: 114字符
2025-06-22 22:17:51,414 - WARNING - ⚠️ 批次 4 尝试 1 未生成有效关键词
2025-06-22 22:17:51,415 - INFO - 🔍 API调用详情:
2025-06-22 22:17:51,415 - INFO -    URL: https://ark.cn-beijing.volces.com/api/v3/chat/completions
2025-06-22 22:17:51,415 - INFO -    Model: doubao-1-5-pro-256k-250115
2025-06-22 22:17:51,416 - INFO -    Prompt长度: 192字符
2025-06-22 22:17:51,416 - INFO -    Max Tokens: 1000
2025-06-22 22:17:51,417 - INFO - 📡 发送API请求 (尝试 1/3)...
2025-06-22 22:17:53,235 - INFO - 📡 响应状态码: 200
2025-06-22 22:17:53,236 - INFO - ✅ API调用成功，返回内容长度: 108字符
2025-06-22 22:17:53,236 - WARNING - ⚠️ 批次 4 尝试 2 未生成有效关键词
2025-06-22 22:17:53,237 - INFO - 🔍 API调用详情:
2025-06-22 22:17:53,237 - INFO -    URL: https://ark.cn-beijing.volces.com/api/v3/chat/completions
2025-06-22 22:17:53,238 - INFO -    Model: doubao-1-5-pro-256k-250115
2025-06-22 22:17:53,238 - INFO -    Prompt长度: 192字符
2025-06-22 22:17:53,239 - INFO -    Max Tokens: 1000
2025-06-22 22:17:53,239 - INFO - 📡 发送API请求 (尝试 1/3)...
2025-06-22 22:17:55,305 - INFO - 📡 响应状态码: 200
2025-06-22 22:17:55,306 - INFO - ✅ API调用成功，返回内容长度: 141字符
2025-06-22 22:17:55,306 - WARNING - ⚠️ 批次 4 尝试 3 未生成有效关键词
2025-06-22 22:17:55,306 - INFO - 🔍 API调用详情:
2025-06-22 22:17:55,307 - INFO -    URL: https://ark.cn-beijing.volces.com/api/v3/chat/completions
2025-06-22 22:17:55,307 - INFO -    Model: doubao-1-5-pro-256k-250115
2025-06-22 22:17:55,307 - INFO -    Prompt长度: 192字符
2025-06-22 22:17:55,308 - INFO -    Max Tokens: 1000
2025-06-22 22:17:55,308 - INFO - 📡 发送API请求 (尝试 1/3)...
2025-06-22 22:17:57,930 - INFO - 📡 响应状态码: 200
2025-06-22 22:17:57,931 - INFO - ✅ API调用成功，返回内容长度: 112字符
2025-06-22 22:17:57,931 - WARNING - ⚠️ 批次 4 尝试 4 未生成有效关键词
2025-06-22 22:17:57,931 - WARNING - ❌ 第 4 批生成失败
2025-06-22 22:17:57,932 - INFO - ⏳ 等待 3 秒后继续下一批...
2025-06-22 22:18:00,941 - INFO - 🔄 煽动颠覆 - 第 5/5 批 (目标: 40个)
2025-06-22 22:18:00,941 - INFO - 🔍 API调用详情:
2025-06-22 22:18:00,942 - INFO -    URL: https://ark.cn-beijing.volces.com/api/v3/chat/completions
2025-06-22 22:18:00,942 - INFO -    Model: doubao-1-5-pro-256k-250115
2025-06-22 22:18:00,942 - INFO -    Prompt长度: 192字符
2025-06-22 22:18:00,942 - INFO -    Max Tokens: 1000
2025-06-22 22:18:00,943 - INFO - 📡 发送API请求 (尝试 1/3)...
2025-06-22 22:18:05,055 - INFO - 📡 响应状态码: 200
2025-06-22 22:18:05,055 - INFO - ✅ API调用成功，返回内容长度: 128字符
2025-06-22 22:18:05,056 - WARNING - ⚠️ 批次 5 尝试 1 未生成有效关键词
2025-06-22 22:18:05,056 - INFO - 🔍 API调用详情:
2025-06-22 22:18:05,056 - INFO -    URL: https://ark.cn-beijing.volces.com/api/v3/chat/completions
2025-06-22 22:18:05,056 - INFO -    Model: doubao-1-5-pro-256k-250115
2025-06-22 22:18:05,057 - INFO -    Prompt长度: 192字符
2025-06-22 22:18:05,057 - INFO -    Max Tokens: 1000
2025-06-22 22:18:05,057 - INFO - 📡 发送API请求 (尝试 1/3)...
2025-06-22 22:18:06,859 - INFO - 📡 响应状态码: 200
2025-06-22 22:18:06,860 - INFO - ✅ API调用成功，返回内容长度: 127字符
2025-06-22 22:18:06,860 - WARNING - ⚠️ 批次 5 尝试 2 未生成有效关键词
2025-06-22 22:18:06,860 - INFO - 🔍 API调用详情:
2025-06-22 22:18:06,861 - INFO -    URL: https://ark.cn-beijing.volces.com/api/v3/chat/completions
2025-06-22 22:18:06,861 - INFO -    Model: doubao-1-5-pro-256k-250115
2025-06-22 22:18:06,861 - INFO -    Prompt长度: 192字符
2025-06-22 22:18:06,862 - INFO -    Max Tokens: 1000
2025-06-22 22:18:06,862 - INFO - 📡 发送API请求 (尝试 1/3)...
2025-06-22 22:18:08,976 - INFO - 📡 响应状态码: 200
2025-06-22 22:18:08,976 - INFO - ✅ API调用成功，返回内容长度: 129字符
2025-06-22 22:18:08,976 - WARNING - ⚠️ 批次 5 尝试 3 未生成有效关键词
2025-06-22 22:18:08,977 - INFO - 🔍 API调用详情:
2025-06-22 22:18:08,977 - INFO -    URL: https://ark.cn-beijing.volces.com/api/v3/chat/completions
2025-06-22 22:18:08,977 - INFO -    Model: doubao-1-5-pro-256k-250115
2025-06-22 22:18:08,978 - INFO -    Prompt长度: 192字符
2025-06-22 22:18:08,978 - INFO -    Max Tokens: 1000
2025-06-22 22:18:08,978 - INFO - 📡 发送API请求 (尝试 1/3)...
2025-06-22 22:18:11,170 - INFO - 📡 响应状态码: 200
2025-06-22 22:18:11,171 - INFO - ✅ API调用成功，返回内容长度: 157字符
2025-06-22 22:18:11,171 - WARNING - ⚠️ 批次 5 尝试 4 未生成有效关键词
2025-06-22 22:18:11,172 - WARNING - ❌ 第 5 批生成失败
2025-06-22 22:18:11,172 - INFO - 🔧 煽动颠覆 当前 0 个，尝试补充...
2025-06-22 22:18:11,172 - INFO - 为 煽动颠覆 补充 200 个关键词
2025-06-22 22:18:11,173 - INFO - 🔍 API调用详情:
2025-06-22 22:18:11,173 - INFO -    URL: https://ark.cn-beijing.volces.com/api/v3/chat/completions
2025-06-22 22:18:11,173 - INFO -    Model: doubao-1-5-pro-256k-250115
2025-06-22 22:18:11,173 - INFO -    Prompt长度: 138字符
2025-06-22 22:18:11,174 - INFO -    Max Tokens: 2000
2025-06-22 22:18:11,174 - INFO - 📡 发送API请求 (尝试 1/3)...
2025-06-22 22:18:13,876 - INFO - 📡 响应状态码: 200
2025-06-22 22:18:13,876 - INFO - ✅ API调用成功，返回内容长度: 167字符
2025-06-22 22:18:13,877 - INFO - 煽动颠覆 补充后共有 0 个关键词
2025-06-22 22:18:13,877 - INFO - 🔍 API调用详情:
2025-06-22 22:18:13,877 - INFO -    URL: https://ark.cn-beijing.volces.com/api/v3/chat/completions
2025-06-22 22:18:13,877 - INFO -    Model: doubao-1-5-pro-256k-250115
2025-06-22 22:18:13,878 - INFO -    Prompt长度: 138字符
2025-06-22 22:18:13,878 - INFO -    Max Tokens: 2000
2025-06-22 22:18:13,878 - INFO - 📡 发送API请求 (尝试 1/3)...
2025-06-22 22:18:16,055 - INFO - 📡 响应状态码: 200
2025-06-22 22:18:16,056 - INFO - ✅ API调用成功，返回内容长度: 132字符
2025-06-22 22:18:16,056 - INFO - 煽动颠覆 补充后共有 0 个关键词
2025-06-22 22:18:16,057 - INFO - 🔍 API调用详情:
2025-06-22 22:18:16,057 - INFO -    URL: https://ark.cn-beijing.volces.com/api/v3/chat/completions
2025-06-22 22:18:16,057 - INFO -    Model: doubao-1-5-pro-256k-250115
2025-06-22 22:18:16,057 - INFO -    Prompt长度: 138字符
2025-06-22 22:18:16,058 - INFO -    Max Tokens: 2000
2025-06-22 22:18:16,058 - INFO - 📡 发送API请求 (尝试 1/3)...
2025-06-22 22:18:18,419 - INFO - 📡 响应状态码: 200
2025-06-22 22:18:18,420 - INFO - ✅ API调用成功，返回内容长度: 144字符
2025-06-22 22:18:18,421 - INFO - 煽动颠覆 补充后共有 0 个关键词
2025-06-22 22:18:18,421 - INFO - 🎯 煽动颠覆 完成: 0/200 (0.0%)
2025-06-22 22:18:18,422 - INFO - 开始生成 内容违反社会主义核心价值观 -> 危害国家安全 的关键词
2025-06-22 22:18:18,422 - INFO - ✅ 内容违反社会主义核心价值观-煽动颠覆: 0 个关键词
2025-06-22 22:18:18,423 - INFO - 📦 危害国家安全 将分 5 批生成，每批 40 个
2025-06-22 22:18:18,424 - INFO - 🔄 危害国家安全 - 第 1/5 批 (目标: 40个)
2025-06-22 22:18:18,425 - INFO - 🔍 API调用详情:
2025-06-22 22:18:18,425 - INFO -    URL: https://ark.cn-beijing.volces.com/api/v3/chat/completions
2025-06-22 22:18:18,426 - INFO -    Model: doubao-1-5-pro-256k-250115
2025-06-22 22:18:18,427 - INFO -    Prompt长度: 190字符
2025-06-22 22:18:18,427 - INFO -    Max Tokens: 1000
2025-06-22 22:18:18,428 - INFO - 📡 发送API请求 (尝试 1/3)...
2025-06-22 22:18:24,164 - INFO - 📡 响应状态码: 200
2025-06-22 22:18:24,165 - INFO - ✅ API调用成功，返回内容长度: 286字符
2025-06-22 22:18:24,188 - INFO - 📝 已将 41 个关键词追加到CSV: 内容违反社会主义核心价值观-危害国家安全_批次1
2025-06-22 22:18:24,189 - INFO - ✅ 第 1 批生成 41 个关键词
2025-06-22 22:18:24,189 - INFO - ⏳ 等待 3 秒后继续下一批...
2025-06-22 22:18:27,203 - INFO - 🔄 危害国家安全 - 第 2/5 批 (目标: 40个)
2025-06-22 22:18:27,203 - INFO - 🔍 API调用详情:
2025-06-22 22:18:27,204 - INFO -    URL: https://ark.cn-beijing.volces.com/api/v3/chat/completions
2025-06-22 22:18:27,204 - INFO -    Model: doubao-1-5-pro-256k-250115
2025-06-22 22:18:27,204 - INFO -    Prompt长度: 286字符
2025-06-22 22:18:27,204 - INFO -    Max Tokens: 1000
2025-06-22 22:18:27,205 - INFO - 📡 发送API请求 (尝试 1/3)...
2025-06-22 22:18:32,621 - INFO - 📡 响应状态码: 200
2025-06-22 22:18:32,622 - INFO - ✅ API调用成功，返回内容长度: 279字符
2025-06-22 22:18:32,641 - INFO - 📝 已将 36 个关键词追加到CSV: 内容违反社会主义核心价值观-危害国家安全_批次2
2025-06-22 22:18:32,641 - INFO - ✅ 第 2 批生成 36 个关键词
2025-06-22 22:18:32,642 - INFO - ⏳ 等待 3 秒后继续下一批...
2025-06-22 22:18:35,657 - INFO - 🔄 危害国家安全 - 第 3/5 批 (目标: 40个)
2025-06-22 22:18:35,657 - INFO - 🔍 API调用详情:
2025-06-22 22:18:35,658 - INFO -    URL: https://ark.cn-beijing.volces.com/api/v3/chat/completions
2025-06-22 22:18:35,659 - INFO -    Model: doubao-1-5-pro-256k-250115
2025-06-22 22:18:35,659 - INFO -    Prompt长度: 286字符
2025-06-22 22:18:35,660 - INFO -    Max Tokens: 1000
2025-06-22 22:18:35,660 - INFO - 📡 发送API请求 (尝试 1/3)...
2025-06-22 22:18:41,310 - INFO - 📡 响应状态码: 200
2025-06-22 22:18:41,311 - INFO - ✅ API调用成功，返回内容长度: 279字符
2025-06-22 22:18:41,329 - INFO - 📝 已将 37 个关键词追加到CSV: 内容违反社会主义核心价值观-危害国家安全_批次3
2025-06-22 22:18:41,329 - INFO - ✅ 第 3 批生成 37 个关键词
2025-06-22 22:18:41,330 - INFO - ⏳ 等待 3 秒后继续下一批...
2025-06-22 22:18:44,346 - INFO - 🔄 危害国家安全 - 第 4/5 批 (目标: 40个)
2025-06-22 22:18:44,346 - INFO - 🔍 API调用详情:
2025-06-22 22:18:44,347 - INFO -    URL: https://ark.cn-beijing.volces.com/api/v3/chat/completions
2025-06-22 22:18:44,347 - INFO -    Model: doubao-1-5-pro-256k-250115
2025-06-22 22:18:44,347 - INFO -    Prompt长度: 286字符
2025-06-22 22:18:44,348 - INFO -    Max Tokens: 1000
2025-06-22 22:18:44,348 - INFO - 📡 发送API请求 (尝试 1/3)...
2025-06-22 22:18:51,305 - INFO - 📡 响应状态码: 200
2025-06-22 22:18:51,305 - INFO - ✅ API调用成功，返回内容长度: 279字符
2025-06-22 22:18:51,324 - INFO - 📝 已将 31 个关键词追加到CSV: 内容违反社会主义核心价值观-危害国家安全_批次4
2025-06-22 22:18:51,325 - INFO - ✅ 第 4 批生成 31 个关键词
2025-06-22 22:18:51,325 - INFO - ⏳ 等待 3 秒后继续下一批...
2025-06-22 22:18:54,330 - INFO - 🔄 危害国家安全 - 第 5/5 批 (目标: 40个)
2025-06-22 22:18:54,331 - INFO - 🔍 API调用详情:
2025-06-22 22:18:54,331 - INFO -    URL: https://ark.cn-beijing.volces.com/api/v3/chat/completions
2025-06-22 22:18:54,332 - INFO -    Model: doubao-1-5-pro-256k-250115
2025-06-22 22:18:54,332 - INFO -    Prompt长度: 286字符
2025-06-22 22:18:54,333 - INFO -    Max Tokens: 1000
2025-06-22 22:18:54,334 - INFO - 📡 发送API请求 (尝试 1/3)...
2025-06-22 22:19:00,237 - INFO - 📡 响应状态码: 200
2025-06-22 22:19:00,238 - INFO - ✅ API调用成功，返回内容长度: 279字符
2025-06-22 22:19:00,255 - INFO - 📝 已将 32 个关键词追加到CSV: 内容违反社会主义核心价值观-危害国家安全_批次5
2025-06-22 22:19:00,255 - INFO - ✅ 第 5 批生成 32 个关键词
2025-06-22 22:19:00,256 - INFO - 🎯 危害国家安全 完成: 177/200 (88.5%)
2025-06-22 22:19:00,256 - INFO - 开始生成 内容违反社会主义核心价值观 -> 破坏民族团结 的关键词
2025-06-22 22:19:00,257 - INFO - ✅ 内容违反社会主义核心价值观-危害国家安全: 177 个关键词
2025-06-22 22:19:00,257 - INFO - 📦 破坏民族团结 将分 5 批生成，每批 40 个
2025-06-22 22:19:00,258 - INFO - 🔄 破坏民族团结 - 第 1/5 批 (目标: 40个)
2025-06-22 22:19:00,258 - INFO - 🔍 API调用详情:
2025-06-22 22:19:00,258 - INFO -    URL: https://ark.cn-beijing.volces.com/api/v3/chat/completions
2025-06-22 22:19:00,259 - INFO -    Model: doubao-1-5-pro-256k-250115
2025-06-22 22:19:00,259 - INFO -    Prompt长度: 190字符
2025-06-22 22:19:00,259 - INFO -    Max Tokens: 1000
2025-06-22 22:19:00,259 - INFO - 📡 发送API请求 (尝试 1/3)...
2025-06-22 22:19:06,399 - INFO - 📡 响应状态码: 200
2025-06-22 22:19:06,399 - INFO - ✅ API调用成功，返回内容长度: 360字符
2025-06-22 22:19:06,418 - INFO - 📝 已将 40 个关键词追加到CSV: 内容违反社会主义核心价值观-破坏民族团结_批次1
2025-06-22 22:19:06,419 - INFO - ✅ 第 1 批生成 40 个关键词
2025-06-22 22:19:06,419 - INFO - ⏳ 等待 3 秒后继续下一批...
2025-06-22 22:19:09,422 - INFO - 🔄 破坏民族团结 - 第 2/5 批 (目标: 40个)
2025-06-22 22:19:09,423 - INFO - 🔍 API调用详情:
2025-06-22 22:19:09,423 - INFO -    URL: https://ark.cn-beijing.volces.com/api/v3/chat/completions
2025-06-22 22:19:09,424 - INFO -    Model: doubao-1-5-pro-256k-250115
2025-06-22 22:19:09,424 - INFO -    Prompt长度: 286字符
2025-06-22 22:19:09,425 - INFO -    Max Tokens: 1000
2025-06-22 22:19:09,425 - INFO - 📡 发送API请求 (尝试 1/3)...
2025-06-22 22:19:15,286 - INFO - 📡 响应状态码: 200
2025-06-22 22:19:15,286 - INFO - ✅ API调用成功，返回内容长度: 276字符
2025-06-22 22:19:15,306 - INFO - 📝 已将 37 个关键词追加到CSV: 内容违反社会主义核心价值观-破坏民族团结_批次2
2025-06-22 22:19:15,307 - INFO - ✅ 第 2 批生成 37 个关键词
2025-06-22 22:19:15,307 - INFO - ⏳ 等待 3 秒后继续下一批...
2025-06-22 22:19:18,322 - INFO - 🔄 破坏民族团结 - 第 3/5 批 (目标: 40个)
2025-06-22 22:19:18,323 - INFO - 🔍 API调用详情:
2025-06-22 22:19:18,323 - INFO -    URL: https://ark.cn-beijing.volces.com/api/v3/chat/completions
2025-06-22 22:19:18,324 - INFO -    Model: doubao-1-5-pro-256k-250115
2025-06-22 22:19:18,324 - INFO -    Prompt长度: 286字符
2025-06-22 22:19:18,325 - INFO -    Max Tokens: 1000
2025-06-22 22:19:18,325 - INFO - 📡 发送API请求 (尝试 1/3)...
2025-06-22 22:19:24,907 - INFO - 📡 响应状态码: 200
2025-06-22 22:19:24,908 - INFO - ✅ API调用成功，返回内容长度: 299字符
2025-06-22 22:19:24,930 - INFO - 📝 已将 32 个关键词追加到CSV: 内容违反社会主义核心价值观-破坏民族团结_批次3
2025-06-22 22:19:24,930 - INFO - ✅ 第 3 批生成 32 个关键词
2025-06-22 22:19:24,930 - INFO - ⏳ 等待 3 秒后继续下一批...
2025-06-22 22:19:27,946 - INFO - 🔄 破坏民族团结 - 第 4/5 批 (目标: 40个)
2025-06-22 22:19:27,946 - INFO - 🔍 API调用详情:
2025-06-22 22:19:27,947 - INFO -    URL: https://ark.cn-beijing.volces.com/api/v3/chat/completions
2025-06-22 22:19:27,947 - INFO -    Model: doubao-1-5-pro-256k-250115
2025-06-22 22:19:27,947 - INFO -    Prompt长度: 286字符
2025-06-22 22:19:27,948 - INFO -    Max Tokens: 1000
2025-06-22 22:19:27,948 - INFO - 📡 发送API请求 (尝试 1/3)...
2025-06-22 22:19:33,956 - INFO - 📡 响应状态码: 200
2025-06-22 22:19:33,957 - INFO - ✅ API调用成功，返回内容长度: 279字符
2025-06-22 22:19:33,974 - INFO - 📝 已将 25 个关键词追加到CSV: 内容违反社会主义核心价值观-破坏民族团结_批次4
2025-06-22 22:19:33,974 - INFO - ✅ 第 4 批生成 25 个关键词
2025-06-22 22:19:33,975 - INFO - ⏳ 等待 3 秒后继续下一批...
2025-06-22 22:19:36,980 - INFO - 🔄 破坏民族团结 - 第 5/5 批 (目标: 40个)
2025-06-22 22:19:36,980 - INFO - 🔍 API调用详情:
2025-06-22 22:19:36,981 - INFO -    URL: https://ark.cn-beijing.volces.com/api/v3/chat/completions
2025-06-22 22:19:36,981 - INFO -    Model: doubao-1-5-pro-256k-250115
2025-06-22 22:19:36,981 - INFO -    Prompt长度: 286字符
2025-06-22 22:19:36,982 - INFO -    Max Tokens: 1000
2025-06-22 22:19:36,982 - INFO - 📡 发送API请求 (尝试 1/3)...
2025-06-22 22:19:42,046 - INFO - 📡 响应状态码: 200
2025-06-22 22:19:42,047 - INFO - ✅ API调用成功，返回内容长度: 279字符
2025-06-22 22:19:42,069 - INFO - 📝 已将 27 个关键词追加到CSV: 内容违反社会主义核心价值观-破坏民族团结_批次5
2025-06-22 22:19:42,070 - INFO - ✅ 第 5 批生成 27 个关键词
2025-06-22 22:19:42,070 - INFO - 🎯 破坏民族团结 完成: 161/200 (80.5%)
2025-06-22 22:19:42,071 - INFO - 开始生成 内容违反社会主义核心价值观 -> 宗教极端 的关键词
2025-06-22 22:19:42,071 - INFO - ✅ 内容违反社会主义核心价值观-破坏民族团结: 161 个关键词
2025-06-22 22:19:42,071 - INFO - 📦 宗教极端 将分 5 批生成，每批 40 个
2025-06-22 22:19:42,072 - INFO - 🔄 宗教极端 - 第 1/5 批 (目标: 40个)
2025-06-22 22:19:42,073 - INFO - 🔍 API调用详情:
2025-06-22 22:19:42,073 - INFO -    URL: https://ark.cn-beijing.volces.com/api/v3/chat/completions
2025-06-22 22:19:42,074 - INFO -    Model: doubao-1-5-pro-256k-250115
2025-06-22 22:19:42,074 - INFO -    Prompt长度: 185字符
2025-06-22 22:19:42,074 - INFO -    Max Tokens: 1000
2025-06-22 22:19:42,075 - INFO - 📡 发送API请求 (尝试 1/3)...
2025-06-22 22:19:48,735 - INFO - 📡 响应状态码: 200
2025-06-22 22:19:48,736 - INFO - ✅ API调用成功，返回内容长度: 284字符
2025-06-22 22:19:48,768 - INFO - 📝 已将 51 个关键词追加到CSV: 内容违反社会主义核心价值观-宗教极端_批次1
2025-06-22 22:19:48,769 - INFO - ✅ 第 1 批生成 51 个关键词
2025-06-22 22:19:48,770 - INFO - ⏳ 等待 3 秒后继续下一批...
2025-06-22 22:19:51,779 - INFO - 🔄 宗教极端 - 第 2/5 批 (目标: 40个)
2025-06-22 22:19:51,779 - INFO - 🔍 API调用详情:
2025-06-22 22:19:51,780 - INFO -    URL: https://ark.cn-beijing.volces.com/api/v3/chat/completions
2025-06-22 22:19:51,780 - INFO -    Model: doubao-1-5-pro-256k-250115
2025-06-22 22:19:51,780 - INFO -    Prompt长度: 266字符
2025-06-22 22:19:51,780 - INFO -    Max Tokens: 1000
2025-06-22 22:19:51,781 - INFO - 📡 发送API请求 (尝试 1/3)...
2025-06-22 22:19:58,205 - INFO - 📡 响应状态码: 200
2025-06-22 22:19:58,206 - INFO - ✅ API调用成功，返回内容长度: 238字符
2025-06-22 22:19:58,228 - INFO - 📝 已将 29 个关键词追加到CSV: 内容违反社会主义核心价值观-宗教极端_批次2
2025-06-22 22:19:58,229 - INFO - ✅ 第 2 批生成 29 个关键词
2025-06-22 22:19:58,229 - INFO - ⏳ 等待 3 秒后继续下一批...
2025-06-22 22:20:01,234 - INFO - 🔄 宗教极端 - 第 3/5 批 (目标: 40个)
2025-06-22 22:20:01,235 - INFO - 🔍 API调用详情:
2025-06-22 22:20:01,236 - INFO -    URL: https://ark.cn-beijing.volces.com/api/v3/chat/completions
2025-06-22 22:20:01,236 - INFO -    Model: doubao-1-5-pro-256k-250115
2025-06-22 22:20:01,237 - INFO -    Prompt长度: 266字符
2025-06-22 22:20:01,238 - INFO -    Max Tokens: 1000
2025-06-22 22:20:01,239 - INFO - 📡 发送API请求 (尝试 1/3)...
2025-06-22 22:20:07,727 - INFO - 📡 响应状态码: 200
2025-06-22 22:20:07,728 - INFO - ✅ API调用成功，返回内容长度: 251字符
2025-06-22 22:20:07,746 - INFO - 📝 已将 28 个关键词追加到CSV: 内容违反社会主义核心价值观-宗教极端_批次3
2025-06-22 22:20:07,746 - INFO - ✅ 第 3 批生成 28 个关键词
2025-06-22 22:20:07,747 - INFO - ⏳ 等待 3 秒后继续下一批...
2025-06-22 22:20:10,762 - INFO - 🔄 宗教极端 - 第 4/5 批 (目标: 40个)
2025-06-22 22:20:10,762 - INFO - 🔍 API调用详情:
2025-06-22 22:20:10,762 - INFO -    URL: https://ark.cn-beijing.volces.com/api/v3/chat/completions
2025-06-22 22:20:10,763 - INFO -    Model: doubao-1-5-pro-256k-250115
2025-06-22 22:20:10,763 - INFO -    Prompt长度: 266字符
2025-06-22 22:20:10,763 - INFO -    Max Tokens: 1000
2025-06-22 22:20:10,764 - INFO - 📡 发送API请求 (尝试 1/3)...
2025-06-22 22:20:18,251 - INFO - 📡 响应状态码: 200
2025-06-22 22:20:18,251 - INFO - ✅ API调用成功，返回内容长度: 239字符
2025-06-22 22:20:18,268 - INFO - 📝 已将 22 个关键词追加到CSV: 内容违反社会主义核心价值观-宗教极端_批次4
2025-06-22 22:20:18,269 - INFO - ✅ 第 4 批生成 22 个关键词
2025-06-22 22:20:18,269 - INFO - ⏳ 等待 3 秒后继续下一批...
2025-06-22 22:20:21,285 - INFO - 🔄 宗教极端 - 第 5/5 批 (目标: 40个)
2025-06-22 22:20:21,285 - INFO - 🔍 API调用详情:
2025-06-22 22:20:21,286 - INFO -    URL: https://ark.cn-beijing.volces.com/api/v3/chat/completions
2025-06-22 22:20:21,286 - INFO -    Model: doubao-1-5-pro-256k-250115
2025-06-22 22:20:21,286 - INFO -    Prompt长度: 266字符
2025-06-22 22:20:21,287 - INFO -    Max Tokens: 1000
2025-06-22 22:20:21,287 - INFO - 📡 发送API请求 (尝试 1/3)...
2025-06-22 22:20:28,574 - INFO - 📡 响应状态码: 200
2025-06-22 22:20:28,574 - INFO - ✅ API调用成功，返回内容长度: 264字符
2025-06-22 22:20:28,603 - INFO - 📝 已将 16 个关键词追加到CSV: 内容违反社会主义核心价值观-宗教极端_批次5
2025-06-22 22:20:28,604 - INFO - ✅ 第 5 批生成 16 个关键词
2025-06-22 22:20:28,604 - INFO - 🔧 宗教极端 当前 146 个，尝试补充...
2025-06-22 22:20:28,605 - INFO - 为 宗教极端 补充 54 个关键词
2025-06-22 22:20:28,605 - INFO - 🔍 API调用详情:
2025-06-22 22:20:28,606 - INFO -    URL: https://ark.cn-beijing.volces.com/api/v3/chat/completions
2025-06-22 22:20:28,606 - INFO -    Model: doubao-1-5-pro-256k-250115
2025-06-22 22:20:28,607 - INFO -    Prompt长度: 192字符
2025-06-22 22:20:28,607 - INFO -    Max Tokens: 2000
2025-06-22 22:20:28,607 - INFO - 📡 发送API请求 (尝试 1/3)...
2025-06-22 22:20:36,866 - INFO - 📡 响应状态码: 200
2025-06-22 22:20:36,867 - INFO - ✅ API调用成功，返回内容长度: 373字符
2025-06-22 22:20:36,884 - INFO - 📝 已将 37 个关键词追加到CSV: 内容违反社会主义核心价值观-宗教极端_补充1
2025-06-22 22:20:36,885 - INFO - 宗教极端 补充后共有 183 个关键词
2025-06-22 22:20:36,885 - INFO - 🔍 API调用详情:
2025-06-22 22:20:36,886 - INFO -    URL: https://ark.cn-beijing.volces.com/api/v3/chat/completions
2025-06-22 22:20:36,886 - INFO -    Model: doubao-1-5-pro-256k-250115
2025-06-22 22:20:36,886 - INFO -    Prompt长度: 192字符
2025-06-22 22:20:36,887 - INFO -    Max Tokens: 2000
2025-06-22 22:20:36,887 - INFO - 📡 发送API请求 (尝试 1/3)...
2025-06-22 22:20:39,783 - INFO - 📡 响应状态码: 200
2025-06-22 22:20:39,784 - INFO - ✅ API调用成功，返回内容长度: 96字符
2025-06-22 22:20:39,801 - INFO - 📝 已将 1 个关键词追加到CSV: 内容违反社会主义核心价值观-宗教极端_补充2
2025-06-22 22:20:39,801 - INFO - 宗教极端 补充后共有 184 个关键词
2025-06-22 22:20:39,802 - INFO - 🔍 API调用详情:
2025-06-22 22:20:39,802 - INFO -    URL: https://ark.cn-beijing.volces.com/api/v3/chat/completions
2025-06-22 22:20:39,803 - INFO -    Model: doubao-1-5-pro-256k-250115
2025-06-22 22:20:39,803 - INFO -    Prompt长度: 192字符
2025-06-22 22:20:39,804 - INFO -    Max Tokens: 2000
2025-06-22 22:20:39,804 - INFO - 📡 发送API请求 (尝试 1/3)...
2025-06-22 22:20:42,273 - INFO - 📡 响应状态码: 200
2025-06-22 22:20:42,274 - INFO - ✅ API调用成功，返回内容长度: 95字符
2025-06-22 22:20:42,293 - INFO - 📝 已将 3 个关键词追加到CSV: 内容违反社会主义核心价值观-宗教极端_补充3
2025-06-22 22:20:42,293 - INFO - 宗教极端 补充后共有 187 个关键词
2025-06-22 22:20:42,294 - INFO - 🎯 宗教极端 完成: 187/200 (93.5%)
2025-06-22 22:20:42,294 - INFO - 开始生成 内容违反社会主义核心价值观 -> 历史虚无 的关键词
2025-06-22 22:20:42,294 - INFO - ✅ 内容违反社会主义核心价值观-宗教极端: 187 个关键词
2025-06-22 22:20:42,295 - INFO - 📦 历史虚无 将分 5 批生成，每批 40 个
2025-06-22 22:20:42,296 - INFO - 🔄 历史虚无 - 第 1/5 批 (目标: 40个)
2025-06-22 22:20:42,296 - INFO - 🔍 API调用详情:
2025-06-22 22:20:42,297 - INFO -    URL: https://ark.cn-beijing.volces.com/api/v3/chat/completions
2025-06-22 22:20:42,297 - INFO -    Model: doubao-1-5-pro-256k-250115
2025-06-22 22:20:42,298 - INFO -    Prompt长度: 186字符
2025-06-22 22:20:42,298 - INFO -    Max Tokens: 1000
2025-06-22 22:20:42,299 - INFO - 📡 发送API请求 (尝试 1/3)...
2025-06-22 22:20:48,081 - INFO - 📡 响应状态码: 200
2025-06-22 22:20:48,082 - INFO - ✅ API调用成功，返回内容长度: 289字符
2025-06-22 22:20:48,101 - INFO - 📝 已将 40 个关键词追加到CSV: 内容违反社会主义核心价值观-历史虚无_批次1
2025-06-22 22:20:48,101 - INFO - ✅ 第 1 批生成 40 个关键词
2025-06-22 22:20:48,102 - INFO - ⏳ 等待 3 秒后继续下一批...
2025-06-22 22:20:51,107 - INFO - 🔄 历史虚无 - 第 2/5 批 (目标: 40个)
2025-06-22 22:20:51,107 - INFO - 🔍 API调用详情:
2025-06-22 22:20:51,108 - INFO -    URL: https://ark.cn-beijing.volces.com/api/v3/chat/completions
2025-06-22 22:20:51,108 - INFO -    Model: doubao-1-5-pro-256k-250115
2025-06-22 22:20:51,108 - INFO -    Prompt长度: 283字符
2025-06-22 22:20:51,108 - INFO -    Max Tokens: 1000
2025-06-22 22:20:51,109 - INFO - 📡 发送API请求 (尝试 1/3)...
2025-06-22 22:20:56,249 - INFO - 📡 响应状态码: 200
2025-06-22 22:20:56,250 - INFO - ✅ API调用成功，返回内容长度: 315字符
2025-06-22 22:20:56,268 - INFO - 📝 已将 39 个关键词追加到CSV: 内容违反社会主义核心价值观-历史虚无_批次2
2025-06-22 22:20:56,268 - INFO - ✅ 第 2 批生成 39 个关键词
2025-06-22 22:20:56,269 - INFO - ⏳ 等待 3 秒后继续下一批...
2025-06-22 22:20:59,274 - INFO - 🔄 历史虚无 - 第 3/5 批 (目标: 40个)
2025-06-22 22:20:59,274 - INFO - 🔍 API调用详情:
2025-06-22 22:20:59,275 - INFO -    URL: https://ark.cn-beijing.volces.com/api/v3/chat/completions
2025-06-22 22:20:59,275 - INFO -    Model: doubao-1-5-pro-256k-250115
2025-06-22 22:20:59,275 - INFO -    Prompt长度: 283字符
2025-06-22 22:20:59,276 - INFO -    Max Tokens: 1000
2025-06-22 22:20:59,276 - INFO - 📡 发送API请求 (尝试 1/3)...
2025-06-22 22:21:05,021 - INFO - 📡 响应状态码: 200
2025-06-22 22:21:05,022 - INFO - ✅ API调用成功，返回内容长度: 307字符
2025-06-22 22:21:05,040 - INFO - 📝 已将 38 个关键词追加到CSV: 内容违反社会主义核心价值观-历史虚无_批次3
2025-06-22 22:21:05,041 - INFO - ✅ 第 3 批生成 38 个关键词
2025-06-22 22:21:05,041 - INFO - ⏳ 等待 3 秒后继续下一批...
2025-06-22 22:21:08,055 - INFO - 🔄 历史虚无 - 第 4/5 批 (目标: 40个)
2025-06-22 22:21:08,055 - INFO - 🔍 API调用详情:
2025-06-22 22:21:08,056 - INFO -    URL: https://ark.cn-beijing.volces.com/api/v3/chat/completions
2025-06-22 22:21:08,056 - INFO -    Model: doubao-1-5-pro-256k-250115
2025-06-22 22:21:08,056 - INFO -    Prompt长度: 283字符
2025-06-22 22:21:08,056 - INFO -    Max Tokens: 1000
2025-06-22 22:21:08,057 - INFO - 📡 发送API请求 (尝试 1/3)...
2025-06-22 22:21:13,343 - INFO - 📡 响应状态码: 200
2025-06-22 22:21:13,344 - INFO - ✅ API调用成功，返回内容长度: 290字符
2025-06-22 22:21:13,362 - INFO - 📝 已将 34 个关键词追加到CSV: 内容违反社会主义核心价值观-历史虚无_批次4
2025-06-22 22:21:13,363 - INFO - ✅ 第 4 批生成 34 个关键词
2025-06-22 22:21:13,363 - INFO - ⏳ 等待 3 秒后继续下一批...
2025-06-22 22:21:16,378 - INFO - 🔄 历史虚无 - 第 5/5 批 (目标: 40个)
2025-06-22 22:21:16,378 - INFO - 🔍 API调用详情:
2025-06-22 22:21:16,379 - INFO -    URL: https://ark.cn-beijing.volces.com/api/v3/chat/completions
2025-06-22 22:21:16,379 - INFO -    Model: doubao-1-5-pro-256k-250115
2025-06-22 22:21:16,379 - INFO -    Prompt长度: 283字符
2025-06-22 22:21:16,380 - INFO -    Max Tokens: 1000
2025-06-22 22:21:16,380 - INFO - 📡 发送API请求 (尝试 1/3)...
2025-06-22 22:21:22,161 - INFO - 📡 响应状态码: 200
2025-06-22 22:21:22,161 - INFO - ✅ API调用成功，返回内容长度: 302字符
2025-06-22 22:21:22,179 - INFO - 📝 已将 29 个关键词追加到CSV: 内容违反社会主义核心价值观-历史虚无_批次5
2025-06-22 22:21:22,179 - INFO - ✅ 第 5 批生成 29 个关键词
2025-06-22 22:21:22,179 - INFO - 🎯 历史虚无 完成: 180/200 (90.0%)
2025-06-22 22:21:22,180 - INFO - 开始生成 内容违反社会主义核心价值观 -> 价值观扭曲 的关键词
2025-06-22 22:21:22,180 - INFO - ✅ 内容违反社会主义核心价值观-历史虚无: 180 个关键词
2025-06-22 22:21:22,180 - INFO - 📦 价值观扭曲 将分 5 批生成，每批 40 个
2025-06-22 22:21:22,181 - INFO - 🔄 价值观扭曲 - 第 1/5 批 (目标: 40个)
2025-06-22 22:21:22,181 - INFO - 🔍 API调用详情:
2025-06-22 22:21:22,181 - INFO -    URL: https://ark.cn-beijing.volces.com/api/v3/chat/completions
2025-06-22 22:21:22,182 - INFO -    Model: doubao-1-5-pro-256k-250115
2025-06-22 22:21:22,182 - INFO -    Prompt长度: 187字符
2025-06-22 22:21:22,182 - INFO -    Max Tokens: 1000
2025-06-22 22:21:22,183 - INFO - 📡 发送API请求 (尝试 1/3)...
2025-06-22 22:21:28,990 - INFO - 📡 响应状态码: 200
2025-06-22 22:21:28,991 - INFO - ✅ API调用成功，返回内容长度: 270字符
2025-06-22 22:21:29,008 - INFO - 📝 已将 39 个关键词追加到CSV: 内容违反社会主义核心价值观-价值观扭曲_批次1
2025-06-22 22:21:29,008 - INFO - ✅ 第 1 批生成 39 个关键词
2025-06-22 22:21:29,009 - INFO - ⏳ 等待 3 秒后继续下一批...
2025-06-22 22:21:32,010 - INFO - 🔄 价值观扭曲 - 第 2/5 批 (目标: 40个)
2025-06-22 22:21:32,010 - INFO - 🔍 API调用详情:
2025-06-22 22:21:32,011 - INFO -    URL: https://ark.cn-beijing.volces.com/api/v3/chat/completions
2025-06-22 22:21:32,011 - INFO -    Model: doubao-1-5-pro-256k-250115
2025-06-22 22:21:32,011 - INFO -    Prompt长度: 283字符
2025-06-22 22:21:32,011 - INFO -    Max Tokens: 1000
2025-06-22 22:21:32,012 - INFO - 📡 发送API请求 (尝试 1/3)...
2025-06-22 22:21:38,604 - INFO - 📡 响应状态码: 200
2025-06-22 22:21:38,605 - INFO - ✅ API调用成功，返回内容长度: 279字符
2025-06-22 22:21:38,627 - INFO - 📝 已将 39 个关键词追加到CSV: 内容违反社会主义核心价值观-价值观扭曲_批次2
2025-06-22 22:21:38,627 - INFO - ✅ 第 2 批生成 39 个关键词
2025-06-22 22:21:38,628 - INFO - ⏳ 等待 3 秒后继续下一批...
2025-06-22 22:21:41,643 - INFO - 🔄 价值观扭曲 - 第 3/5 批 (目标: 40个)
2025-06-22 22:21:41,643 - INFO - 🔍 API调用详情:
2025-06-22 22:21:41,644 - INFO -    URL: https://ark.cn-beijing.volces.com/api/v3/chat/completions
2025-06-22 22:21:41,645 - INFO -    Model: doubao-1-5-pro-256k-250115
2025-06-22 22:21:41,645 - INFO -    Prompt长度: 283字符
2025-06-22 22:21:41,646 - INFO -    Max Tokens: 1000
2025-06-22 22:21:41,646 - INFO - 📡 发送API请求 (尝试 1/3)...
2025-06-22 22:21:47,988 - INFO - 📡 响应状态码: 200
2025-06-22 22:21:47,988 - INFO - ✅ API调用成功，返回内容长度: 279字符
2025-06-22 22:21:48,006 - INFO - 📝 已将 35 个关键词追加到CSV: 内容违反社会主义核心价值观-价值观扭曲_批次3
2025-06-22 22:21:48,006 - INFO - ✅ 第 3 批生成 35 个关键词
2025-06-22 22:21:48,007 - INFO - ⏳ 等待 3 秒后继续下一批...
2025-06-22 22:21:51,023 - INFO - 🔄 价值观扭曲 - 第 4/5 批 (目标: 40个)
2025-06-22 22:21:51,023 - INFO - 🔍 API调用详情:
2025-06-22 22:21:51,024 - INFO -    URL: https://ark.cn-beijing.volces.com/api/v3/chat/completions
2025-06-22 22:21:51,024 - INFO -    Model: doubao-1-5-pro-256k-250115
2025-06-22 22:21:51,024 - INFO -    Prompt长度: 283字符
2025-06-22 22:21:51,024 - INFO -    Max Tokens: 1000
2025-06-22 22:21:51,025 - INFO - 📡 发送API请求 (尝试 1/3)...
2025-06-22 22:21:57,120 - INFO - 📡 响应状态码: 200
2025-06-22 22:21:57,120 - INFO - ✅ API调用成功，返回内容长度: 279字符
2025-06-22 22:21:57,139 - INFO - 📝 已将 33 个关键词追加到CSV: 内容违反社会主义核心价值观-价值观扭曲_批次4
2025-06-22 22:21:57,139 - INFO - ✅ 第 4 批生成 33 个关键词
2025-06-22 22:21:57,139 - INFO - ⏳ 等待 3 秒后继续下一批...
2025-06-22 22:22:00,153 - INFO - 🔄 价值观扭曲 - 第 5/5 批 (目标: 40个)
2025-06-22 22:22:00,153 - INFO - 🔍 API调用详情:
2025-06-22 22:22:00,154 - INFO -    URL: https://ark.cn-beijing.volces.com/api/v3/chat/completions
2025-06-22 22:22:00,154 - INFO -    Model: doubao-1-5-pro-256k-250115
2025-06-22 22:22:00,154 - INFO -    Prompt长度: 283字符
2025-06-22 22:22:00,154 - INFO -    Max Tokens: 1000
2025-06-22 22:22:00,155 - INFO - 📡 发送API请求 (尝试 1/3)...
2025-06-22 22:22:05,991 - INFO - 📡 响应状态码: 200
2025-06-22 22:22:05,992 - INFO - ✅ API调用成功，返回内容长度: 279字符
2025-06-22 22:22:06,021 - INFO - 📝 已将 32 个关键词追加到CSV: 内容违反社会主义核心价值观-价值观扭曲_批次5
2025-06-22 22:22:06,021 - INFO - ✅ 第 5 批生成 32 个关键词
2025-06-22 22:22:06,022 - INFO - 🎯 价值观扭曲 完成: 178/200 (89.0%)
2025-06-22 22:22:06,022 - INFO - 开始生成 歧视性内容 -> 性别歧视 的关键词
2025-06-22 22:22:06,022 - INFO - ✅ 内容违反社会主义核心价值观-价值观扭曲: 178 个关键词
2025-06-22 22:22:06,023 - INFO - 📦 性别歧视 将分 3 批生成，每批 40 个
2025-06-22 22:22:06,023 - INFO - 🔄 性别歧视 - 第 1/3 批 (目标: 40个)
2025-06-22 22:22:06,024 - INFO - 🔍 API调用详情:
2025-06-22 22:22:06,024 - INFO -    URL: https://ark.cn-beijing.volces.com/api/v3/chat/completions
2025-06-22 22:22:06,024 - INFO -    Model: doubao-1-5-pro-256k-250115
2025-06-22 22:22:06,025 - INFO -    Prompt长度: 185字符
2025-06-22 22:22:06,025 - INFO -    Max Tokens: 1000
2025-06-22 22:22:06,025 - INFO - 📡 发送API请求 (尝试 1/3)...
2025-06-22 22:22:12,976 - INFO - 📡 响应状态码: 200
2025-06-22 22:22:12,976 - INFO - ✅ API调用成功，返回内容长度: 293字符
2025-06-22 22:22:12,995 - INFO - 📝 已将 39 个关键词追加到CSV: 歧视性内容-性别歧视_批次1
2025-06-22 22:22:12,995 - INFO - ✅ 第 1 批生成 39 个关键词
2025-06-22 22:22:12,996 - INFO - ⏳ 等待 3 秒后继续下一批...
2025-06-22 22:22:16,011 - INFO - 🔄 性别歧视 - 第 2/3 批 (目标: 40个)
2025-06-22 22:22:16,011 - INFO - 🔍 API调用详情:
2025-06-22 22:22:16,012 - INFO -    URL: https://ark.cn-beijing.volces.com/api/v3/chat/completions
2025-06-22 22:22:16,012 - INFO -    Model: doubao-1-5-pro-256k-250115
2025-06-22 22:22:16,012 - INFO -    Prompt长度: 285字符
2025-06-22 22:22:16,012 - INFO -    Max Tokens: 1000
2025-06-22 22:22:16,013 - INFO - 📡 发送API请求 (尝试 1/3)...
2025-06-22 22:22:22,884 - INFO - 📡 响应状态码: 200
2025-06-22 22:22:22,885 - INFO - ✅ API调用成功，返回内容长度: 301字符
2025-06-22 22:22:22,903 - INFO - 📝 已将 40 个关键词追加到CSV: 歧视性内容-性别歧视_批次2
2025-06-22 22:22:22,904 - INFO - ✅ 第 2 批生成 40 个关键词
2025-06-22 22:22:22,904 - INFO - ⏳ 等待 3 秒后继续下一批...
2025-06-22 22:22:25,914 - INFO - 🔄 性别歧视 - 第 3/3 批 (目标: 21个)
2025-06-22 22:22:25,914 - INFO - 🔍 API调用详情:
2025-06-22 22:22:25,915 - INFO -    URL: https://ark.cn-beijing.volces.com/api/v3/chat/completions
2025-06-22 22:22:25,915 - INFO -    Model: doubao-1-5-pro-256k-250115
2025-06-22 22:22:25,915 - INFO -    Prompt长度: 285字符
2025-06-22 22:22:25,916 - INFO -    Max Tokens: 1000
2025-06-22 22:22:25,916 - INFO - 📡 发送API请求 (尝试 1/3)...
2025-06-22 22:22:29,212 - INFO - 📡 响应状态码: 200
2025-06-22 22:22:29,212 - INFO - ✅ API调用成功，返回内容长度: 134字符
2025-06-22 22:22:29,234 - INFO - 📝 已将 19 个关键词追加到CSV: 歧视性内容-性别歧视_批次3
2025-06-22 22:22:29,234 - INFO - ✅ 第 3 批生成 19 个关键词
2025-06-22 22:22:29,235 - INFO - 🎯 性别歧视 完成: 98/100 (98.0%)
2025-06-22 22:22:29,235 - INFO - 开始生成 歧视性内容 -> 种族歧视 的关键词
2025-06-22 22:22:29,235 - INFO - ✅ 歧视性内容-性别歧视: 98 个关键词
2025-06-22 22:22:29,236 - INFO - 📦 种族歧视 将分 3 批生成，每批 40 个
2025-06-22 22:22:29,236 - INFO - 🔄 种族歧视 - 第 1/3 批 (目标: 40个)
2025-06-22 22:22:29,237 - INFO - 🔍 API调用详情:
2025-06-22 22:22:29,237 - INFO -    URL: https://ark.cn-beijing.volces.com/api/v3/chat/completions
2025-06-22 22:22:29,237 - INFO -    Model: doubao-1-5-pro-256k-250115
2025-06-22 22:22:29,237 - INFO -    Prompt长度: 185字符
2025-06-22 22:22:29,238 - INFO -    Max Tokens: 1000
2025-06-22 22:22:29,238 - INFO - 📡 发送API请求 (尝试 1/3)...
2025-06-22 22:22:34,395 - INFO - 📡 响应状态码: 200
2025-06-22 22:22:34,396 - INFO - ✅ API调用成功，返回内容长度: 173字符
2025-06-22 22:22:34,418 - INFO - 📝 已将 41 个关键词追加到CSV: 歧视性内容-种族歧视_批次1
2025-06-22 22:22:34,419 - INFO - ✅ 第 1 批生成 41 个关键词
2025-06-22 22:22:34,419 - INFO - ⏳ 等待 3 秒后继续下一批...
2025-06-22 22:22:37,431 - INFO - 🔄 种族歧视 - 第 2/3 批 (目标: 40个)
2025-06-22 22:22:37,431 - INFO - 🔍 API调用详情:
2025-06-22 22:22:37,432 - INFO -    URL: https://ark.cn-beijing.volces.com/api/v3/chat/completions
2025-06-22 22:22:37,432 - INFO -    Model: doubao-1-5-pro-256k-250115
2025-06-22 22:22:37,432 - INFO -    Prompt长度: 257字符
2025-06-22 22:22:37,433 - INFO -    Max Tokens: 1000
2025-06-22 22:22:37,433 - INFO - 📡 发送API请求 (尝试 1/3)...
2025-06-22 22:22:39,774 - INFO - 📡 响应状态码: 200
2025-06-22 22:22:39,775 - INFO - ✅ API调用成功，返回内容长度: 89字符
2025-06-22 22:22:39,776 - WARNING - ⚠️ 批次 2 尝试 1 未生成有效关键词
2025-06-22 22:22:39,776 - INFO - 🔍 API调用详情:
2025-06-22 22:22:39,777 - INFO -    URL: https://ark.cn-beijing.volces.com/api/v3/chat/completions
2025-06-22 22:22:39,777 - INFO -    Model: doubao-1-5-pro-256k-250115
2025-06-22 22:22:39,778 - INFO -    Prompt长度: 257字符
2025-06-22 22:22:39,778 - INFO -    Max Tokens: 1000
2025-06-22 22:22:39,779 - INFO - 📡 发送API请求 (尝试 1/3)...
2025-06-22 22:22:41,806 - INFO - 📡 响应状态码: 200
2025-06-22 22:22:41,806 - INFO - ✅ API调用成功，返回内容长度: 87字符
2025-06-22 22:22:41,807 - WARNING - ⚠️ 批次 2 尝试 2 未生成有效关键词
2025-06-22 22:22:41,807 - INFO - 🔍 API调用详情:
2025-06-22 22:22:41,807 - INFO -    URL: https://ark.cn-beijing.volces.com/api/v3/chat/completions
2025-06-22 22:22:41,808 - INFO -    Model: doubao-1-5-pro-256k-250115
2025-06-22 22:22:41,808 - INFO -    Prompt长度: 257字符
2025-06-22 22:22:41,808 - INFO -    Max Tokens: 1000
2025-06-22 22:22:41,809 - INFO - 📡 发送API请求 (尝试 1/3)...
2025-06-22 22:22:44,332 - INFO - 📡 响应状态码: 200
2025-06-22 22:22:44,333 - INFO - ✅ API调用成功，返回内容长度: 123字符
2025-06-22 22:22:44,333 - WARNING - ⚠️ 批次 2 尝试 3 未生成有效关键词
2025-06-22 22:22:44,334 - INFO - 🔍 API调用详情:
2025-06-22 22:22:44,334 - INFO -    URL: https://ark.cn-beijing.volces.com/api/v3/chat/completions
2025-06-22 22:22:44,335 - INFO -    Model: doubao-1-5-pro-256k-250115
2025-06-22 22:22:44,335 - INFO -    Prompt长度: 257字符
2025-06-22 22:22:44,336 - INFO -    Max Tokens: 1000
2025-06-22 22:22:44,336 - INFO - 📡 发送API请求 (尝试 1/3)...
2025-06-22 22:22:46,403 - INFO - 📡 响应状态码: 200
2025-06-22 22:22:46,404 - INFO - ✅ API调用成功，返回内容长度: 102字符
2025-06-22 22:22:46,405 - WARNING - ⚠️ 批次 2 尝试 4 未生成有效关键词
2025-06-22 22:22:46,405 - WARNING - ❌ 第 2 批生成失败
2025-06-22 22:22:46,406 - INFO - ⏳ 等待 3 秒后继续下一批...
2025-06-22 22:22:49,418 - INFO - 🔄 种族歧视 - 第 3/3 批 (目标: 40个)
2025-06-22 22:22:49,418 - INFO - 🔍 API调用详情:
2025-06-22 22:22:49,419 - INFO -    URL: https://ark.cn-beijing.volces.com/api/v3/chat/completions
2025-06-22 22:22:49,419 - INFO -    Model: doubao-1-5-pro-256k-250115
2025-06-22 22:22:49,420 - INFO -    Prompt长度: 257字符
2025-06-22 22:22:49,420 - INFO -    Max Tokens: 1000
2025-06-22 22:22:49,421 - INFO - 📡 发送API请求 (尝试 1/3)...
2025-06-22 22:22:51,829 - INFO - 📡 响应状态码: 200
2025-06-22 22:22:51,830 - INFO - ✅ API调用成功，返回内容长度: 112字符
2025-06-22 22:22:51,830 - WARNING - ⚠️ 批次 3 尝试 1 未生成有效关键词
2025-06-22 22:22:51,830 - INFO - 🔍 API调用详情:
2025-06-22 22:22:51,831 - INFO -    URL: https://ark.cn-beijing.volces.com/api/v3/chat/completions
2025-06-22 22:22:51,831 - INFO -    Model: doubao-1-5-pro-256k-250115
2025-06-22 22:22:51,831 - INFO -    Prompt长度: 257字符
2025-06-22 22:22:51,831 - INFO -    Max Tokens: 1000
2025-06-22 22:22:51,832 - INFO - 📡 发送API请求 (尝试 1/3)...
2025-06-22 22:22:53,525 - INFO - 📡 响应状态码: 200
2025-06-22 22:22:53,525 - INFO - ✅ API调用成功，返回内容长度: 93字符
2025-06-22 22:22:53,526 - WARNING - ⚠️ 批次 3 尝试 2 未生成有效关键词
2025-06-22 22:22:53,526 - INFO - 🔍 API调用详情:
2025-06-22 22:22:53,526 - INFO -    URL: https://ark.cn-beijing.volces.com/api/v3/chat/completions
2025-06-22 22:22:53,527 - INFO -    Model: doubao-1-5-pro-256k-250115
2025-06-22 22:22:53,527 - INFO -    Prompt长度: 257字符
2025-06-22 22:22:53,527 - INFO -    Max Tokens: 1000
2025-06-22 22:22:53,527 - INFO - 📡 发送API请求 (尝试 1/3)...
2025-06-22 22:22:55,612 - INFO - 📡 响应状态码: 200
2025-06-22 22:22:55,612 - INFO - ✅ API调用成功，返回内容长度: 93字符
2025-06-22 22:22:55,613 - WARNING - ⚠️ 批次 3 尝试 3 未生成有效关键词
2025-06-22 22:22:55,613 - INFO - 🔍 API调用详情:
2025-06-22 22:22:55,614 - INFO -    URL: https://ark.cn-beijing.volces.com/api/v3/chat/completions
2025-06-22 22:22:55,614 - INFO -    Model: doubao-1-5-pro-256k-250115
2025-06-22 22:22:55,615 - INFO -    Prompt长度: 257字符
2025-06-22 22:22:55,615 - INFO -    Max Tokens: 1000
2025-06-22 22:22:55,616 - INFO - 📡 发送API请求 (尝试 1/3)...
2025-06-22 22:22:57,405 - INFO - 📡 响应状态码: 200
2025-06-22 22:22:57,406 - INFO - ✅ API调用成功，返回内容长度: 88字符
2025-06-22 22:22:57,407 - WARNING - ⚠️ 批次 3 尝试 4 未生成有效关键词
2025-06-22 22:22:57,408 - WARNING - ❌ 第 3 批生成失败
2025-06-22 22:22:57,408 - INFO - 🔧 种族歧视 当前 41 个，尝试补充...
2025-06-22 22:22:57,409 - INFO - 为 种族歧视 补充 59 个关键词
2025-06-22 22:22:57,410 - INFO - 🔍 API调用详情:
2025-06-22 22:22:57,410 - INFO -    URL: https://ark.cn-beijing.volces.com/api/v3/chat/completions
2025-06-22 22:22:57,411 - INFO -    Model: doubao-1-5-pro-256k-250115
2025-06-22 22:22:57,411 - INFO -    Prompt长度: 182字符
2025-06-22 22:22:57,412 - INFO -    Max Tokens: 2000
2025-06-22 22:22:57,413 - INFO - 📡 发送API请求 (尝试 1/3)...
2025-06-22 22:22:59,462 - INFO - 📡 响应状态码: 200
2025-06-22 22:22:59,462 - INFO - ✅ API调用成功，返回内容长度: 115字符
2025-06-22 22:22:59,463 - INFO - 种族歧视 补充后共有 41 个关键词
2025-06-22 22:22:59,463 - INFO - 🔍 API调用详情:
2025-06-22 22:22:59,463 - INFO -    URL: https://ark.cn-beijing.volces.com/api/v3/chat/completions
2025-06-22 22:22:59,463 - INFO -    Model: doubao-1-5-pro-256k-250115
2025-06-22 22:22:59,464 - INFO -    Prompt长度: 182字符
2025-06-22 22:22:59,464 - INFO -    Max Tokens: 2000
2025-06-22 22:22:59,464 - INFO - 📡 发送API请求 (尝试 1/3)...
2025-06-22 22:23:01,727 - INFO - 📡 响应状态码: 200
2025-06-22 22:23:01,728 - INFO - ✅ API调用成功，返回内容长度: 112字符
2025-06-22 22:23:01,728 - INFO - 种族歧视 补充后共有 41 个关键词
2025-06-22 22:23:01,729 - INFO - 🔍 API调用详情:
2025-06-22 22:23:01,729 - INFO -    URL: https://ark.cn-beijing.volces.com/api/v3/chat/completions
2025-06-22 22:23:01,729 - INFO -    Model: doubao-1-5-pro-256k-250115
2025-06-22 22:23:01,730 - INFO -    Prompt长度: 182字符
2025-06-22 22:23:01,730 - INFO -    Max Tokens: 2000
2025-06-22 22:23:01,730 - INFO - 📡 发送API请求 (尝试 1/3)...
2025-06-22 22:23:03,533 - INFO - 📡 响应状态码: 200
2025-06-22 22:23:03,534 - INFO - ✅ API调用成功，返回内容长度: 114字符
2025-06-22 22:23:03,534 - INFO - 种族歧视 补充后共有 41 个关键词
2025-06-22 22:23:03,535 - INFO - 🎯 种族歧视 完成: 41/100 (41.0%)
2025-06-22 22:23:03,535 - INFO - 开始生成 歧视性内容 -> 年龄歧视 的关键词
2025-06-22 22:23:03,535 - INFO - ✅ 歧视性内容-种族歧视: 41 个关键词
2025-06-22 22:23:03,535 - INFO - 📦 年龄歧视 将分 3 批生成，每批 40 个
2025-06-22 22:23:03,536 - INFO - 🔄 年龄歧视 - 第 1/3 批 (目标: 40个)
2025-06-22 22:23:03,536 - INFO - 🔍 API调用详情:
2025-06-22 22:23:03,536 - INFO -    URL: https://ark.cn-beijing.volces.com/api/v3/chat/completions
2025-06-22 22:23:03,537 - INFO -    Model: doubao-1-5-pro-256k-250115
2025-06-22 22:23:03,537 - INFO -    Prompt长度: 182字符
2025-06-22 22:23:03,537 - INFO -    Max Tokens: 1000
2025-06-22 22:23:03,537 - INFO - 📡 发送API请求 (尝试 1/3)...
2025-06-22 22:23:08,692 - INFO - 📡 响应状态码: 200
2025-06-22 22:23:08,693 - INFO - ✅ API调用成功，返回内容长度: 197字符
2025-06-22 22:23:08,719 - INFO - 📝 已将 41 个关键词追加到CSV: 歧视性内容-年龄歧视_批次1
2025-06-22 22:23:08,719 - INFO - ✅ 第 1 批生成 41 个关键词
2025-06-22 22:23:08,720 - INFO - ⏳ 等待 3 秒后继续下一批...
2025-06-22 22:23:11,730 - INFO - 🔄 年龄歧视 - 第 2/3 批 (目标: 40个)
2025-06-22 22:23:11,730 - INFO - 🔍 API调用详情:
2025-06-22 22:23:11,731 - INFO -    URL: https://ark.cn-beijing.volces.com/api/v3/chat/completions
2025-06-22 22:23:11,731 - INFO -    Model: doubao-1-5-pro-256k-250115
2025-06-22 22:23:11,731 - INFO -    Prompt长度: 258字符
2025-06-22 22:23:11,731 - INFO -    Max Tokens: 1000
2025-06-22 22:23:11,732 - INFO - 📡 发送API请求 (尝试 1/3)...
2025-06-22 22:23:16,988 - INFO - 📡 响应状态码: 200
2025-06-22 22:23:16,989 - INFO - ✅ API调用成功，返回内容长度: 198字符
2025-06-22 22:23:17,007 - INFO - 📝 已将 31 个关键词追加到CSV: 歧视性内容-年龄歧视_批次2
2025-06-22 22:23:17,007 - INFO - ✅ 第 2 批生成 31 个关键词
2025-06-22 22:23:17,008 - INFO - ⏳ 等待 3 秒后继续下一批...
2025-06-22 22:23:20,021 - INFO - 🔄 年龄歧视 - 第 3/3 批 (目标: 28个)
2025-06-22 22:23:20,021 - INFO - 🔍 API调用详情:
2025-06-22 22:23:20,022 - INFO -    URL: https://ark.cn-beijing.volces.com/api/v3/chat/completions
2025-06-22 22:23:20,022 - INFO -    Model: doubao-1-5-pro-256k-250115
2025-06-22 22:23:20,022 - INFO -    Prompt长度: 258字符
2025-06-22 22:23:20,022 - INFO -    Max Tokens: 1000
2025-06-22 22:23:20,023 - INFO - 📡 发送API请求 (尝试 1/3)...
2025-06-22 22:23:23,137 - INFO - 📡 响应状态码: 200
2025-06-22 22:23:23,138 - INFO - ✅ API调用成功，返回内容长度: 129字符
2025-06-22 22:23:23,157 - INFO - 📝 已将 13 个关键词追加到CSV: 歧视性内容-年龄歧视_批次3
2025-06-22 22:23:23,158 - INFO - ✅ 第 3 批生成 13 个关键词
2025-06-22 22:23:23,158 - INFO - 🎯 年龄歧视 完成: 85/100 (85.0%)
2025-06-22 22:23:23,159 - INFO - 开始生成 歧视性内容 -> 地域歧视 的关键词
2025-06-22 22:23:23,159 - INFO - ✅ 歧视性内容-年龄歧视: 85 个关键词
2025-06-22 22:23:23,160 - INFO - 📦 地域歧视 将分 3 批生成，每批 40 个
2025-06-22 22:23:23,161 - INFO - 🔄 地域歧视 - 第 1/3 批 (目标: 40个)
2025-06-22 22:23:23,161 - INFO - 🔍 API调用详情:
2025-06-22 22:23:23,162 - INFO -    URL: https://ark.cn-beijing.volces.com/api/v3/chat/completions
2025-06-22 22:23:23,163 - INFO -    Model: doubao-1-5-pro-256k-250115
2025-06-22 22:23:23,163 - INFO -    Prompt长度: 185字符
2025-06-22 22:23:23,164 - INFO -    Max Tokens: 1000
2025-06-22 22:23:23,164 - INFO - 📡 发送API请求 (尝试 1/3)...
2025-06-22 22:23:30,204 - INFO - 📡 响应状态码: 200
2025-06-22 22:23:30,205 - INFO - ✅ API调用成功，返回内容长度: 240字符
2025-06-22 22:23:30,228 - INFO - 📝 已将 41 个关键词追加到CSV: 歧视性内容-地域歧视_批次1
2025-06-22 22:23:30,228 - INFO - ✅ 第 1 批生成 41 个关键词
2025-06-22 22:23:30,229 - INFO - ⏳ 等待 3 秒后继续下一批...
2025-06-22 22:23:33,237 - INFO - 🔄 地域歧视 - 第 2/3 批 (目标: 40个)
2025-06-22 22:23:33,238 - INFO - 🔍 API调用详情:
2025-06-22 22:23:33,238 - INFO -    URL: https://ark.cn-beijing.volces.com/api/v3/chat/completions
2025-06-22 22:23:33,238 - INFO -    Model: doubao-1-5-pro-256k-250115
2025-06-22 22:23:33,239 - INFO -    Prompt长度: 275字符
2025-06-22 22:23:33,239 - INFO -    Max Tokens: 1000
2025-06-22 22:23:33,240 - INFO - 📡 发送API请求 (尝试 1/3)...
2025-06-22 22:23:35,102 - INFO - 📡 响应状态码: 200
2025-06-22 22:23:35,103 - INFO - ✅ API调用成功，返回内容长度: 91字符
2025-06-22 22:23:35,103 - WARNING - ⚠️ 批次 2 尝试 1 未生成有效关键词
2025-06-22 22:23:35,103 - INFO - 🔍 API调用详情:
2025-06-22 22:23:35,104 - INFO -    URL: https://ark.cn-beijing.volces.com/api/v3/chat/completions
2025-06-22 22:23:35,104 - INFO -    Model: doubao-1-5-pro-256k-250115
2025-06-22 22:23:35,104 - INFO -    Prompt长度: 275字符
2025-06-22 22:23:35,105 - INFO -    Max Tokens: 1000
2025-06-22 22:23:35,105 - INFO - 📡 发送API请求 (尝试 1/3)...
2025-06-22 22:23:37,005 - INFO - 📡 响应状态码: 200
2025-06-22 22:23:37,005 - INFO - ✅ API调用成功，返回内容长度: 93字符
2025-06-22 22:23:37,005 - WARNING - ⚠️ 批次 2 尝试 2 未生成有效关键词
2025-06-22 22:23:37,006 - INFO - 🔍 API调用详情:
2025-06-22 22:23:37,006 - INFO -    URL: https://ark.cn-beijing.volces.com/api/v3/chat/completions
2025-06-22 22:23:37,006 - INFO -    Model: doubao-1-5-pro-256k-250115
2025-06-22 22:23:37,007 - INFO -    Prompt长度: 275字符
2025-06-22 22:23:37,007 - INFO -    Max Tokens: 1000
2025-06-22 22:23:37,007 - INFO - 📡 发送API请求 (尝试 1/3)...
2025-06-22 22:23:38,659 - INFO - 📡 响应状态码: 200
2025-06-22 22:23:38,660 - INFO - ✅ API调用成功，返回内容长度: 89字符
2025-06-22 22:23:38,660 - WARNING - ⚠️ 批次 2 尝试 3 未生成有效关键词
2025-06-22 22:23:38,661 - INFO - 🔍 API调用详情:
2025-06-22 22:23:38,661 - INFO -    URL: https://ark.cn-beijing.volces.com/api/v3/chat/completions
2025-06-22 22:23:38,661 - INFO -    Model: doubao-1-5-pro-256k-250115
2025-06-22 22:23:38,662 - INFO -    Prompt长度: 275字符
2025-06-22 22:23:38,662 - INFO -    Max Tokens: 1000
2025-06-22 22:23:38,662 - INFO - 📡 发送API请求 (尝试 1/3)...
2025-06-22 22:23:41,204 - INFO - 📡 响应状态码: 200
2025-06-22 22:23:41,204 - INFO - ✅ API调用成功，返回内容长度: 118字符
2025-06-22 22:23:41,205 - WARNING - ⚠️ 批次 2 尝试 4 未生成有效关键词
2025-06-22 22:23:41,205 - WARNING - ❌ 第 2 批生成失败
2025-06-22 22:23:41,205 - INFO - ⏳ 等待 3 秒后继续下一批...
2025-06-22 22:23:44,218 - INFO - 🔄 地域歧视 - 第 3/3 批 (目标: 40个)
2025-06-22 22:23:44,218 - INFO - 🔍 API调用详情:
2025-06-22 22:23:44,219 - INFO -    URL: https://ark.cn-beijing.volces.com/api/v3/chat/completions
2025-06-22 22:23:44,219 - INFO -    Model: doubao-1-5-pro-256k-250115
2025-06-22 22:23:44,219 - INFO -    Prompt长度: 275字符
2025-06-22 22:23:44,219 - INFO -    Max Tokens: 1000
2025-06-22 22:23:44,220 - INFO - 📡 发送API请求 (尝试 1/3)...
2025-06-22 22:23:46,517 - INFO - 📡 响应状态码: 200
2025-06-22 22:23:46,517 - INFO - ✅ API调用成功，返回内容长度: 106字符
2025-06-22 22:23:46,518 - WARNING - ⚠️ 批次 3 尝试 1 未生成有效关键词
2025-06-22 22:23:46,518 - INFO - 🔍 API调用详情:
2025-06-22 22:23:46,518 - INFO -    URL: https://ark.cn-beijing.volces.com/api/v3/chat/completions
2025-06-22 22:23:46,519 - INFO -    Model: doubao-1-5-pro-256k-250115
2025-06-22 22:23:46,519 - INFO -    Prompt长度: 275字符
2025-06-22 22:23:46,519 - INFO -    Max Tokens: 1000
2025-06-22 22:23:46,520 - INFO - 📡 发送API请求 (尝试 1/3)...
2025-06-22 22:23:48,083 - INFO - 📡 响应状态码: 200
2025-06-22 22:23:48,084 - INFO - ✅ API调用成功，返回内容长度: 93字符
2025-06-22 22:23:48,084 - WARNING - ⚠️ 批次 3 尝试 2 未生成有效关键词
2025-06-22 22:23:48,085 - INFO - 🔍 API调用详情:
2025-06-22 22:23:48,085 - INFO -    URL: https://ark.cn-beijing.volces.com/api/v3/chat/completions
2025-06-22 22:23:48,085 - INFO -    Model: doubao-1-5-pro-256k-250115
2025-06-22 22:23:48,085 - INFO -    Prompt长度: 275字符
2025-06-22 22:23:48,086 - INFO -    Max Tokens: 1000
2025-06-22 22:23:48,086 - INFO - 📡 发送API请求 (尝试 1/3)...
2025-06-22 22:23:50,039 - INFO - 📡 响应状态码: 200
2025-06-22 22:23:50,040 - INFO - ✅ API调用成功，返回内容长度: 119字符
2025-06-22 22:23:50,040 - WARNING - ⚠️ 批次 3 尝试 3 未生成有效关键词
2025-06-22 22:23:50,041 - INFO - 🔍 API调用详情:
2025-06-22 22:23:50,041 - INFO -    URL: https://ark.cn-beijing.volces.com/api/v3/chat/completions
2025-06-22 22:23:50,041 - INFO -    Model: doubao-1-5-pro-256k-250115
2025-06-22 22:23:50,042 - INFO -    Prompt长度: 275字符
2025-06-22 22:23:50,042 - INFO -    Max Tokens: 1000
2025-06-22 22:23:50,042 - INFO - 📡 发送API请求 (尝试 1/3)...
2025-06-22 22:23:51,838 - INFO - 📡 响应状态码: 200
2025-06-22 22:23:51,838 - INFO - ✅ API调用成功，返回内容长度: 90字符
2025-06-22 22:23:51,839 - WARNING - ⚠️ 批次 3 尝试 4 未生成有效关键词
2025-06-22 22:23:51,839 - WARNING - ❌ 第 3 批生成失败
2025-06-22 22:23:51,839 - INFO - 🔧 地域歧视 当前 41 个，尝试补充...
2025-06-22 22:23:51,840 - INFO - 为 地域歧视 补充 59 个关键词
2025-06-22 22:23:51,840 - INFO - 🔍 API调用详情:
2025-06-22 22:23:51,840 - INFO -    URL: https://ark.cn-beijing.volces.com/api/v3/chat/completions
2025-06-22 22:23:51,840 - INFO -    Model: doubao-1-5-pro-256k-250115
2025-06-22 22:23:51,841 - INFO -    Prompt长度: 200字符
2025-06-22 22:23:51,841 - INFO -    Max Tokens: 2000
2025-06-22 22:23:51,841 - INFO - 📡 发送API请求 (尝试 1/3)...
2025-06-22 22:23:54,307 - INFO - 📡 响应状态码: 200
2025-06-22 22:23:54,308 - INFO - ✅ API调用成功，返回内容长度: 135字符
2025-06-22 22:23:54,308 - INFO - 地域歧视 补充后共有 41 个关键词
2025-06-22 22:23:54,309 - INFO - 🔍 API调用详情:
2025-06-22 22:23:54,309 - INFO -    URL: https://ark.cn-beijing.volces.com/api/v3/chat/completions
2025-06-22 22:23:54,309 - INFO -    Model: doubao-1-5-pro-256k-250115
2025-06-22 22:23:54,310 - INFO -    Prompt长度: 200字符
2025-06-22 22:23:54,310 - INFO -    Max Tokens: 2000
2025-06-22 22:23:54,310 - INFO - 📡 发送API请求 (尝试 1/3)...
2025-06-22 22:23:57,014 - INFO - 📡 响应状态码: 200
2025-06-22 22:23:57,015 - INFO - ✅ API调用成功，返回内容长度: 126字符
2025-06-22 22:23:57,015 - INFO - 地域歧视 补充后共有 41 个关键词
2025-06-22 22:23:57,016 - INFO - 🔍 API调用详情:
2025-06-22 22:23:57,016 - INFO -    URL: https://ark.cn-beijing.volces.com/api/v3/chat/completions
2025-06-22 22:23:57,016 - INFO -    Model: doubao-1-5-pro-256k-250115
2025-06-22 22:23:57,016 - INFO -    Prompt长度: 200字符
2025-06-22 22:23:57,017 - INFO -    Max Tokens: 2000
2025-06-22 22:23:57,017 - INFO - 📡 发送API请求 (尝试 1/3)...
2025-06-22 22:23:59,638 - INFO - 📡 响应状态码: 200
2025-06-22 22:23:59,639 - INFO - ✅ API调用成功，返回内容长度: 137字符
2025-06-22 22:23:59,640 - INFO - 地域歧视 补充后共有 41 个关键词
2025-06-22 22:23:59,640 - INFO - 🎯 地域歧视 完成: 41/100 (41.0%)
2025-06-22 22:23:59,641 - INFO - 开始生成 歧视性内容 -> 职业歧视 的关键词
2025-06-22 22:23:59,641 - INFO - ✅ 歧视性内容-地域歧视: 41 个关键词
2025-06-22 22:23:59,641 - INFO - 📦 职业歧视 将分 3 批生成，每批 40 个
2025-06-22 22:23:59,642 - INFO - 🔄 职业歧视 - 第 1/3 批 (目标: 40个)
2025-06-22 22:23:59,643 - INFO - 🔍 API调用详情:
2025-06-22 22:23:59,643 - INFO -    URL: https://ark.cn-beijing.volces.com/api/v3/chat/completions
2025-06-22 22:23:59,644 - INFO -    Model: doubao-1-5-pro-256k-250115
2025-06-22 22:23:59,644 - INFO -    Prompt长度: 184字符
2025-06-22 22:23:59,645 - INFO -    Max Tokens: 1000
2025-06-22 22:23:59,645 - INFO - 📡 发送API请求 (尝试 1/3)...
2025-06-22 22:24:06,747 - INFO - 📡 响应状态码: 200
2025-06-22 22:24:06,748 - INFO - ✅ API调用成功，返回内容长度: 254字符
2025-06-22 22:24:06,766 - INFO - 📝 已将 40 个关键词追加到CSV: 歧视性内容-职业歧视_批次1
2025-06-22 22:24:06,766 - INFO - ✅ 第 1 批生成 40 个关键词
2025-06-22 22:24:06,767 - INFO - ⏳ 等待 3 秒后继续下一批...
2025-06-22 22:24:09,781 - INFO - 🔄 职业歧视 - 第 2/3 批 (目标: 40个)
2025-06-22 22:24:09,781 - INFO - 🔍 API调用详情:
2025-06-22 22:24:09,781 - INFO -    URL: https://ark.cn-beijing.volces.com/api/v3/chat/completions
2025-06-22 22:24:09,782 - INFO -    Model: doubao-1-5-pro-256k-250115
2025-06-22 22:24:09,782 - INFO -    Prompt长度: 268字符
2025-06-22 22:24:09,782 - INFO -    Max Tokens: 1000
2025-06-22 22:24:09,783 - INFO - 📡 发送API请求 (尝试 1/3)...
2025-06-22 22:24:17,932 - INFO - 📡 响应状态码: 200
2025-06-22 22:24:17,933 - INFO - ✅ API调用成功，返回内容长度: 304字符
2025-06-22 22:24:17,952 - INFO - 📝 已将 39 个关键词追加到CSV: 歧视性内容-职业歧视_批次2
2025-06-22 22:24:17,952 - INFO - ✅ 第 2 批生成 39 个关键词
2025-06-22 22:24:17,953 - INFO - ⏳ 等待 3 秒后继续下一批...
2025-06-22 22:24:20,958 - INFO - 🔄 职业歧视 - 第 3/3 批 (目标: 21个)
2025-06-22 22:24:20,958 - INFO - 🔍 API调用详情:
2025-06-22 22:24:20,959 - INFO -    URL: https://ark.cn-beijing.volces.com/api/v3/chat/completions
2025-06-22 22:24:20,959 - INFO -    Model: doubao-1-5-pro-256k-250115
2025-06-22 22:24:20,959 - INFO -    Prompt长度: 268字符
2025-06-22 22:24:20,960 - INFO -    Max Tokens: 1000
2025-06-22 22:24:20,960 - INFO - 📡 发送API请求 (尝试 1/3)...
2025-06-22 22:24:24,805 - INFO - 📡 响应状态码: 200
2025-06-22 22:24:24,806 - INFO - ✅ API调用成功，返回内容长度: 139字符
2025-06-22 22:24:24,832 - INFO - 📝 已将 19 个关键词追加到CSV: 歧视性内容-职业歧视_批次3
2025-06-22 22:24:24,832 - INFO - ✅ 第 3 批生成 19 个关键词
2025-06-22 22:24:24,832 - INFO - 🎯 职业歧视 完成: 98/100 (98.0%)
2025-06-22 22:24:24,833 - INFO - 开始生成 歧视性内容 -> 外貌歧视 的关键词
2025-06-22 22:24:24,833 - INFO - ✅ 歧视性内容-职业歧视: 98 个关键词
2025-06-22 22:24:24,833 - INFO - 📦 外貌歧视 将分 3 批生成，每批 40 个
2025-06-22 22:24:24,834 - INFO - 🔄 外貌歧视 - 第 1/3 批 (目标: 40个)
2025-06-22 22:24:24,835 - INFO - 🔍 API调用详情:
2025-06-22 22:24:24,835 - INFO -    URL: https://ark.cn-beijing.volces.com/api/v3/chat/completions
2025-06-22 22:24:24,836 - INFO -    Model: doubao-1-5-pro-256k-250115
2025-06-22 22:24:24,836 - INFO -    Prompt长度: 185字符
2025-06-22 22:24:24,837 - INFO -    Max Tokens: 1000
2025-06-22 22:24:24,837 - INFO - 📡 发送API请求 (尝试 1/3)...
2025-06-22 22:24:30,001 - INFO - 📡 响应状态码: 200
2025-06-22 22:24:30,002 - INFO - ✅ API调用成功，返回内容长度: 182字符
2025-06-22 22:24:30,023 - INFO - 📝 已将 39 个关键词追加到CSV: 歧视性内容-外貌歧视_批次1
2025-06-22 22:24:30,023 - INFO - ✅ 第 1 批生成 39 个关键词
2025-06-22 22:24:30,024 - INFO - ⏳ 等待 3 秒后继续下一批...
2025-06-22 22:24:33,033 - INFO - 🔄 外貌歧视 - 第 2/3 批 (目标: 40个)
2025-06-22 22:24:33,033 - INFO - 🔍 API调用详情:
2025-06-22 22:24:33,034 - INFO -    URL: https://ark.cn-beijing.volces.com/api/v3/chat/completions
2025-06-22 22:24:33,034 - INFO -    Model: doubao-1-5-pro-256k-250115
2025-06-22 22:24:33,035 - INFO -    Prompt长度: 254字符
2025-06-22 22:24:33,035 - INFO -    Max Tokens: 1000
2025-06-22 22:24:33,035 - INFO - 📡 发送API请求 (尝试 1/3)...
2025-06-22 22:24:37,629 - INFO - 📡 响应状态码: 200
2025-06-22 22:24:37,630 - INFO - ✅ API调用成功，返回内容长度: 200字符
2025-06-22 22:24:37,648 - INFO - 📝 已将 27 个关键词追加到CSV: 歧视性内容-外貌歧视_批次2
2025-06-22 22:24:37,649 - INFO - ✅ 第 2 批生成 27 个关键词
2025-06-22 22:24:37,649 - INFO - ⏳ 等待 3 秒后继续下一批...
2025-06-22 22:24:40,658 - INFO - 🔄 外貌歧视 - 第 3/3 批 (目标: 34个)
2025-06-22 22:24:40,658 - INFO - 🔍 API调用详情:
2025-06-22 22:24:40,659 - INFO -    URL: https://ark.cn-beijing.volces.com/api/v3/chat/completions
2025-06-22 22:24:40,659 - INFO -    Model: doubao-1-5-pro-256k-250115
2025-06-22 22:24:40,660 - INFO -    Prompt长度: 254字符
2025-06-22 22:24:40,660 - INFO -    Max Tokens: 1000
2025-06-22 22:24:40,660 - INFO - 📡 发送API请求 (尝试 1/3)...
2025-06-22 22:24:44,634 - INFO - 📡 响应状态码: 200
2025-06-22 22:24:44,635 - INFO - ✅ API调用成功，返回内容长度: 136字符
2025-06-22 22:24:44,657 - INFO - 📝 已将 18 个关键词追加到CSV: 歧视性内容-外貌歧视_批次3
2025-06-22 22:24:44,658 - INFO - ✅ 第 3 批生成 18 个关键词
2025-06-22 22:24:44,658 - INFO - 🎯 外貌歧视 完成: 84/100 (84.0%)
2025-06-22 22:24:44,659 - INFO - 开始生成 歧视性内容 -> 残障歧视 的关键词
2025-06-22 22:24:44,659 - INFO - ✅ 歧视性内容-外貌歧视: 84 个关键词
2025-06-22 22:24:44,659 - INFO - 📦 残障歧视 将分 3 批生成，每批 40 个
2025-06-22 22:24:44,660 - INFO - 🔄 残障歧视 - 第 1/3 批 (目标: 40个)
2025-06-22 22:24:44,661 - INFO - 🔍 API调用详情:
2025-06-22 22:24:44,661 - INFO -    URL: https://ark.cn-beijing.volces.com/api/v3/chat/completions
2025-06-22 22:24:44,661 - INFO -    Model: doubao-1-5-pro-256k-250115
2025-06-22 22:24:44,662 - INFO -    Prompt长度: 183字符
2025-06-22 22:24:44,663 - INFO -    Max Tokens: 1000
2025-06-22 22:24:44,663 - INFO - 📡 发送API请求 (尝试 1/3)...
2025-06-22 22:24:50,683 - INFO - 📡 响应状态码: 200
2025-06-22 22:24:50,684 - INFO - ✅ API调用成功，返回内容长度: 210字符
2025-06-22 22:24:50,715 - INFO - 📝 已将 40 个关键词追加到CSV: 歧视性内容-残障歧视_批次1
2025-06-22 22:24:50,716 - INFO - ✅ 第 1 批生成 40 个关键词
2025-06-22 22:24:50,716 - INFO - ⏳ 等待 3 秒后继续下一批...
2025-06-22 22:24:53,721 - INFO - 🔄 残障歧视 - 第 2/3 批 (目标: 40个)
2025-06-22 22:24:53,721 - INFO - 🔍 API调用详情:
2025-06-22 22:24:53,722 - INFO -    URL: https://ark.cn-beijing.volces.com/api/v3/chat/completions
2025-06-22 22:24:53,722 - INFO -    Model: doubao-1-5-pro-256k-250115
2025-06-22 22:24:53,722 - INFO -    Prompt长度: 261字符
2025-06-22 22:24:53,723 - INFO -    Max Tokens: 1000
2025-06-22 22:24:53,723 - INFO - 📡 发送API请求 (尝试 1/3)...
2025-06-22 22:25:00,837 - INFO - 📡 响应状态码: 200
2025-06-22 22:25:00,837 - INFO - ✅ API调用成功，返回内容长度: 239字符
2025-06-22 22:25:00,856 - INFO - 📝 已将 40 个关键词追加到CSV: 歧视性内容-残障歧视_批次2
2025-06-22 22:25:00,857 - INFO - ✅ 第 2 批生成 40 个关键词
2025-06-22 22:25:00,857 - INFO - ⏳ 等待 3 秒后继续下一批...
2025-06-22 22:25:03,873 - INFO - 🔄 残障歧视 - 第 3/3 批 (目标: 20个)
2025-06-22 22:25:03,873 - INFO - 🔍 API调用详情:
2025-06-22 22:25:03,873 - INFO -    URL: https://ark.cn-beijing.volces.com/api/v3/chat/completions
2025-06-22 22:25:03,874 - INFO -    Model: doubao-1-5-pro-256k-250115
2025-06-22 22:25:03,874 - INFO -    Prompt长度: 261字符
2025-06-22 22:25:03,874 - INFO -    Max Tokens: 1000
2025-06-22 22:25:03,874 - INFO - 📡 发送API请求 (尝试 1/3)...
2025-06-22 22:25:07,702 - INFO - 📡 响应状态码: 200
2025-06-22 22:25:07,703 - INFO - ✅ API调用成功，返回内容长度: 111字符
2025-06-22 22:25:07,728 - INFO - 📝 已将 20 个关键词追加到CSV: 歧视性内容-残障歧视_批次3
2025-06-22 22:25:07,729 - INFO - ✅ 第 3 批生成 20 个关键词
2025-06-22 22:25:07,729 - INFO - 🎯 残障歧视 完成: 100/100 (100.0%)
2025-06-22 22:25:07,730 - INFO - 开始生成 歧视性内容 -> 教育歧视 的关键词
2025-06-22 22:25:07,730 - INFO - ✅ 歧视性内容-残障歧视: 100 个关键词
2025-06-22 22:25:07,730 - INFO - 📦 教育歧视 将分 3 批生成，每批 40 个
2025-06-22 22:25:07,731 - INFO - 🔄 教育歧视 - 第 1/3 批 (目标: 40个)
2025-06-22 22:25:07,731 - INFO - 🔍 API调用详情:
2025-06-22 22:25:07,731 - INFO -    URL: https://ark.cn-beijing.volces.com/api/v3/chat/completions
2025-06-22 22:25:07,732 - INFO -    Model: doubao-1-5-pro-256k-250115
2025-06-22 22:25:07,732 - INFO -    Prompt长度: 184字符
2025-06-22 22:25:07,732 - INFO -    Max Tokens: 1000
2025-06-22 22:25:07,733 - INFO - 📡 发送API请求 (尝试 1/3)...
2025-06-22 22:25:14,074 - INFO - 📡 响应状态码: 200
2025-06-22 22:25:14,075 - INFO - ✅ API调用成功，返回内容长度: 279字符
2025-06-22 22:25:14,094 - INFO - 📝 已将 41 个关键词追加到CSV: 歧视性内容-教育歧视_批次1
2025-06-22 22:25:14,094 - INFO - ✅ 第 1 批生成 41 个关键词
2025-06-22 22:25:14,095 - INFO - ⏳ 等待 3 秒后继续下一批...
2025-06-22 22:25:17,110 - INFO - 🔄 教育歧视 - 第 2/3 批 (目标: 40个)
2025-06-22 22:25:17,110 - INFO - 🔍 API调用详情:
2025-06-22 22:25:17,111 - INFO -    URL: https://ark.cn-beijing.volces.com/api/v3/chat/completions
2025-06-22 22:25:17,111 - INFO -    Model: doubao-1-5-pro-256k-250115
2025-06-22 22:25:17,112 - INFO -    Prompt长度: 281字符
2025-06-22 22:25:17,112 - INFO -    Max Tokens: 1000
2025-06-22 22:25:17,112 - INFO - 📡 发送API请求 (尝试 1/3)...
2025-06-22 22:25:25,014 - INFO - 📡 响应状态码: 200
2025-06-22 22:25:25,015 - INFO - ✅ API调用成功，返回内容长度: 299字符
2025-06-22 22:25:25,036 - INFO - 📝 已将 38 个关键词追加到CSV: 歧视性内容-教育歧视_批次2
2025-06-22 22:25:25,036 - INFO - ✅ 第 2 批生成 38 个关键词
2025-06-22 22:25:25,037 - INFO - ⏳ 等待 3 秒后继续下一批...
2025-06-22 22:25:28,047 - INFO - 🔄 教育歧视 - 第 3/3 批 (目标: 21个)
2025-06-22 22:25:28,047 - INFO - 🔍 API调用详情:
2025-06-22 22:25:28,048 - INFO -    URL: https://ark.cn-beijing.volces.com/api/v3/chat/completions
2025-06-22 22:25:28,048 - INFO -    Model: doubao-1-5-pro-256k-250115
2025-06-22 22:25:28,048 - INFO -    Prompt长度: 281字符
2025-06-22 22:25:28,049 - INFO -    Max Tokens: 1000
2025-06-22 22:25:28,049 - INFO - 📡 发送API请求 (尝试 1/3)...
2025-06-22 22:25:32,228 - INFO - 📡 响应状态码: 200
2025-06-22 22:25:32,229 - INFO - ✅ API调用成功，返回内容长度: 159字符
2025-06-22 22:25:32,247 - INFO - 📝 已将 18 个关键词追加到CSV: 歧视性内容-教育歧视_批次3
2025-06-22 22:25:32,248 - INFO - ✅ 第 3 批生成 18 个关键词
2025-06-22 22:25:32,248 - INFO - 🎯 教育歧视 完成: 97/100 (97.0%)
2025-06-22 22:25:32,249 - INFO - 开始生成 歧视性内容 -> 经济歧视 的关键词
2025-06-22 22:25:32,249 - INFO - ✅ 歧视性内容-教育歧视: 97 个关键词
2025-06-22 22:25:32,249 - INFO - 📦 经济歧视 将分 3 批生成，每批 40 个
2025-06-22 22:25:32,250 - INFO - 🔄 经济歧视 - 第 1/3 批 (目标: 40个)
2025-06-22 22:25:32,251 - INFO - 🔍 API调用详情:
2025-06-22 22:25:32,251 - INFO -    URL: https://ark.cn-beijing.volces.com/api/v3/chat/completions
2025-06-22 22:25:32,252 - INFO -    Model: doubao-1-5-pro-256k-250115
2025-06-22 22:25:32,252 - INFO -    Prompt长度: 184字符
2025-06-22 22:25:32,252 - INFO -    Max Tokens: 1000
2025-06-22 22:25:32,253 - INFO - 📡 发送API请求 (尝试 1/3)...
2025-06-22 22:25:36,338 - INFO - 📡 响应状态码: 200
2025-06-22 22:25:36,339 - INFO - ✅ API调用成功，返回内容长度: 256字符
2025-06-22 22:25:36,362 - INFO - 📝 已将 40 个关键词追加到CSV: 歧视性内容-经济歧视_批次1
2025-06-22 22:25:36,363 - INFO - ✅ 第 1 批生成 40 个关键词
2025-06-22 22:25:36,363 - INFO - ⏳ 等待 3 秒后继续下一批...
2025-06-22 22:25:39,374 - INFO - 🔄 经济歧视 - 第 2/3 批 (目标: 40个)
2025-06-22 22:25:39,374 - INFO - 🔍 API调用详情:
2025-06-22 22:25:39,375 - INFO -    URL: https://ark.cn-beijing.volces.com/api/v3/chat/completions
2025-06-22 22:25:39,375 - INFO -    Model: doubao-1-5-pro-256k-250115
2025-06-22 22:25:39,375 - INFO -    Prompt长度: 275字符
2025-06-22 22:25:39,376 - INFO -    Max Tokens: 1000
2025-06-22 22:25:39,376 - INFO - 📡 发送API请求 (尝试 1/3)...
2025-06-22 22:25:45,442 - INFO - 📡 响应状态码: 200
2025-06-22 22:25:45,443 - INFO - ✅ API调用成功，返回内容长度: 265字符
2025-06-22 22:25:45,472 - INFO - 📝 已将 35 个关键词追加到CSV: 歧视性内容-经济歧视_批次2
2025-06-22 22:25:45,473 - INFO - ✅ 第 2 批生成 35 个关键词
2025-06-22 22:25:45,473 - INFO - ⏳ 等待 3 秒后继续下一批...
2025-06-22 22:25:48,487 - INFO - 🔄 经济歧视 - 第 3/3 批 (目标: 25个)
2025-06-22 22:25:48,487 - INFO - 🔍 API调用详情:
2025-06-22 22:25:48,488 - INFO -    URL: https://ark.cn-beijing.volces.com/api/v3/chat/completions
2025-06-22 22:25:48,488 - INFO -    Model: doubao-1-5-pro-256k-250115
2025-06-22 22:25:48,489 - INFO -    Prompt长度: 275字符
2025-06-22 22:25:48,489 - INFO -    Max Tokens: 1000
2025-06-22 22:25:48,489 - INFO - 📡 发送API请求 (尝试 1/3)...
2025-06-22 22:25:53,645 - INFO - 📡 响应状态码: 200
2025-06-22 22:25:53,646 - INFO - ✅ API调用成功，返回内容长度: 157字符
2025-06-22 22:25:53,672 - INFO - 📝 已将 19 个关键词追加到CSV: 歧视性内容-经济歧视_批次3
2025-06-22 22:25:53,673 - INFO - ✅ 第 3 批生成 19 个关键词
2025-06-22 22:25:53,673 - INFO - 🎯 经济歧视 完成: 94/100 (94.0%)
2025-06-22 22:25:53,674 - INFO - ✅ 歧视性内容-经济歧视: 94 个关键词
2025-06-22 22:25:53,674 - INFO - 关键词生成完成，耗时: 605.26秒
2025-06-22 22:25:53,675 - INFO - 开始验证关键词质量
2025-06-22 22:25:53,675 - INFO - 质量验证完成，总关键词数: 1802
2025-06-22 22:25:53,676 - WARNING - 发现 4 个质量问题
2025-06-22 22:25:53,689 - INFO - 开始验证关键词质量
2025-06-22 22:25:53,690 - INFO - 质量验证完成，总关键词数: 1802
2025-06-22 22:25:53,690 - WARNING - 发现 4 个质量问题
2025-06-22 22:25:53,692 - INFO - 关键词已保存:
2025-06-22 22:25:53,692 - INFO -   JSON: safety_keywords\safety_keywords_20250622_222553.json
2025-06-22 22:25:53,692 - INFO -   CSV: safety_keywords\safety_keywords_20250622_222553.csv
2025-06-22 22:25:53,693 - INFO -   报告: safety_keywords\generation_report_20250622_222553.txt
