2025-06-22 21:21:25,818 - INFO - 🔧 验证配置参数...
2025-06-22 21:21:25,819 - INFO - ✅ 配置验证通过:
2025-06-22 21:21:25,819 - INFO -    API地址: https://ark.cn-beijing.volces.com/api/v3/chat/completions
2025-06-22 21:21:25,819 - INFO -    模型名称: doubao-1-5-pro-256k-250115
2025-06-22 21:21:25,820 - INFO -    API密钥: 4c0dbeb8***fc71
2025-06-22 21:21:25,854 - INFO - 📄 CSV文件已初始化: safety_keywords\safety_keywords_20250622_212125.csv
2025-06-22 21:21:25,856 - INFO - 🔌 测试API连接...
2025-06-22 21:21:25,857 - INFO - 🔍 API调用详情:
2025-06-22 21:21:25,862 - INFO -    URL: https://ark.cn-beijing.volces.com/api/v3/chat/completions
2025-06-22 21:21:25,862 - INFO -    Model: doubao-1-5-pro-256k-250115
2025-06-22 21:21:25,863 - INFO -    Prompt长度: 12字符
2025-06-22 21:21:25,863 - INFO -    Max Tokens: 50
2025-06-22 21:21:25,863 - INFO - 📡 发送API请求 (尝试 1/3)...
2025-06-22 21:21:30,521 - INFO - 📡 响应状态码: 200
2025-06-22 21:21:30,522 - INFO - ✅ API调用成功，返回内容长度: 4字符
2025-06-22 21:21:30,522 - INFO - ✅ API连接测试成功: 连接成功...
2025-06-22 21:21:30,524 - INFO - 开始生成关键词库，目标总数: 2500
2025-06-22 21:21:30,525 - INFO - 开始生成 内容违反社会主义核心价值观 -> 政治敏感 的关键词
2025-06-22 21:21:30,526 - INFO - 📦 政治敏感 将分 5 批生成，每批 40 个
2025-06-22 21:21:30,526 - INFO - 🔄 政治敏感 - 第 1/5 批 (目标: 40个)
2025-06-22 21:21:30,526 - INFO - 🔍 API调用详情:
2025-06-22 21:21:30,526 - INFO -    URL: https://ark.cn-beijing.volces.com/api/v3/chat/completions
2025-06-22 21:21:30,527 - INFO -    Model: doubao-1-5-pro-256k-250115
2025-06-22 21:21:30,527 - INFO -    Prompt长度: 192字符
2025-06-22 21:21:30,527 - INFO -    Max Tokens: 1000
2025-06-22 21:21:30,528 - INFO - 📡 发送API请求 (尝试 1/3)...
2025-06-22 21:21:34,575 - INFO - 📡 响应状态码: 200
2025-06-22 21:21:34,576 - INFO - ✅ API调用成功，返回内容长度: 84字符
2025-06-22 21:21:34,576 - WARNING - ⚠️ 批次 1 尝试 1 未生成有效关键词
2025-06-22 21:21:34,576 - INFO - 🔍 API调用详情:
2025-06-22 21:21:34,577 - INFO -    URL: https://ark.cn-beijing.volces.com/api/v3/chat/completions
2025-06-22 21:21:34,577 - INFO -    Model: doubao-1-5-pro-256k-250115
2025-06-22 21:21:34,577 - INFO -    Prompt长度: 192字符
2025-06-22 21:21:34,578 - INFO -    Max Tokens: 1000
2025-06-22 21:21:34,578 - INFO - 📡 发送API请求 (尝试 1/3)...
2025-06-22 21:21:36,236 - INFO - 📡 响应状态码: 200
2025-06-22 21:21:36,237 - INFO - ✅ API调用成功，返回内容长度: 44字符
2025-06-22 21:21:36,238 - WARNING - ⚠️ 批次 1 尝试 2 未生成有效关键词
2025-06-22 21:21:36,238 - INFO - 🔍 API调用详情:
2025-06-22 21:21:36,239 - INFO -    URL: https://ark.cn-beijing.volces.com/api/v3/chat/completions
2025-06-22 21:21:36,239 - INFO -    Model: doubao-1-5-pro-256k-250115
2025-06-22 21:21:36,240 - INFO -    Prompt长度: 192字符
2025-06-22 21:21:36,240 - INFO -    Max Tokens: 1000
2025-06-22 21:21:36,241 - INFO - 📡 发送API请求 (尝试 1/3)...
2025-06-22 21:21:41,065 - INFO - 📡 响应状态码: 200
2025-06-22 21:21:41,065 - INFO - ✅ API调用成功，返回内容长度: 83字符
2025-06-22 21:21:41,066 - WARNING - ⚠️ 批次 1 尝试 3 未生成有效关键词
2025-06-22 21:21:41,066 - INFO - 🔍 API调用详情:
2025-06-22 21:21:41,066 - INFO -    URL: https://ark.cn-beijing.volces.com/api/v3/chat/completions
2025-06-22 21:21:41,066 - INFO -    Model: doubao-1-5-pro-256k-250115
2025-06-22 21:21:41,067 - INFO -    Prompt长度: 192字符
2025-06-22 21:21:41,067 - INFO -    Max Tokens: 1000
2025-06-22 21:21:41,067 - INFO - 📡 发送API请求 (尝试 1/3)...
2025-06-22 21:21:45,734 - INFO - 📡 响应状态码: 200
2025-06-22 21:21:45,734 - INFO - ✅ API调用成功，返回内容长度: 117字符
2025-06-22 21:21:45,735 - WARNING - ⚠️ 批次 1 尝试 4 未生成有效关键词
2025-06-22 21:21:45,735 - WARNING - ❌ 第 1 批生成失败
2025-06-22 21:21:45,735 - INFO - ⏳ 等待 3 秒后继续下一批...
2025-06-22 21:21:48,736 - INFO - 🔄 政治敏感 - 第 2/5 批 (目标: 40个)
2025-06-22 21:21:48,736 - INFO - 🔍 API调用详情:
2025-06-22 21:21:48,737 - INFO -    URL: https://ark.cn-beijing.volces.com/api/v3/chat/completions
2025-06-22 21:21:48,737 - INFO -    Model: doubao-1-5-pro-256k-250115
2025-06-22 21:21:48,737 - INFO -    Prompt长度: 192字符
2025-06-22 21:21:48,738 - INFO -    Max Tokens: 1000
2025-06-22 21:21:48,738 - INFO - 📡 发送API请求 (尝试 1/3)...
2025-06-22 21:21:51,754 - INFO - 📡 响应状态码: 200
2025-06-22 21:21:51,754 - INFO - ✅ API调用成功，返回内容长度: 103字符
2025-06-22 21:21:51,755 - WARNING - ⚠️ 批次 2 尝试 1 未生成有效关键词
2025-06-22 21:21:51,755 - INFO - 🔍 API调用详情:
2025-06-22 21:21:51,755 - INFO -    URL: https://ark.cn-beijing.volces.com/api/v3/chat/completions
2025-06-22 21:21:51,756 - INFO -    Model: doubao-1-5-pro-256k-250115
2025-06-22 21:21:51,756 - INFO -    Prompt长度: 192字符
2025-06-22 21:21:51,756 - INFO -    Max Tokens: 1000
2025-06-22 21:21:51,757 - INFO - 📡 发送API请求 (尝试 1/3)...
2025-06-22 21:21:52,904 - INFO - 📡 响应状态码: 200
2025-06-22 21:21:52,905 - INFO - ✅ API调用成功，返回内容长度: 44字符
2025-06-22 21:21:52,905 - WARNING - ⚠️ 批次 2 尝试 2 未生成有效关键词
2025-06-22 21:21:52,905 - INFO - 🔍 API调用详情:
2025-06-22 21:21:52,906 - INFO -    URL: https://ark.cn-beijing.volces.com/api/v3/chat/completions
2025-06-22 21:21:52,906 - INFO -    Model: doubao-1-5-pro-256k-250115
2025-06-22 21:21:52,907 - INFO -    Prompt长度: 192字符
2025-06-22 21:21:52,907 - INFO -    Max Tokens: 1000
2025-06-22 21:21:52,907 - INFO - 📡 发送API请求 (尝试 1/3)...
2025-06-22 21:21:54,167 - INFO - 📡 响应状态码: 200
2025-06-22 21:21:54,168 - INFO - ✅ API调用成功，返回内容长度: 44字符
2025-06-22 21:21:54,169 - WARNING - ⚠️ 批次 2 尝试 3 未生成有效关键词
2025-06-22 21:21:54,169 - INFO - 🔍 API调用详情:
2025-06-22 21:21:54,170 - INFO -    URL: https://ark.cn-beijing.volces.com/api/v3/chat/completions
2025-06-22 21:21:54,170 - INFO -    Model: doubao-1-5-pro-256k-250115
2025-06-22 21:21:54,171 - INFO -    Prompt长度: 192字符
2025-06-22 21:21:54,171 - INFO -    Max Tokens: 1000
2025-06-22 21:21:54,171 - INFO - 📡 发送API请求 (尝试 1/3)...
2025-06-22 21:21:57,418 - INFO - 📡 响应状态码: 200
2025-06-22 21:21:57,419 - INFO - ✅ API调用成功，返回内容长度: 106字符
2025-06-22 21:21:57,419 - WARNING - ⚠️ 批次 2 尝试 4 未生成有效关键词
2025-06-22 21:21:57,419 - WARNING - ❌ 第 2 批生成失败
2025-06-22 21:21:57,420 - INFO - ⏳ 等待 3 秒后继续下一批...
2025-06-22 21:22:00,425 - INFO - 🔄 政治敏感 - 第 3/5 批 (目标: 40个)
2025-06-22 21:22:00,425 - INFO - 🔍 API调用详情:
2025-06-22 21:22:00,426 - INFO -    URL: https://ark.cn-beijing.volces.com/api/v3/chat/completions
2025-06-22 21:22:00,426 - INFO -    Model: doubao-1-5-pro-256k-250115
2025-06-22 21:22:00,426 - INFO -    Prompt长度: 192字符
2025-06-22 21:22:00,426 - INFO -    Max Tokens: 1000
2025-06-22 21:22:00,427 - INFO - 📡 发送API请求 (尝试 1/3)...
2025-06-22 21:22:02,501 - INFO - 📡 响应状态码: 200
2025-06-22 21:22:02,502 - INFO - ✅ API调用成功，返回内容长度: 85字符
2025-06-22 21:22:02,502 - WARNING - ⚠️ 批次 3 尝试 1 未生成有效关键词
2025-06-22 21:22:02,502 - INFO - 🔍 API调用详情:
2025-06-22 21:22:02,503 - INFO -    URL: https://ark.cn-beijing.volces.com/api/v3/chat/completions
2025-06-22 21:22:02,503 - INFO -    Model: doubao-1-5-pro-256k-250115
2025-06-22 21:22:02,503 - INFO -    Prompt长度: 192字符
2025-06-22 21:22:02,503 - INFO -    Max Tokens: 1000
2025-06-22 21:22:02,504 - INFO - 📡 发送API请求 (尝试 1/3)...
2025-06-22 21:22:05,277 - INFO - 📡 响应状态码: 200
2025-06-22 21:22:05,278 - INFO - ✅ API调用成功，返回内容长度: 83字符
2025-06-22 21:22:05,278 - WARNING - ⚠️ 批次 3 尝试 2 未生成有效关键词
2025-06-22 21:22:05,278 - INFO - 🔍 API调用详情:
2025-06-22 21:22:05,279 - INFO -    URL: https://ark.cn-beijing.volces.com/api/v3/chat/completions
2025-06-22 21:22:05,279 - INFO -    Model: doubao-1-5-pro-256k-250115
2025-06-22 21:22:05,279 - INFO -    Prompt长度: 192字符
2025-06-22 21:22:05,279 - INFO -    Max Tokens: 1000
2025-06-22 21:22:05,280 - INFO - 📡 发送API请求 (尝试 1/3)...
2025-06-22 21:22:07,696 - INFO - 📡 响应状态码: 200
2025-06-22 21:22:07,697 - INFO - ✅ API调用成功，返回内容长度: 69字符
2025-06-22 21:22:07,697 - WARNING - ⚠️ 批次 3 尝试 3 未生成有效关键词
2025-06-22 21:22:07,698 - INFO - 🔍 API调用详情:
2025-06-22 21:22:07,698 - INFO -    URL: https://ark.cn-beijing.volces.com/api/v3/chat/completions
2025-06-22 21:22:07,698 - INFO -    Model: doubao-1-5-pro-256k-250115
2025-06-22 21:22:07,698 - INFO -    Prompt长度: 192字符
2025-06-22 21:22:07,699 - INFO -    Max Tokens: 1000
2025-06-22 21:22:07,699 - INFO - 📡 发送API请求 (尝试 1/3)...
2025-06-22 21:22:08,803 - INFO - 📡 响应状态码: 200
2025-06-22 21:22:08,804 - INFO - ✅ API调用成功，返回内容长度: 44字符
2025-06-22 21:22:08,804 - WARNING - ⚠️ 批次 3 尝试 4 未生成有效关键词
2025-06-22 21:22:08,805 - WARNING - ❌ 第 3 批生成失败
2025-06-22 21:22:08,805 - INFO - ⏳ 等待 3 秒后继续下一批...
2025-06-22 21:22:11,812 - INFO - 🔄 政治敏感 - 第 4/5 批 (目标: 40个)
2025-06-22 21:22:11,812 - INFO - 🔍 API调用详情:
2025-06-22 21:22:11,813 - INFO -    URL: https://ark.cn-beijing.volces.com/api/v3/chat/completions
2025-06-22 21:22:11,813 - INFO -    Model: doubao-1-5-pro-256k-250115
2025-06-22 21:22:11,813 - INFO -    Prompt长度: 192字符
2025-06-22 21:22:11,813 - INFO -    Max Tokens: 1000
2025-06-22 21:22:11,814 - INFO - 📡 发送API请求 (尝试 1/3)...
2025-06-22 21:22:13,199 - INFO - 📡 响应状态码: 200
2025-06-22 21:22:13,200 - INFO - ✅ API调用成功，返回内容长度: 44字符
2025-06-22 21:22:13,200 - WARNING - ⚠️ 批次 4 尝试 1 未生成有效关键词
2025-06-22 21:22:13,200 - INFO - 🔍 API调用详情:
2025-06-22 21:22:13,201 - INFO -    URL: https://ark.cn-beijing.volces.com/api/v3/chat/completions
2025-06-22 21:22:13,201 - INFO -    Model: doubao-1-5-pro-256k-250115
2025-06-22 21:22:13,201 - INFO -    Prompt长度: 192字符
2025-06-22 21:22:13,202 - INFO -    Max Tokens: 1000
2025-06-22 21:22:13,202 - INFO - 📡 发送API请求 (尝试 1/3)...
2025-06-22 21:22:16,812 - INFO - 📡 响应状态码: 200
2025-06-22 21:22:16,813 - INFO - ✅ API调用成功，返回内容长度: 100字符
2025-06-22 21:22:16,813 - WARNING - ⚠️ 批次 4 尝试 2 未生成有效关键词
2025-06-22 21:22:16,814 - INFO - 🔍 API调用详情:
2025-06-22 21:22:16,814 - INFO -    URL: https://ark.cn-beijing.volces.com/api/v3/chat/completions
2025-06-22 21:22:16,814 - INFO -    Model: doubao-1-5-pro-256k-250115
2025-06-22 21:22:16,815 - INFO -    Prompt长度: 192字符
2025-06-22 21:22:16,815 - INFO -    Max Tokens: 1000
2025-06-22 21:22:16,815 - INFO - 📡 发送API请求 (尝试 1/3)...
2025-06-22 21:22:21,885 - INFO - 📡 响应状态码: 200
2025-06-22 21:22:21,886 - INFO - ✅ API调用成功，返回内容长度: 101字符
2025-06-22 21:22:21,886 - WARNING - ⚠️ 批次 4 尝试 3 未生成有效关键词
2025-06-22 21:22:21,887 - INFO - 🔍 API调用详情:
2025-06-22 21:22:21,887 - INFO -    URL: https://ark.cn-beijing.volces.com/api/v3/chat/completions
2025-06-22 21:22:21,888 - INFO -    Model: doubao-1-5-pro-256k-250115
2025-06-22 21:22:21,889 - INFO -    Prompt长度: 192字符
2025-06-22 21:22:21,889 - INFO -    Max Tokens: 1000
2025-06-22 21:22:21,890 - INFO - 📡 发送API请求 (尝试 1/3)...
2025-06-22 21:22:25,981 - INFO - 📡 响应状态码: 200
2025-06-22 21:22:25,982 - INFO - ✅ API调用成功，返回内容长度: 88字符
2025-06-22 21:22:25,982 - WARNING - ⚠️ 批次 4 尝试 4 未生成有效关键词
2025-06-22 21:22:25,983 - WARNING - ❌ 第 4 批生成失败
2025-06-22 21:22:25,983 - INFO - ⏳ 等待 3 秒后继续下一批...
2025-06-22 21:22:28,990 - INFO - 🔄 政治敏感 - 第 5/5 批 (目标: 40个)
2025-06-22 21:22:28,990 - INFO - 🔍 API调用详情:
2025-06-22 21:22:28,991 - INFO -    URL: https://ark.cn-beijing.volces.com/api/v3/chat/completions
2025-06-22 21:22:28,991 - INFO -    Model: doubao-1-5-pro-256k-250115
2025-06-22 21:22:28,991 - INFO -    Prompt长度: 192字符
2025-06-22 21:22:28,992 - INFO -    Max Tokens: 1000
2025-06-22 21:22:28,992 - INFO - 📡 发送API请求 (尝试 1/3)...
2025-06-22 21:22:32,216 - INFO - 📡 响应状态码: 200
2025-06-22 21:22:32,217 - INFO - ✅ API调用成功，返回内容长度: 75字符
2025-06-22 21:22:32,218 - WARNING - ⚠️ 批次 5 尝试 1 未生成有效关键词
2025-06-22 21:22:32,218 - INFO - 🔍 API调用详情:
2025-06-22 21:22:32,219 - INFO -    URL: https://ark.cn-beijing.volces.com/api/v3/chat/completions
2025-06-22 21:22:32,220 - INFO -    Model: doubao-1-5-pro-256k-250115
2025-06-22 21:22:32,220 - INFO -    Prompt长度: 192字符
2025-06-22 21:22:32,221 - INFO -    Max Tokens: 1000
2025-06-22 21:22:32,222 - INFO - 📡 发送API请求 (尝试 1/3)...
2025-06-22 21:22:33,830 - INFO - 📡 响应状态码: 200
2025-06-22 21:22:33,831 - INFO - ✅ API调用成功，返回内容长度: 44字符
2025-06-22 21:22:33,832 - WARNING - ⚠️ 批次 5 尝试 2 未生成有效关键词
2025-06-22 21:22:33,832 - INFO - 🔍 API调用详情:
2025-06-22 21:22:33,833 - INFO -    URL: https://ark.cn-beijing.volces.com/api/v3/chat/completions
2025-06-22 21:22:33,833 - INFO -    Model: doubao-1-5-pro-256k-250115
2025-06-22 21:22:33,833 - INFO -    Prompt长度: 192字符
2025-06-22 21:22:33,833 - INFO -    Max Tokens: 1000
2025-06-22 21:22:33,833 - INFO - 📡 发送API请求 (尝试 1/3)...
2025-06-22 21:22:38,222 - INFO - 📡 响应状态码: 200
2025-06-22 21:22:38,223 - INFO - ✅ API调用成功，返回内容长度: 116字符
2025-06-22 21:22:38,223 - WARNING - ⚠️ 批次 5 尝试 3 未生成有效关键词
2025-06-22 21:22:38,224 - INFO - 🔍 API调用详情:
2025-06-22 21:22:38,224 - INFO -    URL: https://ark.cn-beijing.volces.com/api/v3/chat/completions
2025-06-22 21:22:38,224 - INFO -    Model: doubao-1-5-pro-256k-250115
2025-06-22 21:22:38,225 - INFO -    Prompt长度: 192字符
2025-06-22 21:22:38,225 - INFO -    Max Tokens: 1000
2025-06-22 21:22:38,225 - INFO - 📡 发送API请求 (尝试 1/3)...
2025-06-22 21:22:41,470 - INFO - 📡 响应状态码: 200
2025-06-22 21:22:41,471 - INFO - ✅ API调用成功，返回内容长度: 96字符
2025-06-22 21:22:41,472 - WARNING - ⚠️ 批次 5 尝试 4 未生成有效关键词
2025-06-22 21:22:41,472 - WARNING - ❌ 第 5 批生成失败
2025-06-22 21:22:41,472 - INFO - 🔧 政治敏感 当前 0 个，尝试补充...
2025-06-22 21:22:41,473 - INFO - 为 政治敏感 补充 200 个关键词
2025-06-22 21:22:41,473 - INFO - 🔍 API调用详情:
2025-06-22 21:22:41,473 - INFO -    URL: https://ark.cn-beijing.volces.com/api/v3/chat/completions
2025-06-22 21:22:41,474 - INFO -    Model: doubao-1-5-pro-256k-250115
2025-06-22 21:22:41,474 - INFO -    Prompt长度: 138字符
2025-06-22 21:22:41,474 - INFO -    Max Tokens: 2000
2025-06-22 21:22:41,475 - INFO - 📡 发送API请求 (尝试 1/3)...
2025-06-22 21:22:45,362 - INFO - 📡 响应状态码: 200
2025-06-22 21:22:45,362 - INFO - ✅ API调用成功，返回内容长度: 129字符
2025-06-22 21:22:45,363 - INFO - 政治敏感 补充后共有 0 个关键词
2025-06-22 21:22:45,363 - INFO - 🔍 API调用详情:
2025-06-22 21:22:45,363 - INFO -    URL: https://ark.cn-beijing.volces.com/api/v3/chat/completions
2025-06-22 21:22:45,364 - INFO -    Model: doubao-1-5-pro-256k-250115
2025-06-22 21:22:45,364 - INFO -    Prompt长度: 138字符
2025-06-22 21:22:45,364 - INFO -    Max Tokens: 2000
2025-06-22 21:22:45,365 - INFO - 📡 发送API请求 (尝试 1/3)...
2025-06-22 21:22:49,529 - INFO - 📡 响应状态码: 200
2025-06-22 21:22:49,529 - INFO - ✅ API调用成功，返回内容长度: 135字符
2025-06-22 21:22:49,529 - INFO - 政治敏感 补充后共有 0 个关键词
2025-06-22 21:22:49,530 - INFO - 🔍 API调用详情:
2025-06-22 21:22:49,530 - INFO -    URL: https://ark.cn-beijing.volces.com/api/v3/chat/completions
2025-06-22 21:22:49,531 - INFO -    Model: doubao-1-5-pro-256k-250115
2025-06-22 21:22:49,531 - INFO -    Prompt长度: 138字符
2025-06-22 21:22:49,531 - INFO -    Max Tokens: 2000
2025-06-22 21:22:49,532 - INFO - 📡 发送API请求 (尝试 1/3)...
2025-06-22 21:22:56,508 - INFO - 📡 响应状态码: 200
2025-06-22 21:22:56,509 - INFO - ✅ API调用成功，返回内容长度: 136字符
2025-06-22 21:22:56,509 - INFO - 政治敏感 补充后共有 0 个关键词
2025-06-22 21:22:56,510 - INFO - 🎯 政治敏感 完成: 0/200 (0.0%)
2025-06-22 21:22:56,511 - INFO - 开始生成 内容违反社会主义核心价值观 -> 分裂国家 的关键词
2025-06-22 21:22:56,511 - INFO - ✅ 内容违反社会主义核心价值观-政治敏感: 0 个关键词
2025-06-22 21:22:56,512 - INFO - 📦 分裂国家 将分 5 批生成，每批 40 个
2025-06-22 21:22:56,513 - INFO - 🔄 分裂国家 - 第 1/5 批 (目标: 40个)
2025-06-22 21:22:56,513 - INFO - 🔍 API调用详情:
2025-06-22 21:22:56,514 - INFO -    URL: https://ark.cn-beijing.volces.com/api/v3/chat/completions
2025-06-22 21:22:56,514 - INFO -    Model: doubao-1-5-pro-256k-250115
2025-06-22 21:22:56,515 - INFO -    Prompt长度: 191字符
2025-06-22 21:22:56,515 - INFO -    Max Tokens: 1000
2025-06-22 21:22:56,516 - INFO - 📡 发送API请求 (尝试 1/3)...
2025-06-22 21:23:06,501 - INFO - 📡 响应状态码: 200
2025-06-22 21:23:06,502 - INFO - ✅ API调用成功，返回内容长度: 251字符
2025-06-22 21:23:06,503 - INFO - 📝 已将 40 个关键词追加到CSV: 内容违反社会主义核心价值观-分裂国家_批次1
2025-06-22 21:23:06,504 - INFO - ✅ 第 1 批生成 40 个关键词
2025-06-22 21:23:06,504 - INFO - ⏳ 等待 3 秒后继续下一批...
2025-06-22 21:23:09,515 - INFO - 🔄 分裂国家 - 第 2/5 批 (目标: 40个)
2025-06-22 21:23:09,515 - INFO - 🔍 API调用详情:
2025-06-22 21:23:09,516 - INFO -    URL: https://ark.cn-beijing.volces.com/api/v3/chat/completions
2025-06-22 21:23:09,516 - INFO -    Model: doubao-1-5-pro-256k-250115
2025-06-22 21:23:09,516 - INFO -    Prompt长度: 281字符
2025-06-22 21:23:09,517 - INFO -    Max Tokens: 1000
2025-06-22 21:23:09,517 - INFO - 📡 发送API请求 (尝试 1/3)...
2025-06-22 21:23:22,654 - INFO - 📡 响应状态码: 200
2025-06-22 21:23:22,655 - INFO - ✅ API调用成功，返回内容长度: 237字符
2025-06-22 21:23:22,673 - INFO - 📝 已将 40 个关键词追加到CSV: 内容违反社会主义核心价值观-分裂国家_批次2
2025-06-22 21:23:22,673 - INFO - ✅ 第 2 批生成 40 个关键词
2025-06-22 21:23:22,674 - INFO - ⏳ 等待 3 秒后继续下一批...
2025-06-22 21:23:25,687 - INFO - 🔄 分裂国家 - 第 3/5 批 (目标: 40个)
2025-06-22 21:23:25,687 - INFO - 🔍 API调用详情:
2025-06-22 21:23:25,687 - INFO -    URL: https://ark.cn-beijing.volces.com/api/v3/chat/completions
2025-06-22 21:23:25,688 - INFO -    Model: doubao-1-5-pro-256k-250115
2025-06-22 21:23:25,688 - INFO -    Prompt长度: 281字符
2025-06-22 21:23:25,688 - INFO -    Max Tokens: 1000
2025-06-22 21:23:25,688 - INFO - 📡 发送API请求 (尝试 1/3)...
2025-06-22 21:23:38,484 - INFO - 📡 响应状态码: 200
2025-06-22 21:23:38,485 - INFO - ✅ API调用成功，返回内容长度: 207字符
2025-06-22 21:23:38,503 - INFO - 📝 已将 37 个关键词追加到CSV: 内容违反社会主义核心价值观-分裂国家_批次3
2025-06-22 21:23:38,503 - INFO - ✅ 第 3 批生成 37 个关键词
2025-06-22 21:23:38,504 - INFO - ⏳ 等待 3 秒后继续下一批...
2025-06-22 21:23:41,505 - INFO - 🔄 分裂国家 - 第 4/5 批 (目标: 40个)
2025-06-22 21:23:41,505 - INFO - 🔍 API调用详情:
2025-06-22 21:23:41,506 - INFO -    URL: https://ark.cn-beijing.volces.com/api/v3/chat/completions
2025-06-22 21:23:41,506 - INFO -    Model: doubao-1-5-pro-256k-250115
2025-06-22 21:23:41,506 - INFO -    Prompt长度: 281字符
2025-06-22 21:23:41,506 - INFO -    Max Tokens: 1000
2025-06-22 21:23:41,507 - INFO - 📡 发送API请求 (尝试 1/3)...
2025-06-22 21:23:50,029 - INFO - 📡 响应状态码: 200
2025-06-22 21:23:50,029 - INFO - ✅ API调用成功，返回内容长度: 275字符
2025-06-22 21:23:50,049 - INFO - 📝 已将 38 个关键词追加到CSV: 内容违反社会主义核心价值观-分裂国家_批次4
2025-06-22 21:23:50,050 - INFO - ✅ 第 4 批生成 38 个关键词
2025-06-22 21:23:50,050 - INFO - ⏳ 等待 3 秒后继续下一批...
2025-06-22 21:23:53,065 - INFO - 🔄 分裂国家 - 第 5/5 批 (目标: 40个)
2025-06-22 21:23:53,065 - INFO - 🔍 API调用详情:
2025-06-22 21:23:53,066 - INFO -    URL: https://ark.cn-beijing.volces.com/api/v3/chat/completions
2025-06-22 21:23:53,066 - INFO -    Model: doubao-1-5-pro-256k-250115
2025-06-22 21:23:53,066 - INFO -    Prompt长度: 281字符
2025-06-22 21:23:53,066 - INFO -    Max Tokens: 1000
2025-06-22 21:23:53,067 - INFO - 📡 发送API请求 (尝试 1/3)...
2025-06-22 21:24:01,855 - INFO - 📡 响应状态码: 200
2025-06-22 21:24:01,855 - INFO - ✅ API调用成功，返回内容长度: 271字符
2025-06-22 21:24:01,873 - INFO - 📝 已将 37 个关键词追加到CSV: 内容违反社会主义核心价值观-分裂国家_批次5
2025-06-22 21:24:01,874 - INFO - ✅ 第 5 批生成 37 个关键词
2025-06-22 21:24:01,874 - INFO - 🎯 分裂国家 完成: 192/200 (96.0%)
2025-06-22 21:24:01,875 - INFO - 开始生成 内容违反社会主义核心价值观 -> 煽动颠覆 的关键词
2025-06-22 21:24:01,875 - INFO - ✅ 内容违反社会主义核心价值观-分裂国家: 192 个关键词
2025-06-22 21:24:01,875 - INFO - 📦 煽动颠覆 将分 5 批生成，每批 40 个
2025-06-22 21:24:01,876 - INFO - 🔄 煽动颠覆 - 第 1/5 批 (目标: 40个)
2025-06-22 21:24:01,876 - INFO - 🔍 API调用详情:
2025-06-22 21:24:01,877 - INFO -    URL: https://ark.cn-beijing.volces.com/api/v3/chat/completions
2025-06-22 21:24:01,877 - INFO -    Model: doubao-1-5-pro-256k-250115
2025-06-22 21:24:01,877 - INFO -    Prompt长度: 192字符
2025-06-22 21:24:01,877 - INFO -    Max Tokens: 1000
2025-06-22 21:24:01,878 - INFO - 📡 发送API请求 (尝试 1/3)...
2025-06-22 21:24:04,084 - INFO - 📡 响应状态码: 200
2025-06-22 21:24:04,085 - INFO - ✅ API调用成功，返回内容长度: 104字符
2025-06-22 21:24:04,085 - WARNING - ⚠️ 批次 1 尝试 1 未生成有效关键词
2025-06-22 21:24:04,085 - INFO - 🔍 API调用详情:
2025-06-22 21:24:04,086 - INFO -    URL: https://ark.cn-beijing.volces.com/api/v3/chat/completions
2025-06-22 21:24:04,086 - INFO -    Model: doubao-1-5-pro-256k-250115
2025-06-22 21:24:04,086 - INFO -    Prompt长度: 192字符
2025-06-22 21:24:04,086 - INFO -    Max Tokens: 1000
2025-06-22 21:24:04,087 - INFO - 📡 发送API请求 (尝试 1/3)...
2025-06-22 21:24:06,939 - INFO - 📡 响应状态码: 200
2025-06-22 21:24:06,940 - INFO - ✅ API调用成功，返回内容长度: 135字符
2025-06-22 21:24:06,940 - WARNING - ⚠️ 批次 1 尝试 2 未生成有效关键词
2025-06-22 21:24:06,940 - INFO - 🔍 API调用详情:
2025-06-22 21:24:06,941 - INFO -    URL: https://ark.cn-beijing.volces.com/api/v3/chat/completions
2025-06-22 21:24:06,941 - INFO -    Model: doubao-1-5-pro-256k-250115
2025-06-22 21:24:06,941 - INFO -    Prompt长度: 192字符
2025-06-22 21:24:06,941 - INFO -    Max Tokens: 1000
2025-06-22 21:24:06,942 - INFO - 📡 发送API请求 (尝试 1/3)...
2025-06-22 21:24:10,361 - INFO - 📡 响应状态码: 200
2025-06-22 21:24:10,361 - INFO - ✅ API调用成功，返回内容长度: 137字符
2025-06-22 21:24:10,362 - WARNING - ⚠️ 批次 1 尝试 3 未生成有效关键词
2025-06-22 21:24:10,362 - INFO - 🔍 API调用详情:
2025-06-22 21:24:10,362 - INFO -    URL: https://ark.cn-beijing.volces.com/api/v3/chat/completions
2025-06-22 21:24:10,362 - INFO -    Model: doubao-1-5-pro-256k-250115
2025-06-22 21:24:10,363 - INFO -    Prompt长度: 192字符
2025-06-22 21:24:10,363 - INFO -    Max Tokens: 1000
2025-06-22 21:24:10,363 - INFO - 📡 发送API请求 (尝试 1/3)...
2025-06-22 21:24:13,261 - INFO - 📡 响应状态码: 200
2025-06-22 21:24:13,261 - INFO - ✅ API调用成功，返回内容长度: 124字符
2025-06-22 21:24:13,262 - WARNING - ⚠️ 批次 1 尝试 4 未生成有效关键词
2025-06-22 21:24:13,262 - WARNING - ❌ 第 1 批生成失败
2025-06-22 21:24:13,262 - INFO - ⏳ 等待 3 秒后继续下一批...
2025-06-22 21:24:16,268 - INFO - 🔄 煽动颠覆 - 第 2/5 批 (目标: 40个)
2025-06-22 21:24:16,268 - INFO - 🔍 API调用详情:
2025-06-22 21:24:16,268 - INFO -    URL: https://ark.cn-beijing.volces.com/api/v3/chat/completions
2025-06-22 21:24:16,269 - INFO -    Model: doubao-1-5-pro-256k-250115
2025-06-22 21:24:16,269 - INFO -    Prompt长度: 192字符
2025-06-22 21:24:16,269 - INFO -    Max Tokens: 1000
2025-06-22 21:24:16,270 - INFO - 📡 发送API请求 (尝试 1/3)...
2025-06-22 21:24:19,257 - INFO - 📡 响应状态码: 200
2025-06-22 21:24:19,258 - INFO - ✅ API调用成功，返回内容长度: 119字符
2025-06-22 21:24:19,258 - WARNING - ⚠️ 批次 2 尝试 1 未生成有效关键词
2025-06-22 21:24:19,259 - INFO - 🔍 API调用详情:
2025-06-22 21:24:19,259 - INFO -    URL: https://ark.cn-beijing.volces.com/api/v3/chat/completions
2025-06-22 21:24:19,259 - INFO -    Model: doubao-1-5-pro-256k-250115
2025-06-22 21:24:19,260 - INFO -    Prompt长度: 192字符
2025-06-22 21:24:19,260 - INFO -    Max Tokens: 1000
2025-06-22 21:24:19,260 - INFO - 📡 发送API请求 (尝试 1/3)...
2025-06-22 21:24:21,747 - INFO - 📡 响应状态码: 200
2025-06-22 21:24:21,748 - INFO - ✅ API调用成功，返回内容长度: 117字符
2025-06-22 21:24:21,748 - WARNING - ⚠️ 批次 2 尝试 2 未生成有效关键词
2025-06-22 21:24:21,749 - INFO - 🔍 API调用详情:
2025-06-22 21:24:21,749 - INFO -    URL: https://ark.cn-beijing.volces.com/api/v3/chat/completions
2025-06-22 21:24:21,749 - INFO -    Model: doubao-1-5-pro-256k-250115
2025-06-22 21:24:21,750 - INFO -    Prompt长度: 192字符
2025-06-22 21:24:21,750 - INFO -    Max Tokens: 1000
2025-06-22 21:24:21,750 - INFO - 📡 发送API请求 (尝试 1/3)...
2025-06-22 21:24:24,839 - INFO - 📡 响应状态码: 200
2025-06-22 21:24:24,840 - INFO - ✅ API调用成功，返回内容长度: 127字符
2025-06-22 21:24:24,840 - WARNING - ⚠️ 批次 2 尝试 3 未生成有效关键词
2025-06-22 21:24:24,841 - INFO - 🔍 API调用详情:
2025-06-22 21:24:24,841 - INFO -    URL: https://ark.cn-beijing.volces.com/api/v3/chat/completions
2025-06-22 21:24:24,841 - INFO -    Model: doubao-1-5-pro-256k-250115
2025-06-22 21:24:24,842 - INFO -    Prompt长度: 192字符
2025-06-22 21:24:24,842 - INFO -    Max Tokens: 1000
2025-06-22 21:24:24,842 - INFO - 📡 发送API请求 (尝试 1/3)...
2025-06-22 21:24:28,210 - INFO - 📡 响应状态码: 200
2025-06-22 21:24:28,210 - INFO - ✅ API调用成功，返回内容长度: 143字符
2025-06-22 21:24:28,211 - WARNING - ⚠️ 批次 2 尝试 4 未生成有效关键词
2025-06-22 21:24:28,211 - WARNING - ❌ 第 2 批生成失败
2025-06-22 21:24:28,212 - INFO - ⏳ 等待 3 秒后继续下一批...
2025-06-22 21:24:31,213 - INFO - 🔄 煽动颠覆 - 第 3/5 批 (目标: 40个)
2025-06-22 21:24:31,213 - INFO - 🔍 API调用详情:
2025-06-22 21:24:31,214 - INFO -    URL: https://ark.cn-beijing.volces.com/api/v3/chat/completions
2025-06-22 21:24:31,214 - INFO -    Model: doubao-1-5-pro-256k-250115
2025-06-22 21:24:31,214 - INFO -    Prompt长度: 192字符
2025-06-22 21:24:31,215 - INFO -    Max Tokens: 1000
2025-06-22 21:24:31,215 - INFO - 📡 发送API请求 (尝试 1/3)...
2025-06-22 21:24:34,552 - INFO - 📡 响应状态码: 200
2025-06-22 21:24:34,553 - INFO - ✅ API调用成功，返回内容长度: 148字符
2025-06-22 21:24:34,553 - WARNING - ⚠️ 批次 3 尝试 1 未生成有效关键词
2025-06-22 21:24:34,553 - INFO - 🔍 API调用详情:
2025-06-22 21:24:34,554 - INFO -    URL: https://ark.cn-beijing.volces.com/api/v3/chat/completions
2025-06-22 21:24:34,554 - INFO -    Model: doubao-1-5-pro-256k-250115
2025-06-22 21:24:34,554 - INFO -    Prompt长度: 192字符
2025-06-22 21:24:34,555 - INFO -    Max Tokens: 1000
2025-06-22 21:24:34,555 - INFO - 📡 发送API请求 (尝试 1/3)...
2025-06-22 21:24:37,712 - INFO - 📡 响应状态码: 200
2025-06-22 21:24:37,713 - INFO - ✅ API调用成功，返回内容长度: 100字符
2025-06-22 21:24:37,713 - WARNING - ⚠️ 批次 3 尝试 2 未生成有效关键词
2025-06-22 21:24:37,713 - INFO - 🔍 API调用详情:
2025-06-22 21:24:37,714 - INFO -    URL: https://ark.cn-beijing.volces.com/api/v3/chat/completions
2025-06-22 21:24:37,714 - INFO -    Model: doubao-1-5-pro-256k-250115
2025-06-22 21:24:37,714 - INFO -    Prompt长度: 192字符
2025-06-22 21:24:37,715 - INFO -    Max Tokens: 1000
2025-06-22 21:24:37,715 - INFO - 📡 发送API请求 (尝试 1/3)...
2025-06-22 21:24:40,867 - INFO - 📡 响应状态码: 200
2025-06-22 21:24:40,867 - INFO - ✅ API调用成功，返回内容长度: 123字符
2025-06-22 21:24:40,868 - WARNING - ⚠️ 批次 3 尝试 3 未生成有效关键词
2025-06-22 21:24:40,868 - INFO - 🔍 API调用详情:
2025-06-22 21:24:40,868 - INFO -    URL: https://ark.cn-beijing.volces.com/api/v3/chat/completions
2025-06-22 21:24:40,869 - INFO -    Model: doubao-1-5-pro-256k-250115
2025-06-22 21:24:40,869 - INFO -    Prompt长度: 192字符
2025-06-22 21:24:40,869 - INFO -    Max Tokens: 1000
2025-06-22 21:24:40,870 - INFO - 📡 发送API请求 (尝试 1/3)...
2025-06-22 21:24:43,641 - INFO - 📡 响应状态码: 200
2025-06-22 21:24:43,642 - INFO - ✅ API调用成功，返回内容长度: 118字符
2025-06-22 21:24:43,642 - WARNING - ⚠️ 批次 3 尝试 4 未生成有效关键词
2025-06-22 21:24:43,643 - WARNING - ❌ 第 3 批生成失败
2025-06-22 21:24:43,643 - INFO - ⏳ 等待 3 秒后继续下一批...
2025-06-22 21:24:46,645 - INFO - 🔄 煽动颠覆 - 第 4/5 批 (目标: 40个)
2025-06-22 21:24:46,645 - INFO - 🔍 API调用详情:
2025-06-22 21:24:46,646 - INFO -    URL: https://ark.cn-beijing.volces.com/api/v3/chat/completions
2025-06-22 21:24:46,646 - INFO -    Model: doubao-1-5-pro-256k-250115
2025-06-22 21:24:46,647 - INFO -    Prompt长度: 192字符
2025-06-22 21:24:46,647 - INFO -    Max Tokens: 1000
2025-06-22 21:24:46,647 - INFO - 📡 发送API请求 (尝试 1/3)...
2025-06-22 21:24:49,436 - INFO - 📡 响应状态码: 200
2025-06-22 21:24:49,436 - INFO - ✅ API调用成功，返回内容长度: 125字符
2025-06-22 21:24:49,437 - WARNING - ⚠️ 批次 4 尝试 1 未生成有效关键词
2025-06-22 21:24:49,437 - INFO - 🔍 API调用详情:
2025-06-22 21:24:49,437 - INFO -    URL: https://ark.cn-beijing.volces.com/api/v3/chat/completions
2025-06-22 21:24:49,437 - INFO -    Model: doubao-1-5-pro-256k-250115
2025-06-22 21:24:49,438 - INFO -    Prompt长度: 192字符
2025-06-22 21:24:49,438 - INFO -    Max Tokens: 1000
2025-06-22 21:24:49,438 - INFO - 📡 发送API请求 (尝试 1/3)...
2025-06-22 21:24:51,884 - INFO - 📡 响应状态码: 200
2025-06-22 21:24:51,884 - INFO - ✅ API调用成功，返回内容长度: 113字符
2025-06-22 21:24:51,885 - WARNING - ⚠️ 批次 4 尝试 2 未生成有效关键词
2025-06-22 21:24:51,885 - INFO - 🔍 API调用详情:
2025-06-22 21:24:51,885 - INFO -    URL: https://ark.cn-beijing.volces.com/api/v3/chat/completions
2025-06-22 21:24:51,886 - INFO -    Model: doubao-1-5-pro-256k-250115
2025-06-22 21:24:51,886 - INFO -    Prompt长度: 192字符
2025-06-22 21:24:51,886 - INFO -    Max Tokens: 1000
2025-06-22 21:24:51,887 - INFO - 📡 发送API请求 (尝试 1/3)...
2025-06-22 21:24:54,776 - INFO - 📡 响应状态码: 200
2025-06-22 21:24:54,777 - INFO - ✅ API调用成功，返回内容长度: 101字符
2025-06-22 21:24:54,777 - WARNING - ⚠️ 批次 4 尝试 3 未生成有效关键词
2025-06-22 21:24:54,778 - INFO - 🔍 API调用详情:
2025-06-22 21:24:54,778 - INFO -    URL: https://ark.cn-beijing.volces.com/api/v3/chat/completions
2025-06-22 21:24:54,779 - INFO -    Model: doubao-1-5-pro-256k-250115
2025-06-22 21:24:54,779 - INFO -    Prompt长度: 192字符
2025-06-22 21:24:54,779 - INFO -    Max Tokens: 1000
2025-06-22 21:24:54,779 - INFO - 📡 发送API请求 (尝试 1/3)...
2025-06-22 21:24:57,729 - INFO - 📡 响应状态码: 200
2025-06-22 21:24:57,730 - INFO - ✅ API调用成功，返回内容长度: 123字符
2025-06-22 21:24:57,730 - WARNING - ⚠️ 批次 4 尝试 4 未生成有效关键词
2025-06-22 21:24:57,730 - WARNING - ❌ 第 4 批生成失败
2025-06-22 21:24:57,731 - INFO - ⏳ 等待 3 秒后继续下一批...
2025-06-22 21:25:00,742 - INFO - 🔄 煽动颠覆 - 第 5/5 批 (目标: 40个)
2025-06-22 21:25:00,742 - INFO - 🔍 API调用详情:
2025-06-22 21:25:00,743 - INFO -    URL: https://ark.cn-beijing.volces.com/api/v3/chat/completions
2025-06-22 21:25:00,743 - INFO -    Model: doubao-1-5-pro-256k-250115
2025-06-22 21:25:00,744 - INFO -    Prompt长度: 192字符
2025-06-22 21:25:00,744 - INFO -    Max Tokens: 1000
2025-06-22 21:25:00,744 - INFO - 📡 发送API请求 (尝试 1/3)...
2025-06-22 21:25:03,578 - INFO - 📡 响应状态码: 200
2025-06-22 21:25:03,578 - INFO - ✅ API调用成功，返回内容长度: 113字符
2025-06-22 21:25:03,579 - WARNING - ⚠️ 批次 5 尝试 1 未生成有效关键词
2025-06-22 21:25:03,579 - INFO - 🔍 API调用详情:
2025-06-22 21:25:03,579 - INFO -    URL: https://ark.cn-beijing.volces.com/api/v3/chat/completions
2025-06-22 21:25:03,580 - INFO -    Model: doubao-1-5-pro-256k-250115
2025-06-22 21:25:03,580 - INFO -    Prompt长度: 192字符
2025-06-22 21:25:03,580 - INFO -    Max Tokens: 1000
2025-06-22 21:25:03,580 - INFO - 📡 发送API请求 (尝试 1/3)...
2025-06-22 21:25:05,843 - INFO - 📡 响应状态码: 200
2025-06-22 21:25:05,844 - INFO - ✅ API调用成功，返回内容长度: 101字符
2025-06-22 21:25:05,844 - WARNING - ⚠️ 批次 5 尝试 2 未生成有效关键词
2025-06-22 21:25:05,844 - INFO - 🔍 API调用详情:
2025-06-22 21:25:05,845 - INFO -    URL: https://ark.cn-beijing.volces.com/api/v3/chat/completions
2025-06-22 21:25:05,845 - INFO -    Model: doubao-1-5-pro-256k-250115
2025-06-22 21:25:05,845 - INFO -    Prompt长度: 192字符
2025-06-22 21:25:05,846 - INFO -    Max Tokens: 1000
2025-06-22 21:25:05,846 - INFO - 📡 发送API请求 (尝试 1/3)...
2025-06-22 21:25:09,129 - INFO - 📡 响应状态码: 200
2025-06-22 21:25:09,130 - INFO - ✅ API调用成功，返回内容长度: 152字符
2025-06-22 21:25:09,130 - WARNING - ⚠️ 批次 5 尝试 3 未生成有效关键词
2025-06-22 21:25:09,130 - INFO - 🔍 API调用详情:
2025-06-22 21:25:09,131 - INFO -    URL: https://ark.cn-beijing.volces.com/api/v3/chat/completions
2025-06-22 21:25:09,131 - INFO -    Model: doubao-1-5-pro-256k-250115
2025-06-22 21:25:09,131 - INFO -    Prompt长度: 192字符
2025-06-22 21:25:09,131 - INFO -    Max Tokens: 1000
2025-06-22 21:25:09,132 - INFO - 📡 发送API请求 (尝试 1/3)...
2025-06-22 21:25:12,045 - INFO - 📡 响应状态码: 200
2025-06-22 21:25:12,046 - INFO - ✅ API调用成功，返回内容长度: 152字符
2025-06-22 21:25:12,046 - WARNING - ⚠️ 批次 5 尝试 4 未生成有效关键词
2025-06-22 21:25:12,047 - WARNING - ❌ 第 5 批生成失败
2025-06-22 21:25:12,047 - INFO - 🔧 煽动颠覆 当前 0 个，尝试补充...
2025-06-22 21:25:12,047 - INFO - 为 煽动颠覆 补充 200 个关键词
2025-06-22 21:25:12,048 - INFO - 🔍 API调用详情:
2025-06-22 21:25:12,048 - INFO -    URL: https://ark.cn-beijing.volces.com/api/v3/chat/completions
2025-06-22 21:25:12,048 - INFO -    Model: doubao-1-5-pro-256k-250115
2025-06-22 21:25:12,048 - INFO -    Prompt长度: 138字符
2025-06-22 21:25:12,049 - INFO -    Max Tokens: 2000
2025-06-22 21:25:12,049 - INFO - 📡 发送API请求 (尝试 1/3)...
2025-06-22 21:25:15,926 - INFO - 📡 响应状态码: 200
2025-06-22 21:25:15,927 - INFO - ✅ API调用成功，返回内容长度: 148字符
2025-06-22 21:25:15,927 - INFO - 煽动颠覆 补充后共有 0 个关键词
2025-06-22 21:25:15,928 - INFO - 🔍 API调用详情:
2025-06-22 21:25:15,928 - INFO -    URL: https://ark.cn-beijing.volces.com/api/v3/chat/completions
2025-06-22 21:25:15,929 - INFO -    Model: doubao-1-5-pro-256k-250115
2025-06-22 21:25:15,929 - INFO -    Prompt长度: 138字符
2025-06-22 21:25:15,930 - INFO -    Max Tokens: 2000
2025-06-22 21:25:15,930 - INFO - 📡 发送API请求 (尝试 1/3)...
2025-06-22 21:25:19,070 - INFO - 📡 响应状态码: 200
2025-06-22 21:25:19,071 - INFO - ✅ API调用成功，返回内容长度: 143字符
2025-06-22 21:25:19,071 - INFO - 煽动颠覆 补充后共有 0 个关键词
2025-06-22 21:25:19,072 - INFO - 🔍 API调用详情:
2025-06-22 21:25:19,072 - INFO -    URL: https://ark.cn-beijing.volces.com/api/v3/chat/completions
2025-06-22 21:25:19,073 - INFO -    Model: doubao-1-5-pro-256k-250115
2025-06-22 21:25:19,073 - INFO -    Prompt长度: 138字符
2025-06-22 21:25:19,074 - INFO -    Max Tokens: 2000
2025-06-22 21:25:19,074 - INFO - 📡 发送API请求 (尝试 1/3)...
2025-06-22 21:25:22,316 - INFO - 📡 响应状态码: 200
2025-06-22 21:25:22,316 - INFO - ✅ API调用成功，返回内容长度: 151字符
2025-06-22 21:25:22,317 - INFO - 煽动颠覆 补充后共有 0 个关键词
2025-06-22 21:25:22,317 - INFO - 🎯 煽动颠覆 完成: 0/200 (0.0%)
2025-06-22 21:25:22,317 - INFO - 开始生成 内容违反社会主义核心价值观 -> 危害国家安全 的关键词
2025-06-22 21:25:22,318 - INFO - ✅ 内容违反社会主义核心价值观-煽动颠覆: 0 个关键词
2025-06-22 21:25:22,318 - INFO - 📦 危害国家安全 将分 5 批生成，每批 40 个
2025-06-22 21:25:22,318 - INFO - 🔄 危害国家安全 - 第 1/5 批 (目标: 40个)
2025-06-22 21:25:22,319 - INFO - 🔍 API调用详情:
2025-06-22 21:25:22,319 - INFO -    URL: https://ark.cn-beijing.volces.com/api/v3/chat/completions
2025-06-22 21:25:22,319 - INFO -    Model: doubao-1-5-pro-256k-250115
2025-06-22 21:25:22,320 - INFO -    Prompt长度: 190字符
2025-06-22 21:25:22,320 - INFO -    Max Tokens: 1000
2025-06-22 21:25:22,320 - INFO - 📡 发送API请求 (尝试 1/3)...
2025-06-22 21:25:31,188 - INFO - 📡 响应状态码: 200
2025-06-22 21:25:31,189 - INFO - ✅ API调用成功，返回内容长度: 272字符
2025-06-22 21:25:31,208 - INFO - 📝 已将 40 个关键词追加到CSV: 内容违反社会主义核心价值观-危害国家安全_批次1
2025-06-22 21:25:31,208 - INFO - ✅ 第 1 批生成 40 个关键词
2025-06-22 21:25:31,209 - INFO - ⏳ 等待 3 秒后继续下一批...
2025-06-22 21:25:34,217 - INFO - 🔄 危害国家安全 - 第 2/5 批 (目标: 40个)
2025-06-22 21:25:34,217 - INFO - 🔍 API调用详情:
2025-06-22 21:25:34,218 - INFO -    URL: https://ark.cn-beijing.volces.com/api/v3/chat/completions
2025-06-22 21:25:34,218 - INFO -    Model: doubao-1-5-pro-256k-250115
2025-06-22 21:25:34,218 - INFO -    Prompt长度: 284字符
2025-06-22 21:25:34,218 - INFO -    Max Tokens: 1000
2025-06-22 21:25:34,219 - INFO - 📡 发送API请求 (尝试 1/3)...
2025-06-22 21:25:43,239 - INFO - 📡 响应状态码: 200
2025-06-22 21:25:43,240 - INFO - ✅ API调用成功，返回内容长度: 279字符
2025-06-22 21:25:43,268 - INFO - 📝 已将 36 个关键词追加到CSV: 内容违反社会主义核心价值观-危害国家安全_批次2
2025-06-22 21:25:43,269 - INFO - ✅ 第 2 批生成 36 个关键词
2025-06-22 21:25:43,269 - INFO - ⏳ 等待 3 秒后继续下一批...
2025-06-22 21:25:46,280 - INFO - 🔄 危害国家安全 - 第 3/5 批 (目标: 40个)
2025-06-22 21:25:46,280 - INFO - 🔍 API调用详情:
2025-06-22 21:25:46,281 - INFO -    URL: https://ark.cn-beijing.volces.com/api/v3/chat/completions
2025-06-22 21:25:46,281 - INFO -    Model: doubao-1-5-pro-256k-250115
2025-06-22 21:25:46,281 - INFO -    Prompt长度: 284字符
2025-06-22 21:25:46,282 - INFO -    Max Tokens: 1000
2025-06-22 21:25:46,282 - INFO - 📡 发送API请求 (尝试 1/3)...
2025-06-22 21:25:53,464 - INFO - 📡 响应状态码: 200
2025-06-22 21:25:53,465 - INFO - ✅ API调用成功，返回内容长度: 279字符
2025-06-22 21:25:53,489 - INFO - 📝 已将 27 个关键词追加到CSV: 内容违反社会主义核心价值观-危害国家安全_批次3
2025-06-22 21:25:53,490 - INFO - ✅ 第 3 批生成 27 个关键词
2025-06-22 21:25:53,490 - INFO - ⏳ 等待 3 秒后继续下一批...
2025-06-22 21:25:56,496 - INFO - 🔄 危害国家安全 - 第 4/5 批 (目标: 40个)
2025-06-22 21:25:56,496 - INFO - 🔍 API调用详情:
2025-06-22 21:25:56,497 - INFO -    URL: https://ark.cn-beijing.volces.com/api/v3/chat/completions
2025-06-22 21:25:56,497 - INFO -    Model: doubao-1-5-pro-256k-250115
2025-06-22 21:25:56,497 - INFO -    Prompt长度: 284字符
2025-06-22 21:25:56,497 - INFO -    Max Tokens: 1000
2025-06-22 21:25:56,498 - INFO - 📡 发送API请求 (尝试 1/3)...
2025-06-22 21:26:05,283 - INFO - 📡 响应状态码: 200
2025-06-22 21:26:05,284 - INFO - ✅ API调用成功，返回内容长度: 279字符
2025-06-22 21:26:05,302 - INFO - 📝 已将 33 个关键词追加到CSV: 内容违反社会主义核心价值观-危害国家安全_批次4
2025-06-22 21:26:05,302 - INFO - ✅ 第 4 批生成 33 个关键词
2025-06-22 21:26:05,302 - INFO - ⏳ 等待 3 秒后继续下一批...
2025-06-22 21:26:08,317 - INFO - 🔄 危害国家安全 - 第 5/5 批 (目标: 40个)
2025-06-22 21:26:08,317 - INFO - 🔍 API调用详情:
2025-06-22 21:26:08,318 - INFO -    URL: https://ark.cn-beijing.volces.com/api/v3/chat/completions
2025-06-22 21:26:08,318 - INFO -    Model: doubao-1-5-pro-256k-250115
2025-06-22 21:26:08,319 - INFO -    Prompt长度: 284字符
2025-06-22 21:26:08,319 - INFO -    Max Tokens: 1000
2025-06-22 21:26:08,319 - INFO - 📡 发送API请求 (尝试 1/3)...
2025-06-22 21:26:16,254 - INFO - 📡 响应状态码: 200
2025-06-22 21:26:16,255 - INFO - ✅ API调用成功，返回内容长度: 279字符
2025-06-22 21:26:16,275 - INFO - 📝 已将 31 个关键词追加到CSV: 内容违反社会主义核心价值观-危害国家安全_批次5
2025-06-22 21:26:16,276 - INFO - ✅ 第 5 批生成 31 个关键词
2025-06-22 21:26:16,276 - INFO - 🎯 危害国家安全 完成: 167/200 (83.5%)
2025-06-22 21:26:16,276 - INFO - 开始生成 内容违反社会主义核心价值观 -> 破坏民族团结 的关键词
2025-06-22 21:26:16,276 - INFO - ✅ 内容违反社会主义核心价值观-危害国家安全: 167 个关键词
2025-06-22 21:26:16,277 - INFO - 📦 破坏民族团结 将分 5 批生成，每批 40 个
2025-06-22 21:26:16,277 - INFO - 🔄 破坏民族团结 - 第 1/5 批 (目标: 40个)
2025-06-22 21:26:16,278 - INFO - 🔍 API调用详情:
2025-06-22 21:26:16,278 - INFO -    URL: https://ark.cn-beijing.volces.com/api/v3/chat/completions
2025-06-22 21:26:16,278 - INFO -    Model: doubao-1-5-pro-256k-250115
2025-06-22 21:26:16,279 - INFO -    Prompt长度: 190字符
2025-06-22 21:26:16,279 - INFO -    Max Tokens: 1000
2025-06-22 21:26:16,279 - INFO - 📡 发送API请求 (尝试 1/3)...
2025-06-22 21:26:18,936 - INFO - 📡 响应状态码: 200
2025-06-22 21:26:18,937 - INFO - ✅ API调用成功，返回内容长度: 87字符
2025-06-22 21:26:18,937 - WARNING - ⚠️ 批次 1 尝试 1 未生成有效关键词
2025-06-22 21:26:18,937 - INFO - 🔍 API调用详情:
2025-06-22 21:26:18,938 - INFO -    URL: https://ark.cn-beijing.volces.com/api/v3/chat/completions
2025-06-22 21:26:18,938 - INFO -    Model: doubao-1-5-pro-256k-250115
2025-06-22 21:26:18,938 - INFO -    Prompt长度: 190字符
2025-06-22 21:26:18,939 - INFO -    Max Tokens: 1000
2025-06-22 21:26:18,939 - INFO - 📡 发送API请求 (尝试 1/3)...
2025-06-22 21:26:27,967 - INFO - 📡 响应状态码: 200
2025-06-22 21:26:27,968 - INFO - ✅ API调用成功，返回内容长度: 331字符
2025-06-22 21:26:27,985 - INFO - 📝 已将 41 个关键词追加到CSV: 内容违反社会主义核心价值观-破坏民族团结_批次1
2025-06-22 21:26:27,985 - INFO - ✅ 第 1 批生成 41 个关键词
2025-06-22 21:26:27,985 - INFO - ⏳ 等待 3 秒后继续下一批...
2025-06-22 21:26:30,995 - INFO - 🔄 破坏民族团结 - 第 2/5 批 (目标: 40个)
2025-06-22 21:26:30,995 - INFO - 🔍 API调用详情:
2025-06-22 21:26:30,996 - INFO -    URL: https://ark.cn-beijing.volces.com/api/v3/chat/completions
2025-06-22 21:26:30,996 - INFO -    Model: doubao-1-5-pro-256k-250115
2025-06-22 21:26:30,996 - INFO -    Prompt长度: 286字符
2025-06-22 21:26:30,997 - INFO -    Max Tokens: 1000
2025-06-22 21:26:30,997 - INFO - 📡 发送API请求 (尝试 1/3)...
2025-06-22 21:26:37,308 - INFO - 📡 响应状态码: 200
2025-06-22 21:26:37,308 - INFO - ✅ API调用成功，返回内容长度: 287字符
2025-06-22 21:26:37,329 - INFO - 📝 已将 31 个关键词追加到CSV: 内容违反社会主义核心价值观-破坏民族团结_批次2
2025-06-22 21:26:37,330 - INFO - ✅ 第 2 批生成 31 个关键词
2025-06-22 21:26:37,330 - INFO - ⏳ 等待 3 秒后继续下一批...
2025-06-22 21:26:40,336 - INFO - 🔄 破坏民族团结 - 第 3/5 批 (目标: 40个)
2025-06-22 21:26:40,336 - INFO - 🔍 API调用详情:
2025-06-22 21:26:40,337 - INFO -    URL: https://ark.cn-beijing.volces.com/api/v3/chat/completions
2025-06-22 21:26:40,337 - INFO -    Model: doubao-1-5-pro-256k-250115
2025-06-22 21:26:40,337 - INFO -    Prompt长度: 286字符
2025-06-22 21:26:40,338 - INFO -    Max Tokens: 1000
2025-06-22 21:26:40,338 - INFO - 📡 发送API请求 (尝试 1/3)...
2025-06-22 21:26:48,128 - INFO - 📡 响应状态码: 200
2025-06-22 21:26:48,129 - INFO - ✅ API调用成功，返回内容长度: 298字符
2025-06-22 21:26:48,155 - INFO - 📝 已将 27 个关键词追加到CSV: 内容违反社会主义核心价值观-破坏民族团结_批次3
2025-06-22 21:26:48,156 - INFO - ✅ 第 3 批生成 27 个关键词
2025-06-22 21:26:48,156 - INFO - ⏳ 等待 3 秒后继续下一批...
2025-06-22 21:26:51,171 - INFO - 🔄 破坏民族团结 - 第 4/5 批 (目标: 40个)
2025-06-22 21:26:51,171 - INFO - 🔍 API调用详情:
2025-06-22 21:26:51,172 - INFO -    URL: https://ark.cn-beijing.volces.com/api/v3/chat/completions
2025-06-22 21:26:51,172 - INFO -    Model: doubao-1-5-pro-256k-250115
2025-06-22 21:26:51,172 - INFO -    Prompt长度: 286字符
2025-06-22 21:26:51,173 - INFO -    Max Tokens: 1000
2025-06-22 21:26:51,173 - INFO - 📡 发送API请求 (尝试 1/3)...
2025-06-22 21:26:59,490 - INFO - 📡 响应状态码: 200
2025-06-22 21:26:59,491 - INFO - ✅ API调用成功，返回内容长度: 299字符
2025-06-22 21:26:59,508 - INFO - 📝 已将 36 个关键词追加到CSV: 内容违反社会主义核心价值观-破坏民族团结_批次4
2025-06-22 21:26:59,509 - INFO - ✅ 第 4 批生成 36 个关键词
2025-06-22 21:26:59,509 - INFO - ⏳ 等待 3 秒后继续下一批...
2025-06-22 21:27:02,521 - INFO - 🔄 破坏民族团结 - 第 5/5 批 (目标: 40个)
2025-06-22 21:27:02,521 - INFO - 🔍 API调用详情:
2025-06-22 21:27:02,522 - INFO -    URL: https://ark.cn-beijing.volces.com/api/v3/chat/completions
2025-06-22 21:27:02,522 - INFO -    Model: doubao-1-5-pro-256k-250115
2025-06-22 21:27:02,522 - INFO -    Prompt长度: 286字符
2025-06-22 21:27:02,523 - INFO -    Max Tokens: 1000
2025-06-22 21:27:02,523 - INFO - 📡 发送API请求 (尝试 1/3)...
2025-06-22 21:27:09,598 - INFO - 📡 响应状态码: 200
2025-06-22 21:27:09,599 - INFO - ✅ API调用成功，返回内容长度: 300字符
2025-06-22 21:27:09,618 - INFO - 📝 已将 24 个关键词追加到CSV: 内容违反社会主义核心价值观-破坏民族团结_批次5
2025-06-22 21:27:09,618 - INFO - ✅ 第 5 批生成 24 个关键词
2025-06-22 21:27:09,619 - INFO - 🔧 破坏民族团结 当前 159 个，尝试补充...
2025-06-22 21:27:09,619 - INFO - 为 破坏民族团结 补充 41 个关键词
2025-06-22 21:27:09,619 - INFO - 🔍 API调用详情:
2025-06-22 21:27:09,620 - INFO -    URL: https://ark.cn-beijing.volces.com/api/v3/chat/completions
2025-06-22 21:27:09,620 - INFO -    Model: doubao-1-5-pro-256k-250115
2025-06-22 21:27:09,620 - INFO -    Prompt长度: 211字符
2025-06-22 21:27:09,620 - INFO -    Max Tokens: 2000
2025-06-22 21:27:09,621 - INFO - 📡 发送API请求 (尝试 1/3)...
2025-06-22 21:27:18,462 - INFO - 📡 响应状态码: 200
2025-06-22 21:27:18,463 - INFO - ✅ API调用成功，返回内容长度: 333字符
2025-06-22 21:27:18,484 - INFO - 📝 已将 40 个关键词追加到CSV: 内容违反社会主义核心价值观-破坏民族团结_补充1
2025-06-22 21:27:18,484 - INFO - 破坏民族团结 补充后共有 199 个关键词
2025-06-22 21:27:18,485 - INFO - 🔍 API调用详情:
2025-06-22 21:27:18,485 - INFO -    URL: https://ark.cn-beijing.volces.com/api/v3/chat/completions
2025-06-22 21:27:18,485 - INFO -    Model: doubao-1-5-pro-256k-250115
2025-06-22 21:27:18,486 - INFO -    Prompt长度: 209字符
2025-06-22 21:27:18,486 - INFO -    Max Tokens: 2000
2025-06-22 21:27:18,486 - INFO - 📡 发送API请求 (尝试 1/3)...
2025-06-22 21:27:19,249 - INFO - 📡 响应状态码: 200
2025-06-22 21:27:19,249 - INFO - ✅ API调用成功，返回内容长度: 6字符
2025-06-22 21:27:19,267 - INFO - 📝 已将 1 个关键词追加到CSV: 内容违反社会主义核心价值观-破坏民族团结_补充2
2025-06-22 21:27:19,267 - INFO - 破坏民族团结 补充后共有 200 个关键词
2025-06-22 21:27:19,268 - INFO - 🎯 破坏民族团结 完成: 200/200 (100.0%)
2025-06-22 21:27:19,268 - INFO - 开始生成 内容违反社会主义核心价值观 -> 宗教极端 的关键词
2025-06-22 21:27:19,268 - INFO - ✅ 内容违反社会主义核心价值观-破坏民族团结: 200 个关键词
2025-06-22 21:27:19,268 - INFO - 📦 宗教极端 将分 5 批生成，每批 40 个
2025-06-22 21:27:19,269 - INFO - 🔄 宗教极端 - 第 1/5 批 (目标: 40个)
2025-06-22 21:27:19,269 - INFO - 🔍 API调用详情:
2025-06-22 21:27:19,270 - INFO -    URL: https://ark.cn-beijing.volces.com/api/v3/chat/completions
2025-06-22 21:27:19,270 - INFO -    Model: doubao-1-5-pro-256k-250115
2025-06-22 21:27:19,270 - INFO -    Prompt长度: 185字符
2025-06-22 21:27:19,271 - INFO -    Max Tokens: 1000
2025-06-22 21:27:19,271 - INFO - 📡 发送API请求 (尝试 1/3)...
2025-06-22 21:27:27,838 - INFO - 📡 响应状态码: 200
2025-06-22 21:27:27,839 - INFO - ✅ API调用成功，返回内容长度: 211字符
2025-06-22 21:27:27,859 - INFO - 📝 已将 26 个关键词追加到CSV: 内容违反社会主义核心价值观-宗教极端_批次1
2025-06-22 21:27:27,860 - INFO - ✅ 第 1 批生成 26 个关键词
2025-06-22 21:27:27,860 - INFO - ⏳ 等待 3 秒后继续下一批...
2025-06-22 21:27:30,871 - INFO - 🔄 宗教极端 - 第 2/5 批 (目标: 40个)
2025-06-22 21:27:30,871 - INFO - 🔍 API调用详情:
2025-06-22 21:27:30,872 - INFO -    URL: https://ark.cn-beijing.volces.com/api/v3/chat/completions
2025-06-22 21:27:30,872 - INFO -    Model: doubao-1-5-pro-256k-250115
2025-06-22 21:27:30,872 - INFO -    Prompt长度: 260字符
2025-06-22 21:27:30,872 - INFO -    Max Tokens: 1000
2025-06-22 21:27:30,873 - INFO - 📡 发送API请求 (尝试 1/3)...
2025-06-22 21:27:42,354 - INFO - 📡 响应状态码: 200
2025-06-22 21:27:42,355 - INFO - ✅ API调用成功，返回内容长度: 287字符
2025-06-22 21:27:42,374 - INFO - 📝 已将 27 个关键词追加到CSV: 内容违反社会主义核心价值观-宗教极端_批次2
2025-06-22 21:27:42,375 - INFO - ✅ 第 2 批生成 27 个关键词
2025-06-22 21:27:42,375 - INFO - ⏳ 等待 3 秒后继续下一批...
2025-06-22 21:27:45,389 - INFO - 🔄 宗教极端 - 第 3/5 批 (目标: 40个)
2025-06-22 21:27:45,389 - INFO - 🔍 API调用详情:
2025-06-22 21:27:45,390 - INFO -    URL: https://ark.cn-beijing.volces.com/api/v3/chat/completions
2025-06-22 21:27:45,390 - INFO -    Model: doubao-1-5-pro-256k-250115
2025-06-22 21:27:45,390 - INFO -    Prompt长度: 260字符
2025-06-22 21:27:45,391 - INFO -    Max Tokens: 1000
2025-06-22 21:27:45,391 - INFO - 📡 发送API请求 (尝试 1/3)...
2025-06-22 21:27:54,745 - INFO - 📡 响应状态码: 200
2025-06-22 21:27:54,746 - INFO - ✅ API调用成功，返回内容长度: 292字符
2025-06-22 21:27:54,763 - INFO - 📝 已将 22 个关键词追加到CSV: 内容违反社会主义核心价值观-宗教极端_批次3
2025-06-22 21:27:54,764 - INFO - ✅ 第 3 批生成 22 个关键词
2025-06-22 21:27:54,764 - INFO - ⏳ 等待 3 秒后继续下一批...
2025-06-22 21:27:57,779 - INFO - 🔄 宗教极端 - 第 4/5 批 (目标: 40个)
2025-06-22 21:27:57,779 - INFO - 🔍 API调用详情:
2025-06-22 21:27:57,780 - INFO -    URL: https://ark.cn-beijing.volces.com/api/v3/chat/completions
2025-06-22 21:27:57,780 - INFO -    Model: doubao-1-5-pro-256k-250115
2025-06-22 21:27:57,780 - INFO -    Prompt长度: 260字符
2025-06-22 21:27:57,781 - INFO -    Max Tokens: 1000
2025-06-22 21:27:57,781 - INFO - 📡 发送API请求 (尝试 1/3)...
2025-06-22 21:28:09,515 - INFO - 📡 响应状态码: 200
2025-06-22 21:28:09,516 - INFO - ✅ API调用成功，返回内容长度: 287字符
2025-06-22 21:28:09,533 - INFO - 📝 已将 19 个关键词追加到CSV: 内容违反社会主义核心价值观-宗教极端_批次4
2025-06-22 21:28:09,534 - INFO - ✅ 第 4 批生成 19 个关键词
2025-06-22 21:28:09,534 - INFO - ⏳ 等待 3 秒后继续下一批...
2025-06-22 21:28:12,550 - INFO - 🔄 宗教极端 - 第 5/5 批 (目标: 40个)
2025-06-22 21:28:12,550 - INFO - 🔍 API调用详情:
2025-06-22 21:28:12,551 - INFO -    URL: https://ark.cn-beijing.volces.com/api/v3/chat/completions
2025-06-22 21:28:12,551 - INFO -    Model: doubao-1-5-pro-256k-250115
2025-06-22 21:28:12,551 - INFO -    Prompt长度: 260字符
2025-06-22 21:28:12,552 - INFO -    Max Tokens: 1000
2025-06-22 21:28:12,552 - INFO - 📡 发送API请求 (尝试 1/3)...
2025-06-22 21:28:21,571 - INFO - 📡 响应状态码: 200
2025-06-22 21:28:21,571 - INFO - ✅ API调用成功，返回内容长度: 280字符
2025-06-22 21:28:21,590 - INFO - 📝 已将 28 个关键词追加到CSV: 内容违反社会主义核心价值观-宗教极端_批次5
2025-06-22 21:28:21,591 - INFO - ✅ 第 5 批生成 28 个关键词
2025-06-22 21:28:21,591 - INFO - 🔧 宗教极端 当前 122 个，尝试补充...
2025-06-22 21:28:21,591 - INFO - 为 宗教极端 补充 78 个关键词
2025-06-22 21:28:21,592 - INFO - 🔍 API调用详情:
2025-06-22 21:28:21,592 - INFO -    URL: https://ark.cn-beijing.volces.com/api/v3/chat/completions
2025-06-22 21:28:21,592 - INFO -    Model: doubao-1-5-pro-256k-250115
2025-06-22 21:28:21,592 - INFO -    Prompt长度: 186字符
2025-06-22 21:28:21,593 - INFO -    Max Tokens: 2000
2025-06-22 21:28:21,593 - INFO - 📡 发送API请求 (尝试 1/3)...
2025-06-22 21:28:46,535 - INFO - 📡 响应状态码: 200
2025-06-22 21:28:46,536 - INFO - ✅ API调用成功，返回内容长度: 653字符
2025-06-22 21:28:46,555 - INFO - 📝 已将 58 个关键词追加到CSV: 内容违反社会主义核心价值观-宗教极端_补充1
2025-06-22 21:28:46,555 - INFO - 宗教极端 补充后共有 180 个关键词
2025-06-22 21:28:46,556 - INFO - 🔍 API调用详情:
2025-06-22 21:28:46,556 - INFO -    URL: https://ark.cn-beijing.volces.com/api/v3/chat/completions
2025-06-22 21:28:46,556 - INFO -    Model: doubao-1-5-pro-256k-250115
2025-06-22 21:28:46,557 - INFO -    Prompt长度: 186字符
2025-06-22 21:28:46,557 - INFO -    Max Tokens: 2000
2025-06-22 21:28:46,557 - INFO - 📡 发送API请求 (尝试 1/3)...
2025-06-22 21:29:02,778 - INFO - 📡 响应状态码: 200
2025-06-22 21:29:02,779 - INFO - ✅ API调用成功，返回内容长度: 234字符
2025-06-22 21:29:02,800 - INFO - 📝 已将 14 个关键词追加到CSV: 内容违反社会主义核心价值观-宗教极端_补充2
2025-06-22 21:29:02,800 - INFO - 宗教极端 补充后共有 194 个关键词
2025-06-22 21:29:02,801 - INFO - 🔍 API调用详情:
2025-06-22 21:29:02,801 - INFO -    URL: https://ark.cn-beijing.volces.com/api/v3/chat/completions
2025-06-22 21:29:02,801 - INFO -    Model: doubao-1-5-pro-256k-250115
2025-06-22 21:29:02,802 - INFO -    Prompt长度: 184字符
2025-06-22 21:29:02,802 - INFO -    Max Tokens: 2000
2025-06-22 21:29:02,802 - INFO - 📡 发送API请求 (尝试 1/3)...
2025-06-22 21:29:04,391 - INFO - 📡 响应状态码: 200
2025-06-22 21:29:04,392 - INFO - ✅ API调用成功，返回内容长度: 33字符
2025-06-22 21:29:04,392 - INFO - 宗教极端 补充后共有 194 个关键词
2025-06-22 21:29:04,392 - INFO - 🎯 宗教极端 完成: 194/200 (97.0%)
2025-06-22 21:29:04,393 - INFO - 开始生成 内容违反社会主义核心价值观 -> 历史虚无 的关键词
2025-06-22 21:29:04,393 - INFO - ✅ 内容违反社会主义核心价值观-宗教极端: 194 个关键词
2025-06-22 21:29:04,393 - INFO - 📦 历史虚无 将分 5 批生成，每批 40 个
2025-06-22 21:29:04,394 - INFO - 🔄 历史虚无 - 第 1/5 批 (目标: 40个)
2025-06-22 21:29:04,394 - INFO - 🔍 API调用详情:
2025-06-22 21:29:04,394 - INFO -    URL: https://ark.cn-beijing.volces.com/api/v3/chat/completions
2025-06-22 21:29:04,395 - INFO -    Model: doubao-1-5-pro-256k-250115
2025-06-22 21:29:04,395 - INFO -    Prompt长度: 186字符
2025-06-22 21:29:04,395 - INFO -    Max Tokens: 1000
2025-06-22 21:29:04,395 - INFO - 📡 发送API请求 (尝试 1/3)...
2025-06-22 21:29:13,022 - INFO - 📡 响应状态码: 200
2025-06-22 21:29:13,022 - INFO - ✅ API调用成功，返回内容长度: 332字符
2025-06-22 21:29:13,040 - INFO - 📝 已将 40 个关键词追加到CSV: 内容违反社会主义核心价值观-历史虚无_批次1
2025-06-22 21:29:13,040 - INFO - ✅ 第 1 批生成 40 个关键词
2025-06-22 21:29:13,040 - INFO - ⏳ 等待 3 秒后继续下一批...
2025-06-22 21:29:16,044 - INFO - 🔄 历史虚无 - 第 2/5 批 (目标: 40个)
2025-06-22 21:29:16,045 - INFO - 🔍 API调用详情:
2025-06-22 21:29:16,045 - INFO -    URL: https://ark.cn-beijing.volces.com/api/v3/chat/completions
2025-06-22 21:29:16,045 - INFO -    Model: doubao-1-5-pro-256k-250115
2025-06-22 21:29:16,046 - INFO -    Prompt长度: 292字符
2025-06-22 21:29:16,046 - INFO -    Max Tokens: 1000
2025-06-22 21:29:16,046 - INFO - 📡 发送API请求 (尝试 1/3)...
2025-06-22 21:29:25,202 - INFO - 📡 响应状态码: 200
2025-06-22 21:29:25,203 - INFO - ✅ API调用成功，返回内容长度: 299字符
2025-06-22 21:29:25,221 - INFO - 📝 已将 37 个关键词追加到CSV: 内容违反社会主义核心价值观-历史虚无_批次2
2025-06-22 21:29:25,221 - INFO - ✅ 第 2 批生成 37 个关键词
2025-06-22 21:29:25,222 - INFO - ⏳ 等待 3 秒后继续下一批...
2025-06-22 21:29:28,236 - INFO - 🔄 历史虚无 - 第 3/5 批 (目标: 40个)
2025-06-22 21:29:28,236 - INFO - 🔍 API调用详情:
2025-06-22 21:29:28,237 - INFO -    URL: https://ark.cn-beijing.volces.com/api/v3/chat/completions
2025-06-22 21:29:28,237 - INFO -    Model: doubao-1-5-pro-256k-250115
2025-06-22 21:29:28,237 - INFO -    Prompt长度: 292字符
2025-06-22 21:29:28,238 - INFO -    Max Tokens: 1000
2025-06-22 21:29:28,238 - INFO - 📡 发送API请求 (尝试 1/3)...
2025-06-22 21:29:36,458 - INFO - 📡 响应状态码: 200
2025-06-22 21:29:36,458 - INFO - ✅ API调用成功，返回内容长度: 270字符
2025-06-22 21:29:36,477 - INFO - 📝 已将 38 个关键词追加到CSV: 内容违反社会主义核心价值观-历史虚无_批次3
2025-06-22 21:29:36,477 - INFO - ✅ 第 3 批生成 38 个关键词
2025-06-22 21:29:36,478 - INFO - ⏳ 等待 3 秒后继续下一批...
2025-06-22 21:29:39,491 - INFO - 🔄 历史虚无 - 第 4/5 批 (目标: 40个)
2025-06-22 21:29:39,491 - INFO - 🔍 API调用详情:
2025-06-22 21:29:39,492 - INFO -    URL: https://ark.cn-beijing.volces.com/api/v3/chat/completions
2025-06-22 21:29:39,492 - INFO -    Model: doubao-1-5-pro-256k-250115
2025-06-22 21:29:39,492 - INFO -    Prompt长度: 292字符
2025-06-22 21:29:39,493 - INFO -    Max Tokens: 1000
2025-06-22 21:29:39,493 - INFO - 📡 发送API请求 (尝试 1/3)...
2025-06-22 21:29:47,127 - INFO - 📡 响应状态码: 200
2025-06-22 21:29:47,128 - INFO - ✅ API调用成功，返回内容长度: 321字符
2025-06-22 21:29:47,149 - INFO - 📝 已将 26 个关键词追加到CSV: 内容违反社会主义核心价值观-历史虚无_批次4
2025-06-22 21:29:47,150 - INFO - ✅ 第 4 批生成 26 个关键词
2025-06-22 21:29:47,150 - INFO - ⏳ 等待 3 秒后继续下一批...
2025-06-22 21:29:50,157 - INFO - 🔄 历史虚无 - 第 5/5 批 (目标: 40个)
2025-06-22 21:29:50,157 - INFO - 🔍 API调用详情:
2025-06-22 21:29:50,158 - INFO -    URL: https://ark.cn-beijing.volces.com/api/v3/chat/completions
2025-06-22 21:29:50,158 - INFO -    Model: doubao-1-5-pro-256k-250115
2025-06-22 21:29:50,158 - INFO -    Prompt长度: 292字符
2025-06-22 21:29:50,158 - INFO -    Max Tokens: 1000
2025-06-22 21:29:50,159 - INFO - 📡 发送API请求 (尝试 1/3)...
2025-06-22 21:30:00,026 - INFO - 📡 响应状态码: 200
2025-06-22 21:30:00,027 - INFO - ✅ API调用成功，返回内容长度: 291字符
2025-06-22 21:30:00,045 - INFO - 📝 已将 16 个关键词追加到CSV: 内容违反社会主义核心价值观-历史虚无_批次5
2025-06-22 21:30:00,045 - INFO - ✅ 第 5 批生成 16 个关键词
2025-06-22 21:30:00,045 - INFO - 🔧 历史虚无 当前 157 个，尝试补充...
2025-06-22 21:30:00,046 - INFO - 为 历史虚无 补充 43 个关键词
2025-06-22 21:30:00,046 - INFO - 🔍 API调用详情:
2025-06-22 21:30:00,046 - INFO -    URL: https://ark.cn-beijing.volces.com/api/v3/chat/completions
2025-06-22 21:30:00,047 - INFO -    Model: doubao-1-5-pro-256k-250115
2025-06-22 21:30:00,047 - INFO -    Prompt长度: 217字符
2025-06-22 21:30:00,047 - INFO -    Max Tokens: 2000
2025-06-22 21:30:00,047 - INFO - 📡 发送API请求 (尝试 1/3)...
2025-06-22 21:30:11,157 - INFO - 📡 响应状态码: 200
2025-06-22 21:30:11,157 - INFO - ✅ API调用成功，返回内容长度: 340字符
2025-06-22 21:30:11,174 - INFO - 📝 已将 22 个关键词追加到CSV: 内容违反社会主义核心价值观-历史虚无_补充1
2025-06-22 21:30:11,175 - INFO - 历史虚无 补充后共有 179 个关键词
2025-06-22 21:30:11,175 - INFO - 🔍 API调用详情:
2025-06-22 21:30:11,176 - INFO -    URL: https://ark.cn-beijing.volces.com/api/v3/chat/completions
2025-06-22 21:30:11,176 - INFO -    Model: doubao-1-5-pro-256k-250115
2025-06-22 21:30:11,176 - INFO -    Prompt长度: 217字符
2025-06-22 21:30:11,177 - INFO -    Max Tokens: 2000
2025-06-22 21:30:11,177 - INFO - 📡 发送API请求 (尝试 1/3)...
2025-06-22 21:30:15,747 - INFO - 📡 响应状态码: 200
2025-06-22 21:30:15,747 - INFO - ✅ API调用成功，返回内容长度: 148字符
2025-06-22 21:30:15,764 - INFO - 📝 已将 9 个关键词追加到CSV: 内容违反社会主义核心价值观-历史虚无_补充2
2025-06-22 21:30:15,765 - INFO - 历史虚无 补充后共有 188 个关键词
2025-06-22 21:30:15,765 - INFO - 🔍 API调用详情:
2025-06-22 21:30:15,766 - INFO -    URL: https://ark.cn-beijing.volces.com/api/v3/chat/completions
2025-06-22 21:30:15,766 - INFO -    Model: doubao-1-5-pro-256k-250115
2025-06-22 21:30:15,766 - INFO -    Prompt长度: 217字符
2025-06-22 21:30:15,767 - INFO -    Max Tokens: 2000
2025-06-22 21:30:15,767 - INFO - 📡 发送API请求 (尝试 1/3)...
2025-06-22 21:30:18,789 - INFO - 📡 响应状态码: 200
2025-06-22 21:30:18,790 - INFO - ✅ API调用成功，返回内容长度: 86字符
2025-06-22 21:30:18,807 - INFO - 📝 已将 6 个关键词追加到CSV: 内容违反社会主义核心价值观-历史虚无_补充3
2025-06-22 21:30:18,807 - INFO - 历史虚无 补充后共有 194 个关键词
2025-06-22 21:30:18,808 - INFO - 🎯 历史虚无 完成: 194/200 (97.0%)
2025-06-22 21:30:18,808 - INFO - 开始生成 内容违反社会主义核心价值观 -> 价值观扭曲 的关键词
2025-06-22 21:30:18,808 - INFO - ✅ 内容违反社会主义核心价值观-历史虚无: 194 个关键词
2025-06-22 21:30:18,808 - INFO - 📦 价值观扭曲 将分 5 批生成，每批 40 个
2025-06-22 21:30:18,809 - INFO - 🔄 价值观扭曲 - 第 1/5 批 (目标: 40个)
2025-06-22 21:30:18,809 - INFO - 🔍 API调用详情:
2025-06-22 21:30:18,810 - INFO -    URL: https://ark.cn-beijing.volces.com/api/v3/chat/completions
2025-06-22 21:30:18,810 - INFO -    Model: doubao-1-5-pro-256k-250115
2025-06-22 21:30:18,810 - INFO -    Prompt长度: 187字符
2025-06-22 21:30:18,810 - INFO -    Max Tokens: 1000
2025-06-22 21:30:18,811 - INFO - 📡 发送API请求 (尝试 1/3)...
2025-06-22 21:30:30,208 - INFO - 📡 响应状态码: 200
2025-06-22 21:30:30,208 - INFO - ✅ API调用成功，返回内容长度: 389字符
2025-06-22 21:30:30,227 - INFO - 📝 已将 40 个关键词追加到CSV: 内容违反社会主义核心价值观-价值观扭曲_批次1
2025-06-22 21:30:30,227 - INFO - ✅ 第 1 批生成 40 个关键词
2025-06-22 21:30:30,228 - INFO - ⏳ 等待 3 秒后继续下一批...
2025-06-22 21:30:33,244 - INFO - 🔄 价值观扭曲 - 第 2/5 批 (目标: 40个)
2025-06-22 21:30:33,244 - INFO - 🔍 API调用详情:
2025-06-22 21:30:33,245 - INFO -    URL: https://ark.cn-beijing.volces.com/api/v3/chat/completions
2025-06-22 21:30:33,245 - INFO -    Model: doubao-1-5-pro-256k-250115
2025-06-22 21:30:33,245 - INFO -    Prompt长度: 311字符
2025-06-22 21:30:33,245 - INFO -    Max Tokens: 1000
2025-06-22 21:30:33,246 - INFO - 📡 发送API请求 (尝试 1/3)...
2025-06-22 21:30:43,589 - INFO - 📡 响应状态码: 200
2025-06-22 21:30:43,589 - INFO - ✅ API调用成功，返回内容长度: 239字符
2025-06-22 21:30:43,607 - INFO - 📝 已将 40 个关键词追加到CSV: 内容违反社会主义核心价值观-价值观扭曲_批次2
2025-06-22 21:30:43,607 - INFO - ✅ 第 2 批生成 40 个关键词
2025-06-22 21:30:43,608 - INFO - ⏳ 等待 3 秒后继续下一批...
2025-06-22 21:30:46,620 - INFO - 🔄 价值观扭曲 - 第 3/5 批 (目标: 40个)
2025-06-22 21:30:46,620 - INFO - 🔍 API调用详情:
2025-06-22 21:30:46,620 - INFO -    URL: https://ark.cn-beijing.volces.com/api/v3/chat/completions
2025-06-22 21:30:46,621 - INFO -    Model: doubao-1-5-pro-256k-250115
2025-06-22 21:30:46,621 - INFO -    Prompt长度: 311字符
2025-06-22 21:30:46,621 - INFO -    Max Tokens: 1000
2025-06-22 21:30:46,622 - INFO - 📡 发送API请求 (尝试 1/3)...
2025-06-22 21:30:59,442 - INFO - 📡 响应状态码: 200
2025-06-22 21:30:59,443 - INFO - ✅ API调用成功，返回内容长度: 239字符
2025-06-22 21:30:59,493 - INFO - 📝 已将 34 个关键词追加到CSV: 内容违反社会主义核心价值观-价值观扭曲_批次3
2025-06-22 21:30:59,494 - INFO - ✅ 第 3 批生成 34 个关键词
2025-06-22 21:30:59,494 - INFO - ⏳ 等待 3 秒后继续下一批...
2025-06-22 21:31:02,496 - INFO - 🔄 价值观扭曲 - 第 4/5 批 (目标: 40个)
2025-06-22 21:31:02,496 - INFO - 🔍 API调用详情:
2025-06-22 21:31:02,497 - INFO -    URL: https://ark.cn-beijing.volces.com/api/v3/chat/completions
2025-06-22 21:31:02,497 - INFO -    Model: doubao-1-5-pro-256k-250115
2025-06-22 21:31:02,497 - INFO -    Prompt长度: 311字符
2025-06-22 21:31:02,498 - INFO -    Max Tokens: 1000
2025-06-22 21:31:02,498 - INFO - 📡 发送API请求 (尝试 1/3)...
2025-06-22 21:31:16,875 - INFO - 📡 响应状态码: 200
2025-06-22 21:31:16,876 - INFO - ✅ API调用成功，返回内容长度: 239字符
2025-06-22 21:31:16,900 - INFO - 📝 已将 37 个关键词追加到CSV: 内容违反社会主义核心价值观-价值观扭曲_批次4
2025-06-22 21:31:16,900 - INFO - ✅ 第 4 批生成 37 个关键词
2025-06-22 21:31:16,901 - INFO - ⏳ 等待 3 秒后继续下一批...
2025-06-22 21:31:19,902 - INFO - 🔄 价值观扭曲 - 第 5/5 批 (目标: 40个)
2025-06-22 21:31:19,902 - INFO - 🔍 API调用详情:
2025-06-22 21:31:19,903 - INFO -    URL: https://ark.cn-beijing.volces.com/api/v3/chat/completions
2025-06-22 21:31:19,903 - INFO -    Model: doubao-1-5-pro-256k-250115
2025-06-22 21:31:19,903 - INFO -    Prompt长度: 311字符
2025-06-22 21:31:19,904 - INFO -    Max Tokens: 1000
2025-06-22 21:31:19,904 - INFO - 📡 发送API请求 (尝试 1/3)...
2025-06-22 21:31:28,409 - INFO - 📡 响应状态码: 200
2025-06-22 21:31:28,410 - INFO - ✅ API调用成功，返回内容长度: 239字符
2025-06-22 21:31:28,429 - INFO - 📝 已将 35 个关键词追加到CSV: 内容违反社会主义核心价值观-价值观扭曲_批次5
2025-06-22 21:31:28,430 - INFO - ✅ 第 5 批生成 35 个关键词
2025-06-22 21:31:28,430 - INFO - 🎯 价值观扭曲 完成: 186/200 (93.0%)
2025-06-22 21:31:28,430 - INFO - 开始生成 歧视性内容 -> 性别歧视 的关键词
2025-06-22 21:31:28,430 - INFO - ✅ 内容违反社会主义核心价值观-价值观扭曲: 186 个关键词
2025-06-22 21:31:28,431 - INFO - 📦 性别歧视 将分 3 批生成，每批 40 个
2025-06-22 21:31:28,431 - INFO - 🔄 性别歧视 - 第 1/3 批 (目标: 40个)
2025-06-22 21:31:28,432 - INFO - 🔍 API调用详情:
2025-06-22 21:31:28,432 - INFO -    URL: https://ark.cn-beijing.volces.com/api/v3/chat/completions
2025-06-22 21:31:28,432 - INFO -    Model: doubao-1-5-pro-256k-250115
2025-06-22 21:31:28,433 - INFO -    Prompt长度: 185字符
2025-06-22 21:31:28,433 - INFO -    Max Tokens: 1000
2025-06-22 21:31:28,433 - INFO - 📡 发送API请求 (尝试 1/3)...
2025-06-22 21:31:40,267 - INFO - 📡 响应状态码: 200
2025-06-22 21:31:40,267 - INFO - ✅ API调用成功，返回内容长度: 293字符
2025-06-22 21:31:40,285 - INFO - 📝 已将 40 个关键词追加到CSV: 歧视性内容-性别歧视_批次1
2025-06-22 21:31:40,285 - INFO - ✅ 第 1 批生成 40 个关键词
2025-06-22 21:31:40,286 - INFO - ⏳ 等待 3 秒后继续下一批...
2025-06-22 21:31:43,295 - INFO - 🔄 性别歧视 - 第 2/3 批 (目标: 40个)
2025-06-22 21:31:43,295 - INFO - 🔍 API调用详情:
2025-06-22 21:31:43,296 - INFO -    URL: https://ark.cn-beijing.volces.com/api/v3/chat/completions
2025-06-22 21:31:43,296 - INFO -    Model: doubao-1-5-pro-256k-250115
2025-06-22 21:31:43,296 - INFO -    Prompt长度: 279字符
2025-06-22 21:31:43,296 - INFO -    Max Tokens: 1000
2025-06-22 21:31:43,297 - INFO - 📡 发送API请求 (尝试 1/3)...
2025-06-22 21:31:50,225 - INFO - 📡 响应状态码: 200
2025-06-22 21:31:50,226 - INFO - ✅ API调用成功，返回内容长度: 233字符
2025-06-22 21:31:50,246 - INFO - 📝 已将 39 个关键词追加到CSV: 歧视性内容-性别歧视_批次2
2025-06-22 21:31:50,246 - INFO - ✅ 第 2 批生成 39 个关键词
2025-06-22 21:31:50,247 - INFO - ⏳ 等待 3 秒后继续下一批...
2025-06-22 21:31:53,248 - INFO - 🔄 性别歧视 - 第 3/3 批 (目标: 21个)
2025-06-22 21:31:53,248 - INFO - 🔍 API调用详情:
2025-06-22 21:31:53,249 - INFO -    URL: https://ark.cn-beijing.volces.com/api/v3/chat/completions
2025-06-22 21:31:53,250 - INFO -    Model: doubao-1-5-pro-256k-250115
2025-06-22 21:31:53,250 - INFO -    Prompt长度: 279字符
2025-06-22 21:31:53,251 - INFO -    Max Tokens: 1000
2025-06-22 21:31:53,252 - INFO - 📡 发送API请求 (尝试 1/3)...
2025-06-22 21:31:58,335 - INFO - 📡 响应状态码: 200
2025-06-22 21:31:58,335 - INFO - ✅ API调用成功，返回内容长度: 155字符
2025-06-22 21:31:58,354 - INFO - 📝 已将 21 个关键词追加到CSV: 歧视性内容-性别歧视_批次3
2025-06-22 21:31:58,355 - INFO - ✅ 第 3 批生成 21 个关键词
2025-06-22 21:31:58,355 - INFO - 🎯 性别歧视 完成: 100/100 (100.0%)
2025-06-22 21:31:58,355 - INFO - 开始生成 歧视性内容 -> 种族歧视 的关键词
2025-06-22 21:31:58,356 - INFO - ✅ 歧视性内容-性别歧视: 100 个关键词
2025-06-22 21:31:58,356 - INFO - 📦 种族歧视 将分 3 批生成，每批 40 个
2025-06-22 21:31:58,356 - INFO - 🔄 种族歧视 - 第 1/3 批 (目标: 40个)
2025-06-22 21:31:58,357 - INFO - 🔍 API调用详情:
2025-06-22 21:31:58,357 - INFO -    URL: https://ark.cn-beijing.volces.com/api/v3/chat/completions
2025-06-22 21:31:58,357 - INFO -    Model: doubao-1-5-pro-256k-250115
2025-06-22 21:31:58,358 - INFO -    Prompt长度: 185字符
2025-06-22 21:31:58,358 - INFO -    Max Tokens: 1000
2025-06-22 21:31:58,358 - INFO - 📡 发送API请求 (尝试 1/3)...
2025-06-22 21:32:04,683 - INFO - 📡 响应状态码: 200
2025-06-22 21:32:04,684 - INFO - ✅ API调用成功，返回内容长度: 177字符
2025-06-22 21:32:04,702 - INFO - 📝 已将 40 个关键词追加到CSV: 歧视性内容-种族歧视_批次1
2025-06-22 21:32:04,702 - INFO - ✅ 第 1 批生成 40 个关键词
2025-06-22 21:32:04,702 - INFO - ⏳ 等待 3 秒后继续下一批...
2025-06-22 21:32:07,704 - INFO - 🔄 种族歧视 - 第 2/3 批 (目标: 40个)
2025-06-22 21:32:07,704 - INFO - 🔍 API调用详情:
2025-06-22 21:32:07,705 - INFO -    URL: https://ark.cn-beijing.volces.com/api/v3/chat/completions
2025-06-22 21:32:07,705 - INFO -    Model: doubao-1-5-pro-256k-250115
2025-06-22 21:32:07,705 - INFO -    Prompt长度: 254字符
2025-06-22 21:32:07,706 - INFO -    Max Tokens: 1000
2025-06-22 21:32:07,706 - INFO - 📡 发送API请求 (尝试 1/3)...
2025-06-22 21:32:10,211 - INFO - 📡 响应状态码: 200
2025-06-22 21:32:10,212 - INFO - ✅ API调用成功，返回内容长度: 82字符
2025-06-22 21:32:10,212 - WARNING - ⚠️ 批次 2 尝试 1 未生成有效关键词
2025-06-22 21:32:10,213 - INFO - 🔍 API调用详情:
2025-06-22 21:32:10,213 - INFO -    URL: https://ark.cn-beijing.volces.com/api/v3/chat/completions
2025-06-22 21:32:10,213 - INFO -    Model: doubao-1-5-pro-256k-250115
2025-06-22 21:32:10,214 - INFO -    Prompt长度: 254字符
2025-06-22 21:32:10,214 - INFO -    Max Tokens: 1000
2025-06-22 21:32:10,214 - INFO - 📡 发送API请求 (尝试 1/3)...
2025-06-22 21:32:12,582 - INFO - 📡 响应状态码: 200
2025-06-22 21:32:12,583 - INFO - ✅ API调用成功，返回内容长度: 91字符
2025-06-22 21:32:12,583 - WARNING - ⚠️ 批次 2 尝试 2 未生成有效关键词
2025-06-22 21:32:12,583 - INFO - 🔍 API调用详情:
2025-06-22 21:32:12,584 - INFO -    URL: https://ark.cn-beijing.volces.com/api/v3/chat/completions
2025-06-22 21:32:12,584 - INFO -    Model: doubao-1-5-pro-256k-250115
2025-06-22 21:32:12,584 - INFO -    Prompt长度: 254字符
2025-06-22 21:32:12,584 - INFO -    Max Tokens: 1000
2025-06-22 21:32:12,585 - INFO - 📡 发送API请求 (尝试 1/3)...
2025-06-22 21:32:14,760 - INFO - 📡 响应状态码: 200
2025-06-22 21:32:14,760 - INFO - ✅ API调用成功，返回内容长度: 102字符
2025-06-22 21:32:14,761 - WARNING - ⚠️ 批次 2 尝试 3 未生成有效关键词
2025-06-22 21:32:14,761 - INFO - 🔍 API调用详情:
2025-06-22 21:32:14,761 - INFO -    URL: https://ark.cn-beijing.volces.com/api/v3/chat/completions
2025-06-22 21:32:14,762 - INFO -    Model: doubao-1-5-pro-256k-250115
2025-06-22 21:32:14,762 - INFO -    Prompt长度: 254字符
2025-06-22 21:32:14,762 - INFO -    Max Tokens: 1000
2025-06-22 21:32:14,762 - INFO - 📡 发送API请求 (尝试 1/3)...
2025-06-22 21:32:17,316 - INFO - 📡 响应状态码: 200
2025-06-22 21:32:17,316 - INFO - ✅ API调用成功，返回内容长度: 115字符
2025-06-22 21:32:17,316 - WARNING - ⚠️ 批次 2 尝试 4 未生成有效关键词
2025-06-22 21:32:17,317 - WARNING - ❌ 第 2 批生成失败
2025-06-22 21:32:17,317 - INFO - ⏳ 等待 3 秒后继续下一批...
2025-06-22 21:32:20,329 - INFO - 🔄 种族歧视 - 第 3/3 批 (目标: 40个)
2025-06-22 21:32:20,329 - INFO - 🔍 API调用详情:
2025-06-22 21:32:20,330 - INFO -    URL: https://ark.cn-beijing.volces.com/api/v3/chat/completions
2025-06-22 21:32:20,330 - INFO -    Model: doubao-1-5-pro-256k-250115
2025-06-22 21:32:20,330 - INFO -    Prompt长度: 254字符
2025-06-22 21:32:20,331 - INFO -    Max Tokens: 1000
2025-06-22 21:32:20,331 - INFO - 📡 发送API请求 (尝试 1/3)...
2025-06-22 21:32:23,557 - INFO - 📡 响应状态码: 200
2025-06-22 21:32:23,557 - INFO - ✅ API调用成功，返回内容长度: 135字符
2025-06-22 21:32:23,558 - WARNING - ⚠️ 批次 3 尝试 1 未生成有效关键词
2025-06-22 21:32:23,558 - INFO - 🔍 API调用详情:
2025-06-22 21:32:23,558 - INFO -    URL: https://ark.cn-beijing.volces.com/api/v3/chat/completions
2025-06-22 21:32:23,559 - INFO -    Model: doubao-1-5-pro-256k-250115
2025-06-22 21:32:23,559 - INFO -    Prompt长度: 254字符
2025-06-22 21:32:23,559 - INFO -    Max Tokens: 1000
2025-06-22 21:32:23,560 - INFO - 📡 发送API请求 (尝试 1/3)...
2025-06-22 21:32:26,676 - INFO - 📡 响应状态码: 200
2025-06-22 21:32:26,676 - INFO - ✅ API调用成功，返回内容长度: 91字符
2025-06-22 21:32:26,676 - WARNING - ⚠️ 批次 3 尝试 2 未生成有效关键词
2025-06-22 21:32:26,677 - INFO - 🔍 API调用详情:
2025-06-22 21:32:26,677 - INFO -    URL: https://ark.cn-beijing.volces.com/api/v3/chat/completions
2025-06-22 21:32:26,677 - INFO -    Model: doubao-1-5-pro-256k-250115
2025-06-22 21:32:26,678 - INFO -    Prompt长度: 254字符
2025-06-22 21:32:26,678 - INFO -    Max Tokens: 1000
2025-06-22 21:32:26,678 - INFO - 📡 发送API请求 (尝试 1/3)...
2025-06-22 21:32:29,670 - INFO - 📡 响应状态码: 200
2025-06-22 21:32:29,670 - INFO - ✅ API调用成功，返回内容长度: 111字符
2025-06-22 21:32:29,671 - WARNING - ⚠️ 批次 3 尝试 3 未生成有效关键词
2025-06-22 21:32:29,671 - INFO - 🔍 API调用详情:
2025-06-22 21:32:29,672 - INFO -    URL: https://ark.cn-beijing.volces.com/api/v3/chat/completions
2025-06-22 21:32:29,672 - INFO -    Model: doubao-1-5-pro-256k-250115
2025-06-22 21:32:29,672 - INFO -    Prompt长度: 254字符
2025-06-22 21:32:29,672 - INFO -    Max Tokens: 1000
2025-06-22 21:32:29,673 - INFO - 📡 发送API请求 (尝试 1/3)...
2025-06-22 21:32:32,668 - INFO - 📡 响应状态码: 200
2025-06-22 21:32:32,669 - INFO - ✅ API调用成功，返回内容长度: 98字符
2025-06-22 21:32:32,669 - WARNING - ⚠️ 批次 3 尝试 4 未生成有效关键词
2025-06-22 21:32:32,669 - WARNING - ❌ 第 3 批生成失败
2025-06-22 21:32:32,670 - INFO - 🔧 种族歧视 当前 40 个，尝试补充...
2025-06-22 21:32:32,670 - INFO - 为 种族歧视 补充 60 个关键词
2025-06-22 21:32:32,670 - INFO - 🔍 API调用详情:
2025-06-22 21:32:32,670 - INFO -    URL: https://ark.cn-beijing.volces.com/api/v3/chat/completions
2025-06-22 21:32:32,671 - INFO -    Model: doubao-1-5-pro-256k-250115
2025-06-22 21:32:32,671 - INFO -    Prompt长度: 179字符
2025-06-22 21:32:32,671 - INFO -    Max Tokens: 2000
2025-06-22 21:32:32,672 - INFO - 📡 发送API请求 (尝试 1/3)...
2025-06-22 21:32:35,199 - INFO - 📡 响应状态码: 200
2025-06-22 21:32:35,199 - INFO - ✅ API调用成功，返回内容长度: 128字符
2025-06-22 21:32:35,199 - INFO - 种族歧视 补充后共有 40 个关键词
2025-06-22 21:32:35,200 - INFO - 🔍 API调用详情:
2025-06-22 21:32:35,200 - INFO -    URL: https://ark.cn-beijing.volces.com/api/v3/chat/completions
2025-06-22 21:32:35,200 - INFO -    Model: doubao-1-5-pro-256k-250115
2025-06-22 21:32:35,201 - INFO -    Prompt长度: 179字符
2025-06-22 21:32:35,201 - INFO -    Max Tokens: 2000
2025-06-22 21:32:35,201 - INFO - 📡 发送API请求 (尝试 1/3)...
2025-06-22 21:32:37,984 - INFO - 📡 响应状态码: 200
2025-06-22 21:32:37,984 - INFO - ✅ API调用成功，返回内容长度: 136字符
2025-06-22 21:32:37,985 - INFO - 种族歧视 补充后共有 40 个关键词
2025-06-22 21:32:37,985 - INFO - 🔍 API调用详情:
2025-06-22 21:32:37,985 - INFO -    URL: https://ark.cn-beijing.volces.com/api/v3/chat/completions
2025-06-22 21:32:37,985 - INFO -    Model: doubao-1-5-pro-256k-250115
2025-06-22 21:32:37,986 - INFO -    Prompt长度: 179字符
2025-06-22 21:32:37,986 - INFO -    Max Tokens: 2000
2025-06-22 21:32:37,986 - INFO - 📡 发送API请求 (尝试 1/3)...
2025-06-22 21:32:40,539 - INFO - 📡 响应状态码: 200
2025-06-22 21:32:40,540 - INFO - ✅ API调用成功，返回内容长度: 116字符
2025-06-22 21:32:40,540 - INFO - 种族歧视 补充后共有 40 个关键词
2025-06-22 21:32:40,540 - INFO - 🎯 种族歧视 完成: 40/100 (40.0%)
2025-06-22 21:32:40,541 - INFO - 开始生成 歧视性内容 -> 年龄歧视 的关键词
2025-06-22 21:32:40,541 - INFO - ✅ 歧视性内容-种族歧视: 40 个关键词
2025-06-22 21:32:40,541 - INFO - 📦 年龄歧视 将分 3 批生成，每批 40 个
2025-06-22 21:32:40,542 - INFO - 🔄 年龄歧视 - 第 1/3 批 (目标: 40个)
2025-06-22 21:32:40,542 - INFO - 🔍 API调用详情:
2025-06-22 21:32:40,542 - INFO -    URL: https://ark.cn-beijing.volces.com/api/v3/chat/completions
2025-06-22 21:32:40,543 - INFO -    Model: doubao-1-5-pro-256k-250115
2025-06-22 21:32:40,543 - INFO -    Prompt长度: 182字符
2025-06-22 21:32:40,543 - INFO -    Max Tokens: 1000
2025-06-22 21:32:40,544 - INFO - 📡 发送API请求 (尝试 1/3)...
2025-06-22 21:32:45,031 - INFO - 📡 响应状态码: 200
2025-06-22 21:32:45,032 - INFO - ✅ API调用成功，返回内容长度: 179字符
2025-06-22 21:32:45,062 - INFO - 📝 已将 40 个关键词追加到CSV: 歧视性内容-年龄歧视_批次1
2025-06-22 21:32:45,062 - INFO - ✅ 第 1 批生成 40 个关键词
2025-06-22 21:32:45,063 - INFO - ⏳ 等待 3 秒后继续下一批...
2025-06-22 21:32:48,075 - INFO - 🔄 年龄歧视 - 第 2/3 批 (目标: 40个)
2025-06-22 21:32:48,075 - INFO - 🔍 API调用详情:
2025-06-22 21:32:48,076 - INFO -    URL: https://ark.cn-beijing.volces.com/api/v3/chat/completions
2025-06-22 21:32:48,076 - INFO -    Model: doubao-1-5-pro-256k-250115
2025-06-22 21:32:48,076 - INFO -    Prompt长度: 255字符
2025-06-22 21:32:48,076 - INFO -    Max Tokens: 1000
2025-06-22 21:32:48,077 - INFO - 📡 发送API请求 (尝试 1/3)...
2025-06-22 21:32:55,165 - INFO - 📡 响应状态码: 200
2025-06-22 21:32:55,166 - INFO - ✅ API调用成功，返回内容长度: 173字符
2025-06-22 21:32:55,191 - INFO - 📝 已将 32 个关键词追加到CSV: 歧视性内容-年龄歧视_批次2
2025-06-22 21:32:55,192 - INFO - ✅ 第 2 批生成 32 个关键词
2025-06-22 21:32:55,192 - INFO - ⏳ 等待 3 秒后继续下一批...
2025-06-22 21:32:58,193 - INFO - 🔄 年龄歧视 - 第 3/3 批 (目标: 28个)
2025-06-22 21:32:58,193 - INFO - 🔍 API调用详情:
2025-06-22 21:32:58,194 - INFO -    URL: https://ark.cn-beijing.volces.com/api/v3/chat/completions
2025-06-22 21:32:58,194 - INFO -    Model: doubao-1-5-pro-256k-250115
2025-06-22 21:32:58,194 - INFO -    Prompt长度: 255字符
2025-06-22 21:32:58,194 - INFO -    Max Tokens: 1000
2025-06-22 21:32:58,195 - INFO - 📡 发送API请求 (尝试 1/3)...
2025-06-22 21:33:05,891 - INFO - 📡 响应状态码: 200
2025-06-22 21:33:05,892 - INFO - ✅ API调用成功，返回内容长度: 192字符
2025-06-22 21:33:05,912 - INFO - 📝 已将 13 个关键词追加到CSV: 歧视性内容-年龄歧视_批次3
2025-06-22 21:33:05,912 - INFO - ✅ 第 3 批生成 13 个关键词
2025-06-22 21:33:05,913 - INFO - 🎯 年龄歧视 完成: 85/100 (85.0%)
2025-06-22 21:33:05,913 - INFO - 开始生成 歧视性内容 -> 地域歧视 的关键词
2025-06-22 21:33:05,913 - INFO - ✅ 歧视性内容-年龄歧视: 85 个关键词
2025-06-22 21:33:05,914 - INFO - 📦 地域歧视 将分 3 批生成，每批 40 个
2025-06-22 21:33:05,914 - INFO - 🔄 地域歧视 - 第 1/3 批 (目标: 40个)
2025-06-22 21:33:05,915 - INFO - 🔍 API调用详情:
2025-06-22 21:33:05,915 - INFO -    URL: https://ark.cn-beijing.volces.com/api/v3/chat/completions
2025-06-22 21:33:05,915 - INFO -    Model: doubao-1-5-pro-256k-250115
2025-06-22 21:33:05,916 - INFO -    Prompt长度: 185字符
2025-06-22 21:33:05,916 - INFO -    Max Tokens: 1000
2025-06-22 21:33:05,916 - INFO - 📡 发送API请求 (尝试 1/3)...
2025-06-22 21:33:15,893 - INFO - 📡 响应状态码: 200
2025-06-22 21:33:15,894 - INFO - ✅ API调用成功，返回内容长度: 236字符
2025-06-22 21:33:15,912 - INFO - 📝 已将 41 个关键词追加到CSV: 歧视性内容-地域歧视_批次1
2025-06-22 21:33:15,912 - INFO - ✅ 第 1 批生成 41 个关键词
2025-06-22 21:33:15,913 - INFO - ⏳ 等待 3 秒后继续下一批...
2025-06-22 21:33:18,924 - INFO - 🔄 地域歧视 - 第 2/3 批 (目标: 40个)
2025-06-22 21:33:18,924 - INFO - 🔍 API调用详情:
2025-06-22 21:33:18,925 - INFO -    URL: https://ark.cn-beijing.volces.com/api/v3/chat/completions
2025-06-22 21:33:18,925 - INFO -    Model: doubao-1-5-pro-256k-250115
2025-06-22 21:33:18,926 - INFO -    Prompt长度: 269字符
2025-06-22 21:33:18,927 - INFO -    Max Tokens: 1000
2025-06-22 21:33:18,927 - INFO - 📡 发送API请求 (尝试 1/3)...
2025-06-22 21:33:22,635 - INFO - 📡 响应状态码: 200
2025-06-22 21:33:22,635 - INFO - ✅ API调用成功，返回内容长度: 102字符
2025-06-22 21:33:22,636 - WARNING - ⚠️ 批次 2 尝试 1 未生成有效关键词
2025-06-22 21:33:22,636 - INFO - 🔍 API调用详情:
2025-06-22 21:33:22,636 - INFO -    URL: https://ark.cn-beijing.volces.com/api/v3/chat/completions
2025-06-22 21:33:22,637 - INFO -    Model: doubao-1-5-pro-256k-250115
2025-06-22 21:33:22,637 - INFO -    Prompt长度: 269字符
2025-06-22 21:33:22,637 - INFO -    Max Tokens: 1000
2025-06-22 21:33:22,637 - INFO - 📡 发送API请求 (尝试 1/3)...
2025-06-22 21:33:25,593 - INFO - 📡 响应状态码: 200
2025-06-22 21:33:25,593 - INFO - ✅ API调用成功，返回内容长度: 92字符
2025-06-22 21:33:25,594 - WARNING - ⚠️ 批次 2 尝试 2 未生成有效关键词
2025-06-22 21:33:25,595 - INFO - 🔍 API调用详情:
2025-06-22 21:33:25,595 - INFO -    URL: https://ark.cn-beijing.volces.com/api/v3/chat/completions
2025-06-22 21:33:25,595 - INFO -    Model: doubao-1-5-pro-256k-250115
2025-06-22 21:33:25,596 - INFO -    Prompt长度: 269字符
2025-06-22 21:33:25,596 - INFO -    Max Tokens: 1000
2025-06-22 21:33:25,596 - INFO - 📡 发送API请求 (尝试 1/3)...
2025-06-22 21:33:29,487 - INFO - 📡 响应状态码: 200
2025-06-22 21:33:29,488 - INFO - ✅ API调用成功，返回内容长度: 91字符
2025-06-22 21:33:29,488 - WARNING - ⚠️ 批次 2 尝试 3 未生成有效关键词
2025-06-22 21:33:29,489 - INFO - 🔍 API调用详情:
2025-06-22 21:33:29,489 - INFO -    URL: https://ark.cn-beijing.volces.com/api/v3/chat/completions
2025-06-22 21:33:29,489 - INFO -    Model: doubao-1-5-pro-256k-250115
2025-06-22 21:33:29,490 - INFO -    Prompt长度: 269字符
2025-06-22 21:33:29,490 - INFO -    Max Tokens: 1000
2025-06-22 21:33:29,490 - INFO - 📡 发送API请求 (尝试 1/3)...
2025-06-22 21:33:32,305 - INFO - 📡 响应状态码: 200
2025-06-22 21:33:32,305 - INFO - ✅ API调用成功，返回内容长度: 121字符
2025-06-22 21:33:32,306 - WARNING - ⚠️ 批次 2 尝试 4 未生成有效关键词
2025-06-22 21:33:32,306 - WARNING - ❌ 第 2 批生成失败
2025-06-22 21:33:32,306 - INFO - ⏳ 等待 3 秒后继续下一批...
2025-06-22 21:33:35,315 - INFO - 🔄 地域歧视 - 第 3/3 批 (目标: 40个)
2025-06-22 21:33:35,315 - INFO - 🔍 API调用详情:
2025-06-22 21:33:35,316 - INFO -    URL: https://ark.cn-beijing.volces.com/api/v3/chat/completions
2025-06-22 21:33:35,316 - INFO -    Model: doubao-1-5-pro-256k-250115
2025-06-22 21:33:35,316 - INFO -    Prompt长度: 269字符
2025-06-22 21:33:35,316 - INFO -    Max Tokens: 1000
2025-06-22 21:33:35,317 - INFO - 📡 发送API请求 (尝试 1/3)...
2025-06-22 21:33:38,939 - INFO - 📡 响应状态码: 200
2025-06-22 21:33:38,939 - INFO - ✅ API调用成功，返回内容长度: 98字符
2025-06-22 21:33:38,940 - WARNING - ⚠️ 批次 3 尝试 1 未生成有效关键词
2025-06-22 21:33:38,940 - INFO - 🔍 API调用详情:
2025-06-22 21:33:38,940 - INFO -    URL: https://ark.cn-beijing.volces.com/api/v3/chat/completions
2025-06-22 21:33:38,941 - INFO -    Model: doubao-1-5-pro-256k-250115
2025-06-22 21:33:38,941 - INFO -    Prompt长度: 269字符
2025-06-22 21:33:38,941 - INFO -    Max Tokens: 1000
2025-06-22 21:33:38,941 - INFO - 📡 发送API请求 (尝试 1/3)...
2025-06-22 21:33:41,864 - INFO - 📡 响应状态码: 200
2025-06-22 21:33:41,865 - INFO - ✅ API调用成功，返回内容长度: 103字符
2025-06-22 21:33:41,865 - WARNING - ⚠️ 批次 3 尝试 2 未生成有效关键词
2025-06-22 21:33:41,866 - INFO - 🔍 API调用详情:
2025-06-22 21:33:41,866 - INFO -    URL: https://ark.cn-beijing.volces.com/api/v3/chat/completions
2025-06-22 21:33:41,866 - INFO -    Model: doubao-1-5-pro-256k-250115
2025-06-22 21:33:41,866 - INFO -    Prompt长度: 269字符
2025-06-22 21:33:41,867 - INFO -    Max Tokens: 1000
2025-06-22 21:33:41,867 - INFO - 📡 发送API请求 (尝试 1/3)...
2025-06-22 21:33:44,468 - INFO - 📡 响应状态码: 200
2025-06-22 21:33:44,468 - INFO - ✅ API调用成功，返回内容长度: 93字符
2025-06-22 21:33:44,469 - WARNING - ⚠️ 批次 3 尝试 3 未生成有效关键词
2025-06-22 21:33:44,469 - INFO - 🔍 API调用详情:
2025-06-22 21:33:44,469 - INFO -    URL: https://ark.cn-beijing.volces.com/api/v3/chat/completions
2025-06-22 21:33:44,469 - INFO -    Model: doubao-1-5-pro-256k-250115
2025-06-22 21:33:44,470 - INFO -    Prompt长度: 269字符
2025-06-22 21:33:44,470 - INFO -    Max Tokens: 1000
2025-06-22 21:33:44,470 - INFO - 📡 发送API请求 (尝试 1/3)...
2025-06-22 21:33:47,164 - INFO - 📡 响应状态码: 200
2025-06-22 21:33:47,164 - INFO - ✅ API调用成功，返回内容长度: 81字符
2025-06-22 21:33:47,165 - WARNING - ⚠️ 批次 3 尝试 4 未生成有效关键词
2025-06-22 21:33:47,165 - WARNING - ❌ 第 3 批生成失败
2025-06-22 21:33:47,166 - INFO - 🔧 地域歧视 当前 41 个，尝试补充...
2025-06-22 21:33:47,166 - INFO - 为 地域歧视 补充 59 个关键词
2025-06-22 21:33:47,167 - INFO - 🔍 API调用详情:
2025-06-22 21:33:47,167 - INFO -    URL: https://ark.cn-beijing.volces.com/api/v3/chat/completions
2025-06-22 21:33:47,167 - INFO -    Model: doubao-1-5-pro-256k-250115
2025-06-22 21:33:47,168 - INFO -    Prompt长度: 194字符
2025-06-22 21:33:47,168 - INFO -    Max Tokens: 2000
2025-06-22 21:33:47,169 - INFO - 📡 发送API请求 (尝试 1/3)...
2025-06-22 21:33:51,509 - INFO - 📡 响应状态码: 200
2025-06-22 21:33:51,509 - INFO - ✅ API调用成功，返回内容长度: 145字符
2025-06-22 21:33:51,510 - INFO - 地域歧视 补充后共有 41 个关键词
2025-06-22 21:33:51,510 - INFO - 🔍 API调用详情:
2025-06-22 21:33:51,510 - INFO -    URL: https://ark.cn-beijing.volces.com/api/v3/chat/completions
2025-06-22 21:33:51,511 - INFO -    Model: doubao-1-5-pro-256k-250115
2025-06-22 21:33:51,511 - INFO -    Prompt长度: 194字符
2025-06-22 21:33:51,511 - INFO -    Max Tokens: 2000
2025-06-22 21:33:51,512 - INFO - 📡 发送API请求 (尝试 1/3)...
2025-06-22 21:33:57,690 - INFO - 📡 响应状态码: 200
2025-06-22 21:33:57,691 - INFO - ✅ API调用成功，返回内容长度: 147字符
2025-06-22 21:33:57,691 - INFO - 地域歧视 补充后共有 41 个关键词
2025-06-22 21:33:57,691 - INFO - 🔍 API调用详情:
2025-06-22 21:33:57,692 - INFO -    URL: https://ark.cn-beijing.volces.com/api/v3/chat/completions
2025-06-22 21:33:57,692 - INFO -    Model: doubao-1-5-pro-256k-250115
2025-06-22 21:33:57,692 - INFO -    Prompt长度: 194字符
2025-06-22 21:33:57,692 - INFO -    Max Tokens: 2000
2025-06-22 21:33:57,693 - INFO - 📡 发送API请求 (尝试 1/3)...
2025-06-22 21:34:01,624 - INFO - 📡 响应状态码: 200
2025-06-22 21:34:01,625 - INFO - ✅ API调用成功，返回内容长度: 130字符
2025-06-22 21:34:01,625 - INFO - 地域歧视 补充后共有 41 个关键词
2025-06-22 21:34:01,625 - INFO - 🎯 地域歧视 完成: 41/100 (41.0%)
2025-06-22 21:34:01,626 - INFO - 开始生成 歧视性内容 -> 职业歧视 的关键词
2025-06-22 21:34:01,626 - INFO - ✅ 歧视性内容-地域歧视: 41 个关键词
2025-06-22 21:34:01,626 - INFO - 📦 职业歧视 将分 3 批生成，每批 40 个
2025-06-22 21:34:01,627 - INFO - 🔄 职业歧视 - 第 1/3 批 (目标: 40个)
2025-06-22 21:34:01,627 - INFO - 🔍 API调用详情:
2025-06-22 21:34:01,627 - INFO -    URL: https://ark.cn-beijing.volces.com/api/v3/chat/completions
2025-06-22 21:34:01,628 - INFO -    Model: doubao-1-5-pro-256k-250115
2025-06-22 21:34:01,629 - INFO -    Prompt长度: 184字符
2025-06-22 21:34:01,629 - INFO -    Max Tokens: 1000
2025-06-22 21:34:01,630 - INFO - 📡 发送API请求 (尝试 1/3)...
2025-06-22 21:34:09,679 - INFO - 📡 响应状态码: 200
2025-06-22 21:34:09,680 - INFO - ✅ API调用成功，返回内容长度: 238字符
2025-06-22 21:34:09,702 - INFO - 📝 已将 39 个关键词追加到CSV: 歧视性内容-职业歧视_批次1
2025-06-22 21:34:09,702 - INFO - ✅ 第 1 批生成 39 个关键词
2025-06-22 21:34:09,702 - INFO - ⏳ 等待 3 秒后继续下一批...
2025-06-22 21:34:12,712 - INFO - 🔄 职业歧视 - 第 2/3 批 (目标: 40个)
2025-06-22 21:34:12,712 - INFO - 🔍 API调用详情:
2025-06-22 21:34:12,713 - INFO -    URL: https://ark.cn-beijing.volces.com/api/v3/chat/completions
2025-06-22 21:34:12,713 - INFO -    Model: doubao-1-5-pro-256k-250115
2025-06-22 21:34:12,713 - INFO -    Prompt长度: 270字符
2025-06-22 21:34:12,713 - INFO -    Max Tokens: 1000
2025-06-22 21:34:12,714 - INFO - 📡 发送API请求 (尝试 1/3)...
2025-06-22 21:34:19,441 - INFO - 📡 响应状态码: 200
2025-06-22 21:34:19,441 - INFO - ✅ API调用成功，返回内容长度: 241字符
2025-06-22 21:34:19,463 - INFO - 📝 已将 39 个关键词追加到CSV: 歧视性内容-职业歧视_批次2
2025-06-22 21:34:19,464 - INFO - ✅ 第 2 批生成 39 个关键词
2025-06-22 21:34:19,464 - INFO - ⏳ 等待 3 秒后继续下一批...
2025-06-22 21:34:22,472 - INFO - 🔄 职业歧视 - 第 3/3 批 (目标: 22个)
2025-06-22 21:34:22,472 - INFO - 🔍 API调用详情:
2025-06-22 21:34:22,473 - INFO -    URL: https://ark.cn-beijing.volces.com/api/v3/chat/completions
2025-06-22 21:34:22,473 - INFO -    Model: doubao-1-5-pro-256k-250115
2025-06-22 21:34:22,473 - INFO -    Prompt长度: 270字符
2025-06-22 21:34:22,474 - INFO -    Max Tokens: 1000
2025-06-22 21:34:22,474 - INFO - 📡 发送API请求 (尝试 1/3)...
2025-06-22 21:34:28,723 - INFO - 📡 响应状态码: 200
2025-06-22 21:34:28,724 - INFO - ✅ API调用成功，返回内容长度: 135字符
2025-06-22 21:34:28,741 - INFO - 📝 已将 20 个关键词追加到CSV: 歧视性内容-职业歧视_批次3
2025-06-22 21:34:28,742 - INFO - ✅ 第 3 批生成 20 个关键词
2025-06-22 21:34:28,742 - INFO - 🎯 职业歧视 完成: 98/100 (98.0%)
2025-06-22 21:34:28,742 - INFO - 开始生成 歧视性内容 -> 外貌歧视 的关键词
2025-06-22 21:34:28,743 - INFO - ✅ 歧视性内容-职业歧视: 98 个关键词
2025-06-22 21:34:28,743 - INFO - 📦 外貌歧视 将分 3 批生成，每批 40 个
2025-06-22 21:34:28,744 - INFO - 🔄 外貌歧视 - 第 1/3 批 (目标: 40个)
2025-06-22 21:34:28,744 - INFO - 🔍 API调用详情:
2025-06-22 21:34:28,744 - INFO -    URL: https://ark.cn-beijing.volces.com/api/v3/chat/completions
2025-06-22 21:34:28,745 - INFO -    Model: doubao-1-5-pro-256k-250115
2025-06-22 21:34:28,745 - INFO -    Prompt长度: 185字符
2025-06-22 21:34:28,745 - INFO -    Max Tokens: 1000
2025-06-22 21:34:28,745 - INFO - 📡 发送API请求 (尝试 1/3)...
2025-06-22 21:34:35,107 - INFO - 📡 响应状态码: 200
2025-06-22 21:34:35,108 - INFO - ✅ API调用成功，返回内容长度: 159字符
2025-06-22 21:34:35,127 - INFO - 📝 已将 40 个关键词追加到CSV: 歧视性内容-外貌歧视_批次1
2025-06-22 21:34:35,127 - INFO - ✅ 第 1 批生成 40 个关键词
2025-06-22 21:34:35,128 - INFO - ⏳ 等待 3 秒后继续下一批...
2025-06-22 21:34:38,138 - INFO - 🔄 外貌歧视 - 第 2/3 批 (目标: 40个)
2025-06-22 21:34:38,138 - INFO - 🔍 API调用详情:
2025-06-22 21:34:38,139 - INFO -    URL: https://ark.cn-beijing.volces.com/api/v3/chat/completions
2025-06-22 21:34:38,139 - INFO -    Model: doubao-1-5-pro-256k-250115
2025-06-22 21:34:38,139 - INFO -    Prompt长度: 251字符
2025-06-22 21:34:38,140 - INFO -    Max Tokens: 1000
2025-06-22 21:34:38,140 - INFO - 📡 发送API请求 (尝试 1/3)...
2025-06-22 21:34:44,120 - INFO - 📡 响应状态码: 200
2025-06-22 21:34:44,121 - INFO - ✅ API调用成功，返回内容长度: 160字符
2025-06-22 21:34:44,140 - INFO - 📝 已将 26 个关键词追加到CSV: 歧视性内容-外貌歧视_批次2
2025-06-22 21:34:44,140 - INFO - ✅ 第 2 批生成 26 个关键词
2025-06-22 21:34:44,141 - INFO - ⏳ 等待 3 秒后继续下一批...
2025-06-22 21:34:47,151 - INFO - 🔄 外貌歧视 - 第 3/3 批 (目标: 34个)
2025-06-22 21:34:47,151 - INFO - 🔍 API调用详情:
2025-06-22 21:34:47,152 - INFO -    URL: https://ark.cn-beijing.volces.com/api/v3/chat/completions
2025-06-22 21:34:47,152 - INFO -    Model: doubao-1-5-pro-256k-250115
2025-06-22 21:34:47,153 - INFO -    Prompt长度: 251字符
2025-06-22 21:34:47,153 - INFO -    Max Tokens: 1000
2025-06-22 21:34:47,153 - INFO - 📡 发送API请求 (尝试 1/3)...
2025-06-22 21:34:52,486 - INFO - 📡 响应状态码: 200
2025-06-22 21:34:52,487 - INFO - ✅ API调用成功，返回内容长度: 141字符
2025-06-22 21:34:52,508 - INFO - 📝 已将 14 个关键词追加到CSV: 歧视性内容-外貌歧视_批次3
2025-06-22 21:34:52,508 - INFO - ✅ 第 3 批生成 14 个关键词
2025-06-22 21:34:52,509 - INFO - 🎯 外貌歧视 完成: 80/100 (80.0%)
2025-06-22 21:34:52,509 - INFO - 开始生成 歧视性内容 -> 残障歧视 的关键词
2025-06-22 21:34:52,509 - INFO - ✅ 歧视性内容-外貌歧视: 80 个关键词
2025-06-22 21:34:52,509 - INFO - 📦 残障歧视 将分 3 批生成，每批 40 个
2025-06-22 21:34:52,510 - INFO - 🔄 残障歧视 - 第 1/3 批 (目标: 40个)
2025-06-22 21:34:52,510 - INFO - 🔍 API调用详情:
2025-06-22 21:34:52,511 - INFO -    URL: https://ark.cn-beijing.volces.com/api/v3/chat/completions
2025-06-22 21:34:52,511 - INFO -    Model: doubao-1-5-pro-256k-250115
2025-06-22 21:34:52,511 - INFO -    Prompt长度: 183字符
2025-06-22 21:34:52,511 - INFO -    Max Tokens: 1000
2025-06-22 21:34:52,512 - INFO - 📡 发送API请求 (尝试 1/3)...
2025-06-22 21:35:01,898 - INFO - 📡 响应状态码: 200
2025-06-22 21:35:01,899 - INFO - ✅ API调用成功，返回内容长度: 200字符
2025-06-22 21:35:01,918 - INFO - 📝 已将 41 个关键词追加到CSV: 歧视性内容-残障歧视_批次1
2025-06-22 21:35:01,919 - INFO - ✅ 第 1 批生成 41 个关键词
2025-06-22 21:35:01,919 - INFO - ⏳ 等待 3 秒后继续下一批...
2025-06-22 21:35:04,925 - INFO - 🔄 残障歧视 - 第 2/3 批 (目标: 40个)
2025-06-22 21:35:04,925 - INFO - 🔍 API调用详情:
2025-06-22 21:35:04,926 - INFO -    URL: https://ark.cn-beijing.volces.com/api/v3/chat/completions
2025-06-22 21:35:04,926 - INFO -    Model: doubao-1-5-pro-256k-250115
2025-06-22 21:35:04,927 - INFO -    Prompt长度: 263字符
2025-06-22 21:35:04,927 - INFO -    Max Tokens: 1000
2025-06-22 21:35:04,928 - INFO - 📡 发送API请求 (尝试 1/3)...
2025-06-22 21:35:13,873 - INFO - 📡 响应状态码: 200
2025-06-22 21:35:13,874 - INFO - ✅ API调用成功，返回内容长度: 199字符
2025-06-22 21:35:13,894 - INFO - 📝 已将 37 个关键词追加到CSV: 歧视性内容-残障歧视_批次2
2025-06-22 21:35:13,894 - INFO - ✅ 第 2 批生成 37 个关键词
2025-06-22 21:35:13,895 - INFO - ⏳ 等待 3 秒后继续下一批...
2025-06-22 21:35:16,905 - INFO - 🔄 残障歧视 - 第 3/3 批 (目标: 22个)
2025-06-22 21:35:16,905 - INFO - 🔍 API调用详情:
2025-06-22 21:35:16,906 - INFO -    URL: https://ark.cn-beijing.volces.com/api/v3/chat/completions
2025-06-22 21:35:16,906 - INFO -    Model: doubao-1-5-pro-256k-250115
2025-06-22 21:35:16,906 - INFO -    Prompt长度: 263字符
2025-06-22 21:35:16,906 - INFO -    Max Tokens: 1000
2025-06-22 21:35:16,907 - INFO - 📡 发送API请求 (尝试 1/3)...
2025-06-22 21:35:21,865 - INFO - 📡 响应状态码: 200
2025-06-22 21:35:21,865 - INFO - ✅ API调用成功，返回内容长度: 109字符
2025-06-22 21:35:21,900 - INFO - 📝 已将 19 个关键词追加到CSV: 歧视性内容-残障歧视_批次3
2025-06-22 21:35:21,900 - INFO - ✅ 第 3 批生成 19 个关键词
2025-06-22 21:35:21,901 - INFO - 🎯 残障歧视 完成: 97/100 (97.0%)
2025-06-22 21:35:21,901 - INFO - 开始生成 歧视性内容 -> 教育歧视 的关键词
2025-06-22 21:35:21,901 - INFO - ✅ 歧视性内容-残障歧视: 97 个关键词
2025-06-22 21:35:21,902 - INFO - 📦 教育歧视 将分 3 批生成，每批 40 个
2025-06-22 21:35:21,902 - INFO - 🔄 教育歧视 - 第 1/3 批 (目标: 40个)
2025-06-22 21:35:21,903 - INFO - 🔍 API调用详情:
2025-06-22 21:35:21,903 - INFO -    URL: https://ark.cn-beijing.volces.com/api/v3/chat/completions
2025-06-22 21:35:21,903 - INFO -    Model: doubao-1-5-pro-256k-250115
2025-06-22 21:35:21,903 - INFO -    Prompt长度: 184字符
2025-06-22 21:35:21,904 - INFO -    Max Tokens: 1000
2025-06-22 21:35:21,904 - INFO - 📡 发送API请求 (尝试 1/3)...
2025-06-22 21:35:29,552 - INFO - 📡 响应状态码: 200
2025-06-22 21:35:29,553 - INFO - ✅ API调用成功，返回内容长度: 253字符
2025-06-22 21:35:30,319 - INFO - 📝 已将 42 个关键词追加到CSV: 歧视性内容-教育歧视_批次1
2025-06-22 21:35:30,320 - INFO - ✅ 第 1 批生成 42 个关键词
2025-06-22 21:35:30,320 - INFO - ⏳ 等待 3 秒后继续下一批...
2025-06-22 21:35:33,324 - INFO - 🔄 教育歧视 - 第 2/3 批 (目标: 40个)
2025-06-22 21:35:33,324 - INFO - 🔍 API调用详情:
2025-06-22 21:35:33,325 - INFO -    URL: https://ark.cn-beijing.volces.com/api/v3/chat/completions
2025-06-22 21:35:33,325 - INFO -    Model: doubao-1-5-pro-256k-250115
2025-06-22 21:35:33,325 - INFO -    Prompt长度: 273字符
2025-06-22 21:35:33,326 - INFO -    Max Tokens: 1000
2025-06-22 21:35:33,326 - INFO - 📡 发送API请求 (尝试 1/3)...
2025-06-22 21:35:43,218 - INFO - 📡 响应状态码: 200
2025-06-22 21:35:43,218 - INFO - ✅ API调用成功，返回内容长度: 290字符
2025-06-22 21:35:43,239 - INFO - 📝 已将 38 个关键词追加到CSV: 歧视性内容-教育歧视_批次2
2025-06-22 21:35:43,240 - INFO - ✅ 第 2 批生成 38 个关键词
2025-06-22 21:35:43,240 - INFO - ⏳ 等待 3 秒后继续下一批...
2025-06-22 21:35:46,249 - INFO - 🔄 教育歧视 - 第 3/3 批 (目标: 20个)
2025-06-22 21:35:46,249 - INFO - 🔍 API调用详情:
2025-06-22 21:35:46,250 - INFO -    URL: https://ark.cn-beijing.volces.com/api/v3/chat/completions
2025-06-22 21:35:46,250 - INFO -    Model: doubao-1-5-pro-256k-250115
2025-06-22 21:35:46,251 - INFO -    Prompt长度: 273字符
2025-06-22 21:35:46,251 - INFO -    Max Tokens: 1000
2025-06-22 21:35:46,251 - INFO - 📡 发送API请求 (尝试 1/3)...
2025-06-22 21:35:51,223 - INFO - 📡 响应状态码: 200
2025-06-22 21:35:51,223 - INFO - ✅ API调用成功，返回内容长度: 143字符
2025-06-22 21:35:51,469 - INFO - 📝 已将 16 个关键词追加到CSV: 歧视性内容-教育歧视_批次3
2025-06-22 21:35:51,469 - INFO - ✅ 第 3 批生成 16 个关键词
2025-06-22 21:35:51,470 - INFO - 🎯 教育歧视 完成: 96/100 (96.0%)
2025-06-22 21:35:51,470 - INFO - 开始生成 歧视性内容 -> 经济歧视 的关键词
2025-06-22 21:35:51,470 - INFO - ✅ 歧视性内容-教育歧视: 96 个关键词
2025-06-22 21:35:51,471 - INFO - 📦 经济歧视 将分 3 批生成，每批 40 个
2025-06-22 21:35:51,471 - INFO - 🔄 经济歧视 - 第 1/3 批 (目标: 40个)
2025-06-22 21:35:51,471 - INFO - 🔍 API调用详情:
2025-06-22 21:35:51,472 - INFO -    URL: https://ark.cn-beijing.volces.com/api/v3/chat/completions
2025-06-22 21:35:51,472 - INFO -    Model: doubao-1-5-pro-256k-250115
2025-06-22 21:35:51,472 - INFO -    Prompt长度: 184字符
2025-06-22 21:35:51,473 - INFO -    Max Tokens: 1000
2025-06-22 21:35:51,473 - INFO - 📡 发送API请求 (尝试 1/3)...
2025-06-22 21:35:59,849 - INFO - 📡 响应状态码: 200
2025-06-22 21:35:59,850 - INFO - ✅ API调用成功，返回内容长度: 245字符
2025-06-22 21:35:59,870 - INFO - 📝 已将 40 个关键词追加到CSV: 歧视性内容-经济歧视_批次1
2025-06-22 21:35:59,870 - INFO - ✅ 第 1 批生成 40 个关键词
2025-06-22 21:35:59,871 - INFO - ⏳ 等待 3 秒后继续下一批...
2025-06-22 21:36:02,883 - INFO - 🔄 经济歧视 - 第 2/3 批 (目标: 40个)
2025-06-22 21:36:02,883 - INFO - 🔍 API调用详情:
2025-06-22 21:36:02,883 - INFO -    URL: https://ark.cn-beijing.volces.com/api/v3/chat/completions
2025-06-22 21:36:02,884 - INFO -    Model: doubao-1-5-pro-256k-250115
2025-06-22 21:36:02,884 - INFO -    Prompt长度: 270字符
2025-06-22 21:36:02,884 - INFO -    Max Tokens: 1000
2025-06-22 21:36:02,885 - INFO - 📡 发送API请求 (尝试 1/3)...
2025-06-22 21:36:11,299 - INFO - 📡 响应状态码: 200
2025-06-22 21:36:11,299 - INFO - ✅ API调用成功，返回内容长度: 252字符
2025-06-22 21:36:11,318 - INFO - 📝 已将 36 个关键词追加到CSV: 歧视性内容-经济歧视_批次2
2025-06-22 21:36:11,318 - INFO - ✅ 第 2 批生成 36 个关键词
2025-06-22 21:36:11,318 - INFO - ⏳ 等待 3 秒后继续下一批...
2025-06-22 21:36:14,331 - INFO - 🔄 经济歧视 - 第 3/3 批 (目标: 24个)
2025-06-22 21:36:14,331 - INFO - 🔍 API调用详情:
2025-06-22 21:36:14,332 - INFO -    URL: https://ark.cn-beijing.volces.com/api/v3/chat/completions
2025-06-22 21:36:14,332 - INFO -    Model: doubao-1-5-pro-256k-250115
2025-06-22 21:36:14,332 - INFO -    Prompt长度: 270字符
2025-06-22 21:36:14,332 - INFO -    Max Tokens: 1000
2025-06-22 21:36:14,333 - INFO - 📡 发送API请求 (尝试 1/3)...
2025-06-22 21:36:22,154 - INFO - 📡 响应状态码: 200
2025-06-22 21:36:22,154 - INFO - ✅ API调用成功，返回内容长度: 142字符
2025-06-22 21:36:22,174 - INFO - 📝 已将 15 个关键词追加到CSV: 歧视性内容-经济歧视_批次3
2025-06-22 21:36:22,175 - INFO - ✅ 第 3 批生成 15 个关键词
2025-06-22 21:36:22,175 - INFO - 🎯 经济歧视 完成: 91/100 (91.0%)
2025-06-22 21:36:22,176 - INFO - ✅ 歧视性内容-经济歧视: 91 个关键词
2025-06-22 21:36:22,176 - INFO - 关键词生成完成，耗时: 891.65秒
2025-06-22 21:36:22,177 - INFO - 开始验证关键词质量
2025-06-22 21:36:22,178 - INFO - 质量验证完成，总关键词数: 1861
2025-06-22 21:36:22,178 - WARNING - 发现 4 个质量问题
2025-06-22 21:36:22,188 - INFO - 开始验证关键词质量
2025-06-22 21:36:22,189 - INFO - 质量验证完成，总关键词数: 1861
2025-06-22 21:36:22,189 - WARNING - 发现 4 个质量问题
2025-06-22 21:36:22,190 - INFO - 关键词已保存:
2025-06-22 21:36:22,191 - INFO -   JSON: safety_keywords\safety_keywords_20250622_213622.json
2025-06-22 21:36:22,191 - INFO -   CSV: safety_keywords\safety_keywords_20250622_213622.csv
2025-06-22 21:36:22,191 - INFO -   报告: safety_keywords\generation_report_20250622_213622.txt
